2014-12-08 11:19:08,363 INFO RPC interface 'supervisor' initialized
2014-12-08 11:19:08,363 CRIT Server 'inet_http_server' running without any HTTP authentication checking
2014-12-08 11:19:08,364 INFO RPC interface 'supervisor' initialized
2014-12-08 11:19:08,364 CRIT Server 'unix_http_server' running without any HTTP authentication checking
2014-12-08 11:19:08,364 INFO daemonizing the supervisord process
2014-12-08 11:19:08,365 INFO supervisord started with pid 5742
2014-12-08 11:19:09,367 INFO spawned: 'test:test_2' with pid 5747
2014-12-08 11:19:09,369 INFO spawned: 'test:test_1' with pid 5748
2014-12-08 11:19:09,371 INFO spawned: 'test:test_0' with pid 5749
2014-12-08 11:19:09,373 INFO spawned: 'monhelper' with pid 5750
2014-12-08 11:19:09,375 INFO spawned: 'script:test_0' with pid 5751
2014-12-08 11:19:10,383 INFO success: test:test_2 entered RUNNING state, process has stayed up for > than 1 seconds (startsecs)
2014-12-08 11:19:10,383 INFO success: test:test_1 entered RUNNING state, process has stayed up for > than 1 seconds (startsecs)
2014-12-08 11:19:10,383 INFO success: test:test_0 entered RUNNING state, process has stayed up for > than 1 seconds (startsecs)
2014-12-08 11:19:10,383 INFO success: monhelper entered RUNNING state, process has stayed up for > than 1 seconds (startsecs)
2014-12-08 11:19:10,383 INFO success: script:test_0 entered RUNNING state, process has stayed up for > than 1 seconds (startsecs)
2014-12-08 11:20:30,580 INFO stopped: test:test_2 (terminated by SIGTERM)
2014-12-08 11:20:30,580 INFO stopped: test:test_1 (terminated by SIGTERM)
2014-12-08 11:20:31,467 INFO stopped: test:test_0 (terminated by SIGTERM)
2014-12-08 11:20:32,464 INFO stopped: monhelper (terminated by SIGTERM)
2014-12-08 11:20:33,464 INFO stopped: script:test_0 (terminated by SIGTERM)
2014-12-08 11:21:01,106 WARN received SIGTERM indicating exit request
