2014-07-19 10:32:39-0700 [-] Log opened.
2014-07-19 10:32:39-0700 [-] twistd 14.0.0 (/Users/jathan/sandbox/virtualenvs/trig/bin/python2.7 2.7.6) starting up.
2014-07-19 10:32:39-0700 [-] reactor class: twisted.internet.selectreactor.SelectReactor.
2014-07-19 10:32:39-0700 [-] Failed to unlink PID file:
	Traceback (most recent call last):
	Failure: exceptions.OSError: [Errno 2] No such file or directory: '/var/run/trigger-xmlrpc.pid'
	
2014-07-19 10:32:39-0700 [-] Traceback (most recent call last):
2014-07-19 10:32:39-0700 [-]   File "/Users/jathan/sandbox/virtualenvs/trig/bin/twistd", line 14, in <module>
2014-07-19 10:32:39-0700 [-]     run()
2014-07-19 10:32:39-0700 [-]   File "/Users/jathan/sandbox/virtualenvs/trig/lib/python2.7/site-packages/twisted/scripts/twistd.py", line 27, in run
2014-07-19 10:32:39-0700 [-]     app.run(runApp, ServerOptions)
2014-07-19 10:32:39-0700 [-]   File "/Users/jathan/sandbox/virtualenvs/trig/lib/python2.7/site-packages/twisted/application/app.py", line 642, in run
2014-07-19 10:32:39-0700 [-]     runApp(config)
2014-07-19 10:32:39-0700 [-]   File "/Users/jathan/sandbox/virtualenvs/trig/lib/python2.7/site-packages/twisted/scripts/twistd.py", line 23, in runApp
2014-07-19 10:32:39-0700 [-]     _SomeApplicationRunner(config).run()
2014-07-19 10:32:39-0700 [-]   File "/Users/jathan/sandbox/virtualenvs/trig/lib/python2.7/site-packages/twisted/application/app.py", line 380, in run
2014-07-19 10:32:39-0700 [-]     self.postApplication()
2014-07-19 10:32:39-0700 [-]   File "/Users/jathan/sandbox/virtualenvs/trig/lib/python2.7/site-packages/twisted/scripts/_twistd_unix.py", line 193, in postApplication
2014-07-19 10:32:39-0700 [-]     self.startApplication(self.application)
2014-07-19 10:32:39-0700 [-]   File "/Users/jathan/sandbox/virtualenvs/trig/lib/python2.7/site-packages/twisted/scripts/_twistd_unix.py", line 379, in startApplication
2014-07-19 10:32:39-0700 [-]     self.config['pidfile'])
2014-07-19 10:32:39-0700 [-]   File "/Users/jathan/sandbox/virtualenvs/trig/lib/python2.7/site-packages/twisted/scripts/_twistd_unix.py", line 270, in setupEnvironment
2014-07-19 10:32:39-0700 [-]     f = open(pidfile, 'wb')
2014-07-19 10:32:39-0700 [-] IOError: [Errno 13] Permission denied: '/var/run/trigger-xmlrpc.pid'
2014-07-19 10:33:05-0700 [-] Log opened.
2014-07-19 10:33:05-0700 [-] twistd 14.0.0 (/Users/jathan/sandbox/virtualenvs/trig/bin/python2.7 2.7.6) starting up.
2014-07-19 10:33:05-0700 [-] reactor class: twisted.internet.selectreactor.SelectReactor.
2014-07-19 10:33:05-0700 [-] Site (TLS) starting on 8000
2014-07-19 10:33:05-0700 [-] Starting factory <twisted.web.server.Site instance at 0x109445d40>
2014-07-19 10:33:05-0700 [-] ConchFactory starting on 8001
2014-07-19 10:33:05-0700 [-] Starting factory <twisted.conch.manhole_ssh.ConchFactory instance at 0x109445f80>
2014-07-19 10:36:35-0700 [twisted.conch.manhole_ssh.ConchFactory] disabling diffie-hellman-group-exchange because we cannot find moduli file
2014-07-19 10:36:38-0700 [SSHServerTransport,0,127.0.0.1] connection lost
2014-07-19 10:36:49-0700 [-] Received SIGTERM, shutting down.
2014-07-19 10:36:49-0700 [-] (TCP Port 8001 Closed)
2014-07-19 10:36:49-0700 [-] Stopping factory <twisted.conch.manhole_ssh.ConchFactory instance at 0x109445f80>
2014-07-19 10:36:49-0700 [-] (TLS Port 8000 Closed)
2014-07-19 10:36:49-0700 [-] Stopping factory <twisted.web.server.Site instance at 0x109445d40>
2014-07-19 10:36:49-0700 [-] Main loop terminated.
2014-07-19 10:36:49-0700 [-] Failed to unlink PID file:
	Traceback (most recent call last):
	Failure: exceptions.OSError: [Errno 2] No such file or directory: '/Users/jathan/sandbox/netops/trigger/examples/xmlrpc_server/twistd.pid'
	
2014-07-19 10:36:49-0700 [-] Server Shut Down.
2014-07-19 10:37:16-0700 [-] Log opened.
2014-07-19 10:37:16-0700 [-] twistd 14.0.0 (/Users/jathan/sandbox/virtualenvs/trig/bin/python2.7 2.7.6) starting up.
2014-07-19 10:37:16-0700 [-] reactor class: twisted.internet.selectreactor.SelectReactor.
2014-07-19 10:37:16-0700 [-] Site (TLS) starting on 9000
2014-07-19 10:37:16-0700 [-] Starting factory <twisted.web.server.Site instance at 0x110209d40>
2014-07-19 10:37:16-0700 [-] ConchFactory starting on 9001
2014-07-19 10:37:16-0700 [-] Starting factory <twisted.conch.manhole_ssh.ConchFactory instance at 0x110209f80>
2014-07-20 21:34:20-0700 [HTTPChannel (TLSMemoryBIOProtocol),7,192.168.195.147] LOOKING UP: change_passwords
2014-07-20 21:34:20-0700 [HTTPChannel (TLSMemoryBIOProtocol),7,192.168.195.147] "192.168.195.147" - - [21/Jul/2014:04:34:20 +0000] "POST / HTTP/1.1" 200 294 "-" "xmlrpclib.py/1.0.1 (by www.pythonware.com)"
