2014-07-19 10:36:13-0700 [-] Log opened.
2014-07-19 10:36:13-0700 [-] twistd 14.0.0 (/Users/jathan/sandbox/virtualenvs/trig/bin/python2.7 2.7.6) starting up.
2014-07-19 10:36:13-0700 [-] reactor class: twisted.internet.selectreactor.SelectReactor.
2014-07-19 10:36:13-0700 [-] Site (TLS) starting on 9000
2014-07-19 10:36:13-0700 [-] Starting factory <twisted.web.server.Site instance at 0x110c9bcb0>
2014-07-19 10:36:13-0700 [-] Traceback (most recent call last):
2014-07-19 10:36:13-0700 [-]   File "/Users/jathan/sandbox/virtualenvs/trig/bin/twistd", line 14, in <module>
2014-07-19 10:36:13-0700 [-]     run()
2014-07-19 10:36:13-0700 [-]   File "/Users/jathan/sandbox/virtualenvs/trig/lib/python2.7/site-packages/twisted/scripts/twistd.py", line 27, in run
2014-07-19 10:36:13-0700 [-]     app.run(runApp, ServerOptions)
2014-07-19 10:36:13-0700 [-]   File "/Users/jathan/sandbox/virtualenvs/trig/lib/python2.7/site-packages/twisted/application/app.py", line 642, in run
2014-07-19 10:36:13-0700 [-]     runApp(config)
2014-07-19 10:36:13-0700 [-]   File "/Users/jathan/sandbox/virtualenvs/trig/lib/python2.7/site-packages/twisted/scripts/twistd.py", line 23, in runApp
2014-07-19 10:36:13-0700 [-]     _SomeApplicationRunner(config).run()
2014-07-19 10:36:13-0700 [-]   File "/Users/jathan/sandbox/virtualenvs/trig/lib/python2.7/site-packages/twisted/application/app.py", line 380, in run
2014-07-19 10:36:13-0700 [-]     self.postApplication()
2014-07-19 10:36:13-0700 [-]   File "/Users/jathan/sandbox/virtualenvs/trig/lib/python2.7/site-packages/twisted/scripts/_twistd_unix.py", line 193, in postApplication
2014-07-19 10:36:13-0700 [-]     self.startApplication(self.application)
2014-07-19 10:36:13-0700 [-]   File "/Users/jathan/sandbox/virtualenvs/trig/lib/python2.7/site-packages/twisted/scripts/_twistd_unix.py", line 381, in startApplication
2014-07-19 10:36:13-0700 [-]     service.IService(application).privilegedStartService()
2014-07-19 10:36:13-0700 [-]   File "/Users/jathan/sandbox/virtualenvs/trig/lib/python2.7/site-packages/twisted/application/service.py", line 277, in privilegedStartService
2014-07-19 10:36:13-0700 [-]     service.privilegedStartService()
2014-07-19 10:36:13-0700 [-]   File "/Users/jathan/sandbox/virtualenvs/trig/lib/python2.7/site-packages/twisted/application/service.py", line 277, in privilegedStartService
2014-07-19 10:36:13-0700 [-]     service.privilegedStartService()
2014-07-19 10:36:13-0700 [-]   File "/Users/jathan/sandbox/virtualenvs/trig/lib/python2.7/site-packages/twisted/application/service.py", line 277, in privilegedStartService
2014-07-19 10:36:13-0700 [-]     service.privilegedStartService()
2014-07-19 10:36:13-0700 [-]   File "/Users/jathan/sandbox/virtualenvs/trig/lib/python2.7/site-packages/twisted/application/internet.py", line 367, in privilegedStartService
2014-07-19 10:36:13-0700 [-]     raisedNow[0].raiseException()
2014-07-19 10:36:13-0700 [-]   File "<string>", line 2, in raiseException
2014-07-19 10:36:13-0700 [-] twisted.internet.error.CannotListenError: Couldn't listen on any:8001: [Errno 48] Address already in use.
