# webservice log file
2014-04-25-07:54:33 verify
2014-04-25-07:54:50 live
2014-04-25-07:58:36 verify
2014-04-25-07:58:42 verify
2014-04-25-07:59:10 verify
2014-04-25-08:09:12 verify
2014-04-25-08:20:11 verify
2014-04-25-08:22:57 verify
2014-04-25-08:24:29 verify
2014-04-25-08:24:47 verify
2014-04-25-08:27:17 verify
2014-04-25-08:27:38 verify
2014-04-25-08:30:39 verify
2014-04-25-08:30:56 live
2014-04-25-08:31:43 live
2014-04-25-08:33:08 live
2014-04-25-08:33:13 live
2014-04-25-08:34:42 live
2014-04-25-08:41:32 live
2014-04-25-08:42:34 live
2014-04-25-08:42:46 live
2014-04-25-08:43:03 live
2014-04-25-08:44:25 live
2014-04-25-08:45:31 live
2014-04-25-08:48:41 live
2014-04-25-08:49:24 live
2014-04-25-08:54:48 live
2014-04-25-08:54:54 forecast
2014-04-25-08:56:11 live
2014-04-25-08:56:17 forecast
2014-04-25-08:58:36 live
2014-04-25-08:58:43 forecast
2014-04-25-08:59:10 live
2014-04-25-08:59:17 forecast
2014-04-25-09:03:15 live
2014-04-25-09:03:26 forecast
2014-04-26-09:00:57 live
2014-04-26-09:07:07 live
2014-04-26-09:07:17 forecast
2014-04-26-09:11:30 live
2014-04-26-09:15:10 live
2014-04-26-09:15:31 forecast
2014-04-27-13:59:55 live
2014-10-30-14:26:18 live
2014-10-30-14:28:02 verify
2014-10-30-16:10:37 forecast
2014-10-30-16:11:53 forecast
2014-10-30-16:18:53 simpleforecast
2014-10-30-16:23:57 forecast
2014-10-30-16:30:55 forecast
2014-10-30-16:39:18 forecast
2014-10-30-16:40:29 forecast
2014-10-30-17:42:40 forecast
2014-10-30-17:45:02 forecast
2014-10-30-17:45:17 forecast
2014-10-30-17:49:50 verify
2014-10-30-17:50:45 live
2014-10-30-18:38:46 verify
2014-10-30-18:59:07 forecast
2014-10-30-21:33:42 forecast
2014-10-30-21:45:05 live
2014-10-30-21:46:21 live
2014-10-30-21:46:41 live
2014-10-30-21:49:01 live
2014-10-30-21:49:51 live
2014-10-30-21:51:59 live
2014-10-30-21:53:04 live
2014-10-30-21:53:25 live
