2013-02-04 17:02:09+0100 [scrapy] INFO: Scrapy 0.14.4 started (bot: open_news)
2013-02-04 17:02:09+0100 [scrapy] DEBUG: Enabled extensions: LogStats, TelnetConsole, CloseSpider, WebService, CoreStats, SpiderState
2013-02-04 10:02:09-0600 [scrapy] DEBUG: Enabled downloader middlewares: HttpAuthMiddleware, DownloadTimeoutMiddleware, UserAgentMiddleware, RetryMiddleware, DefaultHeadersMiddleware, RedirectMiddleware, CookiesMiddleware, HttpCompressionMiddleware, ChunkedTransferMiddleware, DownloaderStats
2013-02-04 10:02:09-0600 [scrapy] DEBUG: Enabled spider middlewares: HttpErrorMiddleware, OffsiteMiddleware, RefererMiddleware, UrlLengthMiddleware, DepthMiddleware
2013-02-04 10:02:09-0600 [scrapy] DEBUG: Enabled item pipelines: DjangoImagesPipeline, ValidationPipeline, DjangoWriterPipeline
2013-02-04 10:02:09-0600 [article_spider] INFO: Runtime config: run_type TASK, do_action True
2013-02-04 10:02:09-0600 [article_spider] INFO: Spider for NewsWebsite "Wikinews" (1) initialized.
2013-02-04 10:02:09-0600 [article_spider] INFO: Spider opened
2013-02-04 10:02:09-0600 [article_spider] INFO: Crawled 0 pages (at 0 pages/min), scraped 0 items (at 0 items/min)
2013-02-04 10:02:09-0600 [scrapy] DEBUG: Telnet console listening on 0.0.0.0:6023
2013-02-04 10:02:09-0600 [scrapy] DEBUG: Web service listening on 0.0.0.0:6080
2013-02-04 10:02:12-0600 [article_spider] DEBUG: Crawled (200) <GET http://en.wikinews.org/wiki/Main_Page> (referer: None)
2013-02-04 10:02:12-0600 [article_spider] INFO: Starting to crawl item 1.
2013-02-04 10:02:12-0600 [article_spider] DEBUG: description         'Friday night the Canberra Capitals women's basketball team defeated Townsville Fire 76–68 in a bruising encounter at the AIS Arena.'
2013-02-04 10:02:12-0600 [article_spider] DEBUG: url                 'http://en.wikinews.org/wiki/Canberra_Capitals_extinguish_the_Fire,_76%E2%80%9368'
2013-02-04 10:02:12-0600 [article_spider] DEBUG: thumbnail           'http://upload.wikimedia.org/wikipedia/commons/thumb/9/92/Capitals_1-2-13_008.JPG/150px-Capitals_1-2-13_008.JPG'
2013-02-04 10:02:12-0600 [article_spider] INFO: Starting to crawl item 2.
2013-02-04 10:02:12-0600 [article_spider] DEBUG: description         'A number of suicides as a result of self-inflicted gunshot wounds took place around the United States this week with reports of deaths in Arizona, California, Indiana, Maryland, New Jersey, New York, Nevada, Ohio, South Carolina and Washington.'
2013-02-04 10:02:12-0600 [article_spider] DEBUG: url                 'http://en.wikinews.org/wiki/Reports_of_at_least_fourteen_dead_this_week_due_to_gun-related_suicides_in_the_United_States'
2013-02-04 10:02:12-0600 [article_spider] DEBUG: thumbnail           'http://upload.wikimedia.org/wikipedia/commons/thumb/a/ad/Decatur_County_Courthouse_version_2.jpg/100px-Decatur_County_Courthouse_version_2.jpg'
2013-02-04 10:02:12-0600 [article_spider] INFO: Starting to crawl item 3.
2013-02-04 10:02:12-0600 [article_spider] DEBUG: description         'Five men have pleaded not guilty to the accused rape and murder of a 23-year-old Delhi student.'
2013-02-04 10:02:12-0600 [article_spider] DEBUG: url                 'http://en.wikinews.org/wiki/Five_accused_of_Delhi_gang_rape_and_murder_plead_not_guilty'
2013-02-04 10:02:12-0600 [article_spider] DEBUG: thumbnail           'http://upload.wikimedia.org/wikipedia/commons/thumb/5/56/Delhi_protests-India_Raped%2C_says_one_young_woman%27s_sign.jpg/100px-Delhi_protests-India_Raped%2C_says_one_young_woman%27s_sign.jpg'
2013-02-04 10:02:12-0600 [article_spider] INFO: Starting to crawl item 4.
2013-02-04 10:02:12-0600 [article_spider] DEBUG: description         'United States of America snowmobile racer Caleb Moore died Thursday morning at age 25 after he had been seriously injured in an accident during the Winter X Games XVII.'
2013-02-04 10:02:12-0600 [article_spider] DEBUG: url                 'http://en.wikinews.org/wiki/Snowmobiler_Caleb_Moore_dies_from_injuries_sustained_during_the_Winter_X_Games_XVII'
2013-02-04 10:02:12-0600 [article_spider] DEBUG: thumbnail           'http://upload.wikimedia.org/wikipedia/commons/thumb/a/a4/Flag_of_the_United_States.svg/100px-Flag_of_the_United_States.svg.png'
2013-02-04 10:02:12-0600 [article_spider] INFO: Starting to crawl item 5.
2013-02-04 10:02:12-0600 [article_spider] DEBUG: description         'An unidentified assailant shot at politician and Armenian presidential candidate Paruyr Hayrikyan and wounded him on a street in Yerevan, the capital city of Armenia.'
2013-02-04 10:02:12-0600 [article_spider] DEBUG: url                 'http://en.wikinews.org/wiki/Armenian_presidential_elections_at_stake_after_attack_on_candidate'
2013-02-04 10:02:12-0600 [article_spider] DEBUG: thumbnail           'http://upload.wikimedia.org/wikipedia/commons/thumb/a/ab/LocationArmenia.png/100px-LocationArmenia.png'
2013-02-04 10:02:12-0600 [article_spider] DEBUG: Crawled (200) <GET http://en.wikinews.org/wiki/Canberra_Capitals_extinguish_the_Fire,_76%E2%80%9368> (referer: http://en.wikinews.org/wiki/Main_Page)
2013-02-04 10:02:12-0600 [article_spider] DEBUG: title               'Canberra Capitals extinguish the Fire, 76–68'
2013-02-04 10:02:12-0600 [article_spider] DEBUG: Crawled (200) <GET http://en.wikinews.org/wiki/Reports_of_at_least_fourteen_dead_this_week_due_to_gun-related_suicides_in_the_United_States> (referer: http://en.wikinews.org/wiki/Main_Page)
2013-02-04 10:02:12-0600 [article_spider] DEBUG: title               'Reports of at least fourteen dead this week due to gun-related suicides in the United States'
2013-02-04 10:02:12-0600 [article_spider] DEBUG: Crawled (200) <GET http://en.wikinews.org/wiki/Armenian_presidential_elections_at_stake_after_attack_on_candidate> (referer: http://en.wikinews.org/wiki/Main_Page)
2013-02-04 10:02:12-0600 [article_spider] DEBUG: title               'Armenian presidential elections at stake after attack on candidate'
2013-02-04 10:02:12-0600 [article_spider] DEBUG: Crawled (200) <GET http://en.wikinews.org/wiki/Snowmobiler_Caleb_Moore_dies_from_injuries_sustained_during_the_Winter_X_Games_XVII> (referer: http://en.wikinews.org/wiki/Main_Page)
2013-02-04 10:02:12-0600 [article_spider] DEBUG: title               'Snowmobiler Caleb Moore dies from injuries sustained during the Winter X Games XVII'
2013-02-04 10:02:13-0600 [article_spider] DEBUG: Crawled (200) <GET http://upload.wikimedia.org/wikipedia/commons/thumb/a/ad/Decatur_County_Courthouse_version_2.jpg/100px-Decatur_County_Courthouse_version_2.jpg> (referer: None)
2013-02-04 10:02:13-0600 [article_spider] DEBUG: Image (downloaded): Downloaded image from <GET http://upload.wikimedia.org/wikipedia/commons/thumb/a/ad/Decatur_County_Courthouse_version_2.jpg/100px-Decatur_County_Courthouse_version_2.jpg> referred in <None>
2013-02-04 10:02:13-0600 [article_spider] INFO: Item saved.
2013-02-04 10:02:13-0600 [article_spider] DEBUG: Scraped from <200 http://en.wikinews.org/wiki/Reports_of_at_least_fourteen_dead_this_week_due_to_gun-related_suicides_in_the_United_States>
	{'checker_runtime': <SchedulerRuntime: 7>,
	 u'description': u'A number of suicides as a result of self-inflicted gunshot wounds took place around the United States this week with reports of deaths in Arizona, California, Indiana, Maryland, New Jersey, New York, Nevada, Ohio, South Carolina and Washington.',
	 'news_website': <NewsWebsite: Wikinews>,
	 u'thumbnail': 'aef4c3eb70bfc2efa13e3fdb26c1dacbd262fad9.jpg',
	 u'title': u'Reports of at least fourteen dead this week due to gun-related suicides in the United States',
	 u'url': u'http://en.wikinews.org/wiki/Reports_of_at_least_fourteen_dead_this_week_due_to_gun-related_suicides_in_the_United_States'}
2013-02-04 10:02:13-0600 [article_spider] DEBUG: Crawled (200) <GET http://upload.wikimedia.org/wikipedia/commons/thumb/a/ab/LocationArmenia.png/100px-LocationArmenia.png> (referer: None)
2013-02-04 10:02:13-0600 [article_spider] DEBUG: Image (downloaded): Downloaded image from <GET http://upload.wikimedia.org/wikipedia/commons/thumb/a/ab/LocationArmenia.png/100px-LocationArmenia.png> referred in <None>
2013-02-04 10:02:13-0600 [article_spider] INFO: Item saved.
2013-02-04 10:02:13-0600 [article_spider] DEBUG: Scraped from <200 http://en.wikinews.org/wiki/Armenian_presidential_elections_at_stake_after_attack_on_candidate>
	{'checker_runtime': <SchedulerRuntime: 8>,
	 u'description': u'An unidentified assailant shot at politician and Armenian presidential candidate Paruyr Hayrikyan and wounded him on a street in Yerevan, the capital city of Armenia.',
	 'news_website': <NewsWebsite: Wikinews>,
	 u'thumbnail': '61c887977a0093e9347f1354288ca33a3f05ad06.jpg',
	 u'title': u'Armenian presidential elections at stake after attack on candidate',
	 u'url': u'http://en.wikinews.org/wiki/Armenian_presidential_elections_at_stake_after_attack_on_candidate'}
2013-02-04 10:02:13-0600 [article_spider] DEBUG: Crawled (200) <GET http://upload.wikimedia.org/wikipedia/commons/thumb/a/a4/Flag_of_the_United_States.svg/100px-Flag_of_the_United_States.svg.png> (referer: None)
2013-02-04 10:02:13-0600 [article_spider] DEBUG: Image (downloaded): Downloaded image from <GET http://upload.wikimedia.org/wikipedia/commons/thumb/a/a4/Flag_of_the_United_States.svg/100px-Flag_of_the_United_States.svg.png> referred in <None>
2013-02-04 10:02:13-0600 [article_spider] DEBUG: Crawled (200) <GET http://upload.wikimedia.org/wikipedia/commons/thumb/9/92/Capitals_1-2-13_008.JPG/150px-Capitals_1-2-13_008.JPG> (referer: None)
2013-02-04 10:02:13-0600 [article_spider] DEBUG: Image (downloaded): Downloaded image from <GET http://upload.wikimedia.org/wikipedia/commons/thumb/9/92/Capitals_1-2-13_008.JPG/150px-Capitals_1-2-13_008.JPG> referred in <None>
2013-02-04 10:02:13-0600 [article_spider] INFO: Item saved.
2013-02-04 10:02:13-0600 [article_spider] DEBUG: Scraped from <200 http://en.wikinews.org/wiki/Snowmobiler_Caleb_Moore_dies_from_injuries_sustained_during_the_Winter_X_Games_XVII>
	{'checker_runtime': <SchedulerRuntime: 9>,
	 u'description': u'United States of America snowmobile racer Caleb Moore died Thursday morning at age 25 after he had been seriously injured in an accident during the Winter X Games XVII.',
	 'news_website': <NewsWebsite: Wikinews>,
	 u'thumbnail': '460d801e3cd43a90e92d1e6d288ee81f95b0303c.jpg',
	 u'title': u'Snowmobiler Caleb Moore dies from injuries sustained during the Winter X Games XVII',
	 u'url': u'http://en.wikinews.org/wiki/Snowmobiler_Caleb_Moore_dies_from_injuries_sustained_during_the_Winter_X_Games_XVII'}
2013-02-04 10:02:13-0600 [article_spider] INFO: Item saved.
2013-02-04 10:02:13-0600 [article_spider] DEBUG: Scraped from <200 http://en.wikinews.org/wiki/Canberra_Capitals_extinguish_the_Fire,_76%E2%80%9368>
	{'checker_runtime': <SchedulerRuntime: 10>,
	 u'description': u"Friday night the Canberra Capitals women's basketball team defeated Townsville Fire 76\u201368 in a bruising encounter at the AIS Arena.",
	 'news_website': <NewsWebsite: Wikinews>,
	 u'thumbnail': 'c678f63930d91f44c67a256ec80f4f4b1230f385.jpg',
	 u'title': u'Canberra Capitals extinguish the Fire, 76\u201368',
	 u'url': u'http://en.wikinews.org/wiki/Canberra_Capitals_extinguish_the_Fire,_76%E2%80%9368'}
2013-02-04 10:02:13-0600 [article_spider] DEBUG: Crawled (200) <GET http://en.wikinews.org/wiki/Five_accused_of_Delhi_gang_rape_and_murder_plead_not_guilty> (referer: http://en.wikinews.org/wiki/Main_Page)
2013-02-04 10:02:13-0600 [article_spider] DEBUG: title               'Five accused of Delhi gang rape and murder plead not guilty'
2013-02-04 10:02:13-0600 [article_spider] DEBUG: Crawled (200) <GET http://upload.wikimedia.org/wikipedia/commons/thumb/5/56/Delhi_protests-India_Raped%2C_says_one_young_woman%27s_sign.jpg/100px-Delhi_protests-India_Raped%2C_says_one_young_woman%27s_sign.jpg> (referer: None)
2013-02-04 10:02:13-0600 [article_spider] DEBUG: Image (downloaded): Downloaded image from <GET http://upload.wikimedia.org/wikipedia/commons/thumb/5/56/Delhi_protests-India_Raped%2C_says_one_young_woman%27s_sign.jpg/100px-Delhi_protests-India_Raped%2C_says_one_young_woman%27s_sign.jpg> referred in <None>
2013-02-04 10:02:13-0600 [article_spider] INFO: Item saved.
2013-02-04 10:02:13-0600 [article_spider] DEBUG: Scraped from <200 http://en.wikinews.org/wiki/Five_accused_of_Delhi_gang_rape_and_murder_plead_not_guilty>
	{'checker_runtime': <SchedulerRuntime: 11>,
	 u'description': u'Five men have pleaded not guilty to the accused rape and murder of a 23-year-old Delhi student.',
	 'news_website': <NewsWebsite: Wikinews>,
	 u'thumbnail': 'c27380c09d607609568ad15bec59fd4dfd9dcffe.jpg',
	 u'title': u'Five accused of Delhi gang rape and murder plead not guilty',
	 u'url': u'http://en.wikinews.org/wiki/Five_accused_of_Delhi_gang_rape_and_murder_plead_not_guilty'}
2013-02-04 10:02:13-0600 [article_spider] INFO: Closing spider (finished)
2013-02-04 10:02:13-0600 [article_spider] INFO: Scheduler runtime updated (Next action time: 2013-02-04 11:02, Next action factor: 5.917, Zero actions: 0)
2013-02-04 10:02:13-0600 [article_spider] INFO: Dumping spider stats:
	{'downloader/request_bytes': 3386,
	 'downloader/request_count': 11,
	 'downloader/request_method_count/GET': 11,
	 'downloader/response_bytes': 107544,
	 'downloader/response_count': 11,
	 'downloader/response_status_count/200': 11,
	 'finish_reason': 'finished',
	 'finish_time': datetime.datetime(2013, 2, 4, 16, 2, 13, 653410),
	 'image_count': 5,
	 'image_status_count/downloaded': 5,
	 'item_scraped_count': 5,
	 'request_depth_max': 1,
	 'scheduler/memory_enqueued': 6,
	 'start_time': datetime.datetime(2013, 2, 4, 16, 2, 9, 798187)}
2013-02-04 10:02:13-0600 [article_spider] INFO: Spider closed (finished)
2013-02-04 10:02:13-0600 [scrapy] INFO: Dumping global stats:
	{}
