2012-09-26 13:25:41+0200 [scrapy] INFO: Scrapy 0.14.4 started (bot: open_news)
2012-09-26 13:25:41+0200 [scrapy] DEBUG: Enabled extensions: LogStats, TelnetConsole, CloseSpider, WebService, CoreStats, SpiderState
2012-09-26 06:25:42-0500 [scrapy] DEBUG: Enabled downloader middlewares: HttpAuthMiddleware, DownloadTimeoutMiddleware, UserAgentMiddleware, RetryMiddleware, DefaultHeadersMiddleware, RedirectMiddleware, CookiesMiddleware, HttpCompressionMiddleware, ChunkedTransferMiddleware, DownloaderStats
2012-09-26 06:25:42-0500 [scrapy] DEBUG: Enabled spider middlewares: HttpErrorMiddleware, OffsiteMiddleware, RefererMiddleware, UrlLengthMiddleware, DepthMiddleware
2012-09-26 06:25:42-0500 [scrapy] DEBUG: Enabled item pipelines: DjangoImagesPipeline, ValidationPipeline, DjangoWriterPipeline
2012-09-26 06:25:42-0500 [article_spider] INFO: Runtime config: run_type TASK, do_action True
2012-09-26 06:25:42-0500 [article_spider] INFO: Spider for NewsWebsite "Wikinews" (1) initialized.
2012-09-26 06:25:42-0500 [article_spider] INFO: Spider opened
2012-09-26 06:25:42-0500 [article_spider] INFO: Crawled 0 pages (at 0 pages/min), scraped 0 items (at 0 items/min)
2012-09-26 06:25:42-0500 [scrapy] DEBUG: Telnet console listening on 0.0.0.0:6023
2012-09-26 06:25:42-0500 [scrapy] DEBUG: Web service listening on 0.0.0.0:6080
2012-09-26 06:25:43-0500 [article_spider] DEBUG: Crawled (200) <GET http://en.wikinews.org/wiki/Main_Page> (referer: None)
2012-09-26 06:25:43-0500 [article_spider] INFO: Starting to crawl item 1.
2012-09-26 06:25:43-0500 [article_spider] DEBUG: description         'George Entwistle has become the new Director-General of the BBC, replacing Mark Thompson, who had held the position since 2004.'
2012-09-26 06:25:43-0500 [article_spider] DEBUG: url                 'http://en.wikinews.org/wiki/George_Entwistle_becomes_new_BBC_director_general'
2012-09-26 06:25:43-0500 [article_spider] DEBUG: thumbnail           'http://upload.wikimedia.org/wikipedia/commons/thumb/e/eb/BBC.svg/150px-BBC.svg.png'
2012-09-26 06:25:43-0500 [article_spider] INFO: Starting to crawl item 2.
2012-09-26 06:25:43-0500 [article_spider] DEBUG: description         'The Ethiopian Parliament has sworn in Hailemariam Desalegn as the new prime minister on Friday, following the death of Prime Minister Meles Zenawi on August 20, 2012.'
2012-09-26 06:25:43-0500 [article_spider] DEBUG: url                 'http://en.wikinews.org/wiki/Hailemariam_Desalegn_sworn_in_as_Ethiopia%27s_prime_minister'
2012-09-26 06:25:43-0500 [article_spider] DEBUG: thumbnail           'http://upload.wikimedia.org/wikipedia/commons/thumb/c/c4/Hailemariam_Desalegn_-_Closing_Plenary-_Africa%27s_Next_Chapter_-_World_Economic_Forum_on_Africa_2011.jpg/67px-Hailemariam_Desalegn_-_Closing_Plenary-_Africa%27s_Next_Chapter_-_World_Economic_Forum_on_Africa_2011.jpg'
2012-09-26 06:25:43-0500 [article_spider] INFO: Starting to crawl item 3.
2012-09-26 06:25:43-0500 [article_spider] DEBUG: description         'Strathclyde Police have arrested a 19-year-old man in relation to a reported incident of a boy, aged four, being sexually assaulted in the toilet of an Asda supermarket in the town of Clydebank in West Dunbartonshire, Scotland.'
2012-09-26 06:25:43-0500 [article_spider] DEBUG: url                 'http://en.wikinews.org/wiki/Scottish_police_arrest_man_over_child_sexual_assault_in_Clydebank_supermarket'
2012-09-26 06:25:43-0500 [article_spider] DEBUG: thumbnail           'http://upload.wikimedia.org/wikipedia/commons/thumb/3/37/Scotland_West_Dunbartonshire.png/70px-Scotland_West_Dunbartonshire.png'
2012-09-26 06:25:43-0500 [article_spider] INFO: Starting to crawl item 4.
2012-09-26 06:25:43-0500 [article_spider] DEBUG: description         'Friday saw U.S. President Barack Obama issue a proclamation making the south-western Colorado site of Chimney Rock a national monument.'
2012-09-26 06:25:43-0500 [article_spider] DEBUG: url                 'http://en.wikinews.org/wiki/U.S._President_creates_Chimney_Rock_National_Monument'
2012-09-26 06:25:43-0500 [article_spider] DEBUG: thumbnail           'http://upload.wikimedia.org/wikipedia/commons/thumb/1/19/View_of_Chimney_Rock_Colorado.JPG/100px-View_of_Chimney_Rock_Colorado.JPG'
2012-09-26 06:25:43-0500 [article_spider] INFO: Starting to crawl item 5.
2012-09-26 06:25:43-0500 [article_spider] DEBUG: description         'The Supreme Court of Pennsylvania voted to send back to the state's lower courts a case that may decide the future of a law that requires voters to show photo ID in order to vote in the November elections.'
2012-09-26 06:25:43-0500 [article_spider] DEBUG: url                 'http://en.wikinews.org/wiki/Pennsylvania_courts_to_decide_on_controversial_voter_ID_law'
2012-09-26 06:25:43-0500 [article_spider] DEBUG: thumbnail           'http://upload.wikimedia.org/wikipedia/commons/thumb/7/71/Pennsylvania_State_Capitol_Supreme_Court.jpg/100px-Pennsylvania_State_Capitol_Supreme_Court.jpg'
2012-09-26 06:25:43-0500 [article_spider] DEBUG: Crawled (200) <GET http://en.wikinews.org/wiki/George_Entwistle_becomes_new_BBC_director_general> (referer: http://en.wikinews.org/wiki/Main_Page)
2012-09-26 06:25:43-0500 [article_spider] DEBUG: title               'George Entwistle becomes new BBC director general'
2012-09-26 06:25:43-0500 [article_spider] DEBUG: Image (uptodate): Downloaded image from <http://upload.wikimedia.org/wikipedia/commons/thumb/e/eb/BBC.svg/150px-BBC.svg.png> referred in <None>
2012-09-26 06:25:43-0500 [article_spider] INFO: Item saved.
2012-09-26 06:25:43-0500 [article_spider] DEBUG: Scraped from <200 http://en.wikinews.org/wiki/George_Entwistle_becomes_new_BBC_director_general>
	{'checker_runtime': <SchedulerRuntime: 2>,
	 u'description': u'George Entwistle has become the new Director-General of the BBC, replacing Mark Thompson, who had held the position since 2004.',
	 'news_website': <NewsWebsite: Wikinews>,
	 u'thumbnail': 'e2c6b7837a9148aaa47ede614fef841e8b94b4b9.jpg',
	 u'title': u'George Entwistle becomes new BBC director general',
	 u'url': u'http://en.wikinews.org/wiki/George_Entwistle_becomes_new_BBC_director_general'}
2012-09-26 06:25:43-0500 [article_spider] DEBUG: Crawled (200) <GET http://en.wikinews.org/wiki/Hailemariam_Desalegn_sworn_in_as_Ethiopia%27s_prime_minister> (referer: http://en.wikinews.org/wiki/Main_Page)
2012-09-26 06:25:43-0500 [article_spider] DEBUG: title               'Hailemariam Desalegn sworn in as Ethiopia's prime minister'
2012-09-26 06:25:43-0500 [article_spider] DEBUG: Image (uptodate): Downloaded image from <http://upload.wikimedia.org/wikipedia/commons/thumb/c/c4/Hailemariam_Desalegn_-_Closing_Plenary-_Africa%27s_Next_Chapter_-_World_Economic_Forum_on_Africa_2011.jpg/67px-Hailemariam_Desalegn_-_Closing_Plenary-_Africa%27s_Next_Chapter_-_World_Economic_Forum_on_Africa_2011.jpg> referred in <None>
2012-09-26 06:25:43-0500 [article_spider] INFO: Item saved.
2012-09-26 06:25:43-0500 [article_spider] DEBUG: Scraped from <200 http://en.wikinews.org/wiki/Hailemariam_Desalegn_sworn_in_as_Ethiopia%27s_prime_minister>
	{'checker_runtime': <SchedulerRuntime: 3>,
	 u'description': u'The Ethiopian Parliament has sworn in Hailemariam Desalegn as the new prime minister on Friday, following the death of Prime Minister Meles Zenawi on August 20, 2012.',
	 'news_website': <NewsWebsite: Wikinews>,
	 u'thumbnail': 'b2b41ce0503c556255aaea0e65ee8713940cf394.jpg',
	 u'title': u"Hailemariam Desalegn sworn in as Ethiopia's prime minister",
	 u'url': u'http://en.wikinews.org/wiki/Hailemariam_Desalegn_sworn_in_as_Ethiopia%27s_prime_minister'}
2012-09-26 06:25:43-0500 [article_spider] DEBUG: Crawled (200) <GET http://en.wikinews.org/wiki/Scottish_police_arrest_man_over_child_sexual_assault_in_Clydebank_supermarket> (referer: http://en.wikinews.org/wiki/Main_Page)
2012-09-26 06:25:43-0500 [article_spider] DEBUG: title               'Scottish police arrest man over child sexual assault in Clydebank supermarket'
2012-09-26 06:25:43-0500 [article_spider] DEBUG: Crawled (200) <GET http://en.wikinews.org/wiki/Pennsylvania_courts_to_decide_on_controversial_voter_ID_law> (referer: http://en.wikinews.org/wiki/Main_Page)
2012-09-26 06:25:44-0500 [article_spider] DEBUG: Image (uptodate): Downloaded image from <http://upload.wikimedia.org/wikipedia/commons/thumb/3/37/Scotland_West_Dunbartonshire.png/70px-Scotland_West_Dunbartonshire.png> referred in <None>
2012-09-26 06:25:44-0500 [article_spider] DEBUG: title               'Pennsylvania courts to decide on controversial voter ID law'
2012-09-26 06:25:44-0500 [article_spider] INFO: Item saved.
2012-09-26 06:25:44-0500 [article_spider] DEBUG: Scraped from <200 http://en.wikinews.org/wiki/Scottish_police_arrest_man_over_child_sexual_assault_in_Clydebank_supermarket>
	{'checker_runtime': <SchedulerRuntime: 4>,
	 u'description': u'Strathclyde Police have arrested a 19-year-old man in relation to a reported incident of a boy, aged four, being sexually assaulted in the toilet of an Asda supermarket in the town of Clydebank in West Dunbartonshire, Scotland.',
	 'news_website': <NewsWebsite: Wikinews>,
	 u'thumbnail': '75a0b84b4bb91eb15fb4b9444eab6f665dcf34e4.jpg',
	 u'title': u'Scottish police arrest man over child sexual assault in Clydebank supermarket',
	 u'url': u'http://en.wikinews.org/wiki/Scottish_police_arrest_man_over_child_sexual_assault_in_Clydebank_supermarket'}
2012-09-26 06:25:44-0500 [article_spider] DEBUG: Image (uptodate): Downloaded image from <http://upload.wikimedia.org/wikipedia/commons/thumb/7/71/Pennsylvania_State_Capitol_Supreme_Court.jpg/100px-Pennsylvania_State_Capitol_Supreme_Court.jpg> referred in <None>
2012-09-26 06:25:44-0500 [article_spider] DEBUG: Crawled (200) <GET http://en.wikinews.org/wiki/U.S._President_creates_Chimney_Rock_National_Monument> (referer: http://en.wikinews.org/wiki/Main_Page)
2012-09-26 06:25:44-0500 [article_spider] INFO: Item saved.
2012-09-26 06:25:44-0500 [article_spider] DEBUG: Scraped from <200 http://en.wikinews.org/wiki/Pennsylvania_courts_to_decide_on_controversial_voter_ID_law>
	{'checker_runtime': <SchedulerRuntime: 5>,
	 u'description': u"The Supreme Court of Pennsylvania voted to send back to the state's lower courts a case that may decide the future of a law that requires voters to show photo ID in order to vote in the November elections.",
	 'news_website': <NewsWebsite: Wikinews>,
	 u'thumbnail': 'feef358413ad89f3a2f2aa611b386bd4531f213e.jpg',
	 u'title': u'Pennsylvania courts to decide on controversial voter ID law',
	 u'url': u'http://en.wikinews.org/wiki/Pennsylvania_courts_to_decide_on_controversial_voter_ID_law'}
2012-09-26 06:25:44-0500 [article_spider] DEBUG: title               'U.S. President creates Chimney Rock National Monument'
2012-09-26 06:25:44-0500 [article_spider] DEBUG: Image (uptodate): Downloaded image from <http://upload.wikimedia.org/wikipedia/commons/thumb/1/19/View_of_Chimney_Rock_Colorado.JPG/100px-View_of_Chimney_Rock_Colorado.JPG> referred in <None>
2012-09-26 06:25:44-0500 [article_spider] INFO: Item saved.
2012-09-26 06:25:44-0500 [article_spider] DEBUG: Scraped from <200 http://en.wikinews.org/wiki/U.S._President_creates_Chimney_Rock_National_Monument>
	{'checker_runtime': <SchedulerRuntime: 6>,
	 u'description': u'Friday saw U.S. President Barack Obama issue a proclamation making the south-western Colorado site of Chimney Rock a national monument.',
	 'news_website': <NewsWebsite: Wikinews>,
	 u'thumbnail': 'f014a96b36cd424a00b379e55f91e88e842aafc6.jpg',
	 u'title': u'U.S. President creates Chimney Rock National Monument',
	 u'url': u'http://en.wikinews.org/wiki/U.S._President_creates_Chimney_Rock_National_Monument'}
2012-09-26 06:25:44-0500 [article_spider] INFO: Closing spider (finished)
2012-09-26 06:25:44-0500 [article_spider] INFO: Scheduler runtime updated (Next action time: 2012-09-26 08:09, Next action factor: 7.692, Zero actions: 0)
2012-09-26 06:25:44-0500 [article_spider] INFO: Dumping spider stats:
	{'downloader/request_bytes': 1777,
	 'downloader/request_count': 6,
	 'downloader/request_method_count/GET': 6,
	 'downloader/response_bytes': 81018,
	 'downloader/response_count': 6,
	 'downloader/response_status_count/200': 6,
	 'finish_reason': 'finished',
	 'finish_time': datetime.datetime(2012, 9, 26, 11, 25, 44, 168726),
	 'image_count': 5,
	 'image_status_count/uptodate': 5,
	 'item_scraped_count': 5,
	 'request_depth_max': 1,
	 'scheduler/memory_enqueued': 6,
	 'start_time': datetime.datetime(2012, 9, 26, 11, 25, 42, 636378)}
2012-09-26 06:25:44-0500 [article_spider] INFO: Spider closed (finished)
2012-09-26 06:25:44-0500 [scrapy] INFO: Dumping global stats:
	{}
