This file contains any messages produced by compilers while
running configure, to aid debugging if configure makes a mistake.

It was created by gumbo configure 1.0, which was
generated by GNU Autoconf 2.69.  Invocation command line was

  $ ./configure 

## --------- ##
## Platform. ##
## --------- ##

hostname = jdtang-pangolin
uname -m = x86_64
uname -r = 3.13.0-35-generic
uname -s = Linux
uname -v = #62-Ubuntu SMP Fri Aug 15 01:58:42 UTC 2014

/usr/bin/uname -p = unknown
/bin/uname -X     = unknown

/bin/arch              = unknown
/usr/bin/arch -k       = unknown
/usr/convex/getsysinfo = unknown
/usr/bin/hostinfo      = unknown
/bin/machine           = unknown
/usr/bin/oslevel       = unknown
/bin/universe          = unknown

PATH: /usr/local/sbin
PATH: /usr/local/bin
PATH: /usr/sbin
PATH: /usr/bin
PATH: /sbin
PATH: /bin
PATH: /usr/games
PATH: /usr/local/games


## ----------- ##
## Core tests. ##
## ----------- ##

configure:2461: checking for g++
configure:2477: found /usr/bin/g++
configure:2488: result: g++
configure:2515: checking for C++ compiler version
configure:2524: g++ --version >&5
g++ (Ubuntu 4.8.2-19ubuntu1) 4.8.2
Copyright (C) 2013 Free Software Foundation, Inc.
This is free software; see the source for copying conditions.  There is NO
warranty; not even for MERCHANTABILITY or FITNESS FOR A PARTICULAR PURPOSE.

configure:2535: $? = 0
configure:2524: g++ -v >&5
Using built-in specs.
COLLECT_GCC=g++
COLLECT_LTO_WRAPPER=/usr/lib/gcc/x86_64-linux-gnu/4.8/lto-wrapper
Target: x86_64-linux-gnu
Configured with: ../src/configure -v --with-pkgversion='Ubuntu 4.8.2-19ubuntu1' --with-bugurl=file:///usr/share/doc/gcc-4.8/README.Bugs --enable-languages=c,c++,java,go,d,fortran,objc,obj-c++ --prefix=/usr --program-suffix=-4.8 --enable-shared --enable-linker-build-id --libexecdir=/usr/lib --without-included-gettext --enable-threads=posix --with-gxx-include-dir=/usr/include/c++/4.8 --libdir=/usr/lib --enable-nls --with-sysroot=/ --enable-clocale=gnu --enable-libstdcxx-debug --enable-libstdcxx-time=yes --enable-gnu-unique-object --disable-libmudflap --enable-plugin --with-system-zlib --disable-browser-plugin --enable-java-awt=gtk --enable-gtk-cairo --with-java-home=/usr/lib/jvm/java-1.5.0-gcj-4.8-amd64/jre --enable-java-home --with-jvm-root-dir=/usr/lib/jvm/java-1.5.0-gcj-4.8-amd64 --with-jvm-jar-dir=/usr/lib/jvm-exports/java-1.5.0-gcj-4.8-amd64 --with-arch-directory=amd64 --with-ecj-jar=/usr/share/java/eclipse-ecj.jar --enable-objc-gc --enable-multiarch --disable-werror --with-arch-32=i686 --with-abi=m64 --with-multilib-list=m32,m64,mx32 --with-tune=generic --enable-checking=release --build=x86_64-linux-gnu --host=x86_64-linux-gnu --target=x86_64-linux-gnu
Thread model: posix
gcc version 4.8.2 (Ubuntu 4.8.2-19ubuntu1) 
configure:2535: $? = 0
configure:2524: g++ -V >&5
g++: error: unrecognized command line option '-V'
g++: fatal error: no input files
compilation terminated.
configure:2535: $? = 4
configure:2524: g++ -qversion >&5
g++: error: unrecognized command line option '-qversion'
g++: fatal error: no input files
compilation terminated.
configure:2535: $? = 4
configure:2555: checking whether the C++ compiler works
configure:2577: g++    conftest.cpp  >&5
configure:2581: $? = 0
configure:2629: result: yes
configure:2632: checking for C++ compiler default output file name
configure:2634: result: a.out
configure:2640: checking for suffix of executables
configure:2647: g++ -o conftest    conftest.cpp  >&5
configure:2651: $? = 0
configure:2673: result: 
configure:2695: checking whether we are cross compiling
configure:2703: g++ -o conftest    conftest.cpp  >&5
configure:2707: $? = 0
configure:2714: ./conftest
configure:2718: $? = 0
configure:2733: result: no
configure:2738: checking for suffix of object files
configure:2760: g++ -c   conftest.cpp >&5
configure:2764: $? = 0
configure:2785: result: o
configure:2789: checking whether we are using the GNU C++ compiler
configure:2808: g++ -c   conftest.cpp >&5
configure:2808: $? = 0
configure:2817: result: yes
configure:2826: checking whether g++ accepts -g
configure:2846: g++ -c -g  conftest.cpp >&5
configure:2846: $? = 0
configure:2887: result: yes
configure:2961: checking for gcc
configure:2977: found /usr/bin/gcc
configure:2988: result: gcc
configure:3217: checking for C compiler version
configure:3226: gcc --version >&5
gcc (Ubuntu 4.8.2-19ubuntu1) 4.8.2
Copyright (C) 2013 Free Software Foundation, Inc.
This is free software; see the source for copying conditions.  There is NO
warranty; not even for MERCHANTABILITY or FITNESS FOR A PARTICULAR PURPOSE.

configure:3237: $? = 0
configure:3226: gcc -v >&5
Using built-in specs.
COLLECT_GCC=gcc
COLLECT_LTO_WRAPPER=/usr/lib/gcc/x86_64-linux-gnu/4.8/lto-wrapper
Target: x86_64-linux-gnu
Configured with: ../src/configure -v --with-pkgversion='Ubuntu 4.8.2-19ubuntu1' --with-bugurl=file:///usr/share/doc/gcc-4.8/README.Bugs --enable-languages=c,c++,java,go,d,fortran,objc,obj-c++ --prefix=/usr --program-suffix=-4.8 --enable-shared --enable-linker-build-id --libexecdir=/usr/lib --without-included-gettext --enable-threads=posix --with-gxx-include-dir=/usr/include/c++/4.8 --libdir=/usr/lib --enable-nls --with-sysroot=/ --enable-clocale=gnu --enable-libstdcxx-debug --enable-libstdcxx-time=yes --enable-gnu-unique-object --disable-libmudflap --enable-plugin --with-system-zlib --disable-browser-plugin --enable-java-awt=gtk --enable-gtk-cairo --with-java-home=/usr/lib/jvm/java-1.5.0-gcj-4.8-amd64/jre --enable-java-home --with-jvm-root-dir=/usr/lib/jvm/java-1.5.0-gcj-4.8-amd64 --with-jvm-jar-dir=/usr/lib/jvm-exports/java-1.5.0-gcj-4.8-amd64 --with-arch-directory=amd64 --with-ecj-jar=/usr/share/java/eclipse-ecj.jar --enable-objc-gc --enable-multiarch --disable-werror --with-arch-32=i686 --with-abi=m64 --with-multilib-list=m32,m64,mx32 --with-tune=generic --enable-checking=release --build=x86_64-linux-gnu --host=x86_64-linux-gnu --target=x86_64-linux-gnu
Thread model: posix
gcc version 4.8.2 (Ubuntu 4.8.2-19ubuntu1) 
configure:3237: $? = 0
configure:3226: gcc -V >&5
gcc: error: unrecognized command line option '-V'
gcc: fatal error: no input files
compilation terminated.
configure:3237: $? = 4
configure:3226: gcc -qversion >&5
gcc: error: unrecognized command line option '-qversion'
gcc: fatal error: no input files
compilation terminated.
configure:3237: $? = 4
configure:3241: checking whether we are using the GNU C compiler
configure:3260: gcc -c   conftest.c >&5
configure:3260: $? = 0
configure:3269: result: yes
configure:3278: checking whether gcc accepts -g
configure:3298: gcc -c -g  conftest.c >&5
configure:3298: $? = 0
configure:3339: result: yes
configure:3356: checking for gcc option to accept ISO C89
configure:3419: gcc  -c -g -O2  conftest.c >&5
configure:3419: $? = 0
configure:3432: result: none needed
configure:3457: checking whether gcc understands -c and -o together
configure:3479: gcc -c conftest.c -o conftest2.o
configure:3482: $? = 0
configure:3479: gcc -c conftest.c -o conftest2.o
configure:3482: $? = 0
configure:3494: result: yes
configure:3511: checking for gcc option to accept ISO C99
configure:3660: gcc  -c -g -O2  conftest.c >&5
conftest.c:59:29: error: expected ';', ',' or ')' before 'text'
 test_restrict (ccp restrict text)
                             ^
conftest.c: In function 'main':
conftest.c:113:18: error: expected '=', ',', ';', 'asm' or '__attribute__' before 'newvar'
   char *restrict newvar = "Another string";
                  ^
conftest.c:113:18: error: 'newvar' undeclared (first use in this function)
conftest.c:113:18: note: each undeclared identifier is reported only once for each function it appears in
conftest.c:123:3: error: 'for' loop initial declarations are only allowed in C99 mode
   for (int i = 0; i < ia->datasize; ++i)
   ^
conftest.c:123:3: note: use option -std=c99 or -std=gnu99 to compile your code
configure:3660: $? = 1
configure: failed program was:
| /* confdefs.h */
| #define PACKAGE_NAME "gumbo"
| #define PACKAGE_TARNAME "gumbo"
| #define PACKAGE_VERSION "1.0"
| #define PACKAGE_STRING "gumbo 1.0"
| #define PACKAGE_BUGREPORT "jdtang@google.com"
| #define PACKAGE_URL ""
| /* end confdefs.h.  */
| #include <stdarg.h>
| #include <stdbool.h>
| #include <stdlib.h>
| #include <wchar.h>
| #include <stdio.h>
| 
| // Check varargs macros.  These examples are taken from C99 6.10.3.5.
| #define debug(...) fprintf (stderr, __VA_ARGS__)
| #define showlist(...) puts (#__VA_ARGS__)
| #define report(test,...) ((test) ? puts (#test) : printf (__VA_ARGS__))
| static void
| test_varargs_macros (void)
| {
|   int x = 1234;
|   int y = 5678;
|   debug ("Flag");
|   debug ("X = %d\n", x);
|   showlist (The first, second, and third items.);
|   report (x>y, "x is %d but y is %d", x, y);
| }
| 
| // Check long long types.
| #define BIG64 18446744073709551615ull
| #define BIG32 4294967295ul
| #define BIG_OK (BIG64 / BIG32 == 4294967297ull && BIG64 % BIG32 == 0)
| #if !BIG_OK
|   your preprocessor is broken;
| #endif
| #if BIG_OK
| #else
|   your preprocessor is broken;
| #endif
| static long long int bignum = -9223372036854775807LL;
| static unsigned long long int ubignum = BIG64;
| 
| struct incomplete_array
| {
|   int datasize;
|   double data[];
| };
| 
| struct named_init {
|   int number;
|   const wchar_t *name;
|   double average;
| };
| 
| typedef const char *ccp;
| 
| static inline int
| test_restrict (ccp restrict text)
| {
|   // See if C++-style comments work.
|   // Iterate through items via the restricted pointer.
|   // Also check for declarations in for loops.
|   for (unsigned int i = 0; *(text+i) != '\0'; ++i)
|     continue;
|   return 0;
| }
| 
| // Check varargs and va_copy.
| static void
| test_varargs (const char *format, ...)
| {
|   va_list args;
|   va_start (args, format);
|   va_list args_copy;
|   va_copy (args_copy, args);
| 
|   const char *str;
|   int number;
|   float fnumber;
| 
|   while (*format)
|     {
|       switch (*format++)
| 	{
| 	case 's': // string
| 	  str = va_arg (args_copy, const char *);
| 	  break;
| 	case 'd': // int
| 	  number = va_arg (args_copy, int);
| 	  break;
| 	case 'f': // float
| 	  fnumber = va_arg (args_copy, double);
| 	  break;
| 	default:
| 	  break;
| 	}
|     }
|   va_end (args_copy);
|   va_end (args);
| }
| 
| int
| main ()
| {
| 
|   // Check bool.
|   _Bool success = false;
| 
|   // Check restrict.
|   if (test_restrict ("String literal") == 0)
|     success = true;
|   char *restrict newvar = "Another string";
| 
|   // Check varargs.
|   test_varargs ("s, d' f .", "string", 65, 34.234);
|   test_varargs_macros ();
| 
|   // Check flexible array members.
|   struct incomplete_array *ia =
|     malloc (sizeof (struct incomplete_array) + (sizeof (double) * 10));
|   ia->datasize = 10;
|   for (int i = 0; i < ia->datasize; ++i)
|     ia->data[i] = i * 1.234;
| 
|   // Check named initializers.
|   struct named_init ni = {
|     .number = 34,
|     .name = L"Test wide string",
|     .average = 543.34343,
|   };
| 
|   ni.number = 58;
| 
|   int dynamic_array[ni.number];
|   dynamic_array[ni.number - 1] = 543;
| 
|   // work around unused variable warnings
|   return (!success || bignum == 0LL || ubignum == 0uLL || newvar[0] == 'x'
| 	  || dynamic_array[ni.number - 1] != 543);
| 
|   ;
|   return 0;
| }
configure:3660: gcc -std=gnu99 -c -g -O2  conftest.c >&5
configure:3660: $? = 0
configure:3680: result: -std=gnu99
configure:3698: checking how to run the C preprocessor
configure:3729: gcc -std=gnu99 -E  conftest.c
configure:3729: $? = 0
configure:3743: gcc -std=gnu99 -E  conftest.c
conftest.c:9:28: fatal error: ac_nonexistent.h: No such file or directory
 #include <ac_nonexistent.h>
                            ^
compilation terminated.
configure:3743: $? = 1
configure: failed program was:
| /* confdefs.h */
| #define PACKAGE_NAME "gumbo"
| #define PACKAGE_TARNAME "gumbo"
| #define PACKAGE_VERSION "1.0"
| #define PACKAGE_STRING "gumbo 1.0"
| #define PACKAGE_BUGREPORT "jdtang@google.com"
| #define PACKAGE_URL ""
| /* end confdefs.h.  */
| #include <ac_nonexistent.h>
configure:3768: result: gcc -std=gnu99 -E
configure:3788: gcc -std=gnu99 -E  conftest.c
configure:3788: $? = 0
configure:3802: gcc -std=gnu99 -E  conftest.c
conftest.c:9:28: fatal error: ac_nonexistent.h: No such file or directory
 #include <ac_nonexistent.h>
                            ^
compilation terminated.
configure:3802: $? = 1
configure: failed program was:
| /* confdefs.h */
| #define PACKAGE_NAME "gumbo"
| #define PACKAGE_TARNAME "gumbo"
| #define PACKAGE_VERSION "1.0"
| #define PACKAGE_STRING "gumbo 1.0"
| #define PACKAGE_BUGREPORT "jdtang@google.com"
| #define PACKAGE_URL ""
| /* end confdefs.h.  */
| #include <ac_nonexistent.h>
configure:3831: checking for grep that handles long lines and -e
configure:3889: result: /bin/grep
configure:3894: checking for egrep
configure:3956: result: /bin/grep -E
configure:3961: checking for ANSI C header files
configure:3981: gcc -std=gnu99 -c -g -O2  conftest.c >&5
configure:3981: $? = 0
configure:4054: gcc -std=gnu99 -o conftest -g -O2   conftest.c  >&5
configure:4054: $? = 0
configure:4054: ./conftest
configure:4054: $? = 0
configure:4065: result: yes
configure:4078: checking for sys/types.h
configure:4078: gcc -std=gnu99 -c -g -O2  conftest.c >&5
configure:4078: $? = 0
configure:4078: result: yes
configure:4078: checking for sys/stat.h
configure:4078: gcc -std=gnu99 -c -g -O2  conftest.c >&5
configure:4078: $? = 0
configure:4078: result: yes
configure:4078: checking for stdlib.h
configure:4078: gcc -std=gnu99 -c -g -O2  conftest.c >&5
configure:4078: $? = 0
configure:4078: result: yes
configure:4078: checking for string.h
configure:4078: gcc -std=gnu99 -c -g -O2  conftest.c >&5
configure:4078: $? = 0
configure:4078: result: yes
configure:4078: checking for memory.h
configure:4078: gcc -std=gnu99 -c -g -O2  conftest.c >&5
configure:4078: $? = 0
configure:4078: result: yes
configure:4078: checking for strings.h
configure:4078: gcc -std=gnu99 -c -g -O2  conftest.c >&5
configure:4078: $? = 0
configure:4078: result: yes
configure:4078: checking for inttypes.h
configure:4078: gcc -std=gnu99 -c -g -O2  conftest.c >&5
configure:4078: $? = 0
configure:4078: result: yes
configure:4078: checking for stdint.h
configure:4078: gcc -std=gnu99 -c -g -O2  conftest.c >&5
configure:4078: $? = 0
configure:4078: result: yes
configure:4078: checking for unistd.h
configure:4078: gcc -std=gnu99 -c -g -O2  conftest.c >&5
configure:4078: $? = 0
configure:4078: result: yes
configure:4093: checking stddef.h usability
configure:4093: gcc -std=gnu99 -c -g -O2  conftest.c >&5
configure:4093: $? = 0
configure:4093: result: yes
configure:4093: checking stddef.h presence
configure:4093: gcc -std=gnu99 -E  conftest.c
configure:4093: $? = 0
configure:4093: result: yes
configure:4093: checking for stddef.h
configure:4093: result: yes
configure:4093: checking for stdlib.h
configure:4093: result: yes
configure:4093: checking for string.h
configure:4093: result: yes
configure:4093: checking for strings.h
configure:4093: result: yes
configure:4105: checking for inline
configure:4121: gcc -std=gnu99 -c -g -O2  conftest.c >&5
configure:4121: $? = 0
configure:4129: result: inline
configure:4147: checking for size_t
configure:4147: gcc -std=gnu99 -c -g -O2  conftest.c >&5
configure:4147: $? = 0
configure:4147: gcc -std=gnu99 -c -g -O2  conftest.c >&5
conftest.c: In function 'main':
conftest.c:59:21: error: expected expression before ')' token
 if (sizeof ((size_t)))
                     ^
configure:4147: $? = 1
configure: failed program was:
| /* confdefs.h */
| #define PACKAGE_NAME "gumbo"
| #define PACKAGE_TARNAME "gumbo"
| #define PACKAGE_VERSION "1.0"
| #define PACKAGE_STRING "gumbo 1.0"
| #define PACKAGE_BUGREPORT "jdtang@google.com"
| #define PACKAGE_URL ""
| #define STDC_HEADERS 1
| #define HAVE_SYS_TYPES_H 1
| #define HAVE_SYS_STAT_H 1
| #define HAVE_STDLIB_H 1
| #define HAVE_STRING_H 1
| #define HAVE_MEMORY_H 1
| #define HAVE_STRINGS_H 1
| #define HAVE_INTTYPES_H 1
| #define HAVE_STDINT_H 1
| #define HAVE_UNISTD_H 1
| #define HAVE_STDDEF_H 1
| #define HAVE_STDLIB_H 1
| #define HAVE_STRING_H 1
| #define HAVE_STRINGS_H 1
| /* end confdefs.h.  */
| #include <stdio.h>
| #ifdef HAVE_SYS_TYPES_H
| # include <sys/types.h>
| #endif
| #ifdef HAVE_SYS_STAT_H
| # include <sys/stat.h>
| #endif
| #ifdef STDC_HEADERS
| # include <stdlib.h>
| # include <stddef.h>
| #else
| # ifdef HAVE_STDLIB_H
| #  include <stdlib.h>
| # endif
| #endif
| #ifdef HAVE_STRING_H
| # if !defined STDC_HEADERS && defined HAVE_MEMORY_H
| #  include <memory.h>
| # endif
| # include <string.h>
| #endif
| #ifdef HAVE_STRINGS_H
| # include <strings.h>
| #endif
| #ifdef HAVE_INTTYPES_H
| # include <inttypes.h>
| #endif
| #ifdef HAVE_STDINT_H
| # include <stdint.h>
| #endif
| #ifdef HAVE_UNISTD_H
| # include <unistd.h>
| #endif
| int
| main ()
| {
| if (sizeof ((size_t)))
| 	    return 0;
|   ;
|   return 0;
| }
configure:4147: result: yes
configure:4160: checking for main in -lgtest_main
configure:4179: gcc -std=gnu99 -o conftest -g -O2   conftest.c -lgtest_main   >&5
/usr/bin/ld: cannot find -lgtest_main
collect2: error: ld returned 1 exit status
configure:4179: $? = 1
configure: failed program was:
| /* confdefs.h */
| #define PACKAGE_NAME "gumbo"
| #define PACKAGE_TARNAME "gumbo"
| #define PACKAGE_VERSION "1.0"
| #define PACKAGE_STRING "gumbo 1.0"
| #define PACKAGE_BUGREPORT "jdtang@google.com"
| #define PACKAGE_URL ""
| #define STDC_HEADERS 1
| #define HAVE_SYS_TYPES_H 1
| #define HAVE_SYS_STAT_H 1
| #define HAVE_STDLIB_H 1
| #define HAVE_STRING_H 1
| #define HAVE_MEMORY_H 1
| #define HAVE_STRINGS_H 1
| #define HAVE_INTTYPES_H 1
| #define HAVE_STDINT_H 1
| #define HAVE_UNISTD_H 1
| #define HAVE_STDDEF_H 1
| #define HAVE_STDLIB_H 1
| #define HAVE_STRING_H 1
| #define HAVE_STRINGS_H 1
| /* end confdefs.h.  */
| 
| 
| int
| main ()
| {
| return main ();
|   ;
|   return 0;
| }
configure:4188: result: no
configure:4257: checking for a BSD-compatible install
configure:4325: result: /usr/bin/install -c
configure:4336: checking whether build environment is sane
configure:4391: result: yes
configure:4426: WARNING: 'missing' script is too old or missing
configure:4539: checking for a thread-safe mkdir -p
configure:4578: result: /bin/mkdir -p
configure:4585: checking for gawk
configure:4615: result: no
configure:4585: checking for mawk
configure:4601: found /usr/bin/mawk
configure:4612: result: mawk
configure:4623: checking whether make sets $(MAKE)
configure:4645: result: yes
configure:4675: checking for style of include used by make
configure:4703: result: GNU
configure:4737: checking whether make supports nested variables
configure:4754: result: yes
configure:4839: checking dependency style of gcc -std=gnu99
configure:4950: result: gcc3
configure:4967: checking dependency style of g++
configure:5078: result: gcc3
configure:5146: checking whether make supports nested variables
configure:5163: result: yes
configure:5203: checking build system type
configure:5217: result: x86_64-unknown-linux-gnu
configure:5237: checking host system type
configure:5250: result: x86_64-unknown-linux-gnu
configure:5291: checking how to print strings
configure:5318: result: printf
configure:5339: checking for a sed that does not truncate output
configure:5403: result: /bin/sed
configure:5421: checking for fgrep
configure:5483: result: /bin/grep -F
configure:5518: checking for ld used by gcc -std=gnu99
configure:5585: result: /usr/bin/ld
configure:5592: checking if the linker (/usr/bin/ld) is GNU ld
configure:5607: result: yes
configure:5619: checking for BSD- or MS-compatible name lister (nm)
configure:5668: result: /usr/bin/nm -B
configure:5798: checking the name lister (/usr/bin/nm -B) interface
configure:5805: gcc -std=gnu99 -c -g -O2  conftest.c >&5
configure:5808: /usr/bin/nm -B "conftest.o"
configure:5811: output
0000000000000000 B some_variable
configure:5818: result: BSD nm
configure:5821: checking whether ln -s works
configure:5825: result: yes
configure:5833: checking the maximum length of command line arguments
configure:5964: result: 1572864
configure:5981: checking whether the shell understands some XSI constructs
configure:5991: result: yes
configure:5995: checking whether the shell understands "+="
configure:6001: result: yes
configure:6036: checking how to convert x86_64-unknown-linux-gnu file names to x86_64-unknown-linux-gnu format
configure:6076: result: func_convert_file_noop
configure:6083: checking how to convert x86_64-unknown-linux-gnu file names to toolchain format
configure:6103: result: func_convert_file_noop
configure:6110: checking for /usr/bin/ld option to reload object files
configure:6117: result: -r
configure:6191: checking for objdump
configure:6207: found /usr/bin/objdump
configure:6218: result: objdump
configure:6250: checking how to recognize dependent libraries
configure:6448: result: pass_all
configure:6533: checking for dlltool
configure:6563: result: no
configure:6593: checking how to associate runtime and link libraries
configure:6620: result: printf %s\n
configure:6680: checking for ar
configure:6696: found /usr/bin/ar
configure:6707: result: ar
configure:6744: checking for archiver @FILE support
configure:6761: gcc -std=gnu99 -c -g -O2  conftest.c >&5
configure:6761: $? = 0
configure:6764: ar cru libconftest.a @conftest.lst >&5
configure:6767: $? = 0
configure:6772: ar cru libconftest.a @conftest.lst >&5
ar: conftest.o: No such file or directory
configure:6775: $? = 1
configure:6787: result: @
configure:6845: checking for strip
configure:6861: found /usr/bin/strip
configure:6872: result: strip
configure:6944: checking for ranlib
configure:6960: found /usr/bin/ranlib
configure:6971: result: ranlib
configure:7073: checking command to parse /usr/bin/nm -B output from gcc -std=gnu99 object
configure:7193: gcc -std=gnu99 -c -g -O2  conftest.c >&5
configure:7196: $? = 0
configure:7200: /usr/bin/nm -B conftest.o \| sed -n -e 's/^.*[ ]\([ABCDGIRSTW][ABCDGIRSTW]*\)[ ][ ]*\([_A-Za-z][_A-Za-z0-9]*\)$/\1 \2 \2/p' | sed '/ __gnu_lto/d' \> conftest.nm
configure:7203: $? = 0
configure:7269: gcc -std=gnu99 -o conftest -g -O2   conftest.c conftstm.o >&5
configure:7272: $? = 0
configure:7310: result: ok
configure:7347: checking for sysroot
configure:7377: result: no
configure:7454: gcc -std=gnu99 -c -g -O2  conftest.c >&5
configure:7457: $? = 0
configure:7646: checking for mt
configure:7662: found /bin/mt
configure:7673: result: mt
configure:7696: checking if mt is a manifest tool
configure:7702: mt '-?'
configure:7710: result: no
configure:8349: checking for dlfcn.h
configure:8349: gcc -std=gnu99 -c -g -O2  conftest.c >&5
configure:8349: $? = 0
configure:8349: result: yes
configure:8566: checking for objdir
configure:8581: result: .libs
configure:8852: checking if gcc -std=gnu99 supports -fno-rtti -fno-exceptions
configure:8870: gcc -std=gnu99 -c -g -O2  -fno-rtti -fno-exceptions conftest.c >&5
cc1: warning: command line option '-fno-rtti' is valid for C++/ObjC++ but not for C [enabled by default]
configure:8874: $? = 0
configure:8887: result: no
configure:9214: checking for gcc -std=gnu99 option to produce PIC
configure:9221: result: -fPIC -DPIC
configure:9229: checking if gcc -std=gnu99 PIC flag -fPIC -DPIC works
configure:9247: gcc -std=gnu99 -c -g -O2  -fPIC -DPIC -DPIC conftest.c >&5
configure:9251: $? = 0
configure:9264: result: yes
configure:9293: checking if gcc -std=gnu99 static flag -static works
configure:9321: result: yes
configure:9336: checking if gcc -std=gnu99 supports -c -o file.o
configure:9357: gcc -std=gnu99 -c -g -O2  -o out/conftest2.o conftest.c >&5
configure:9361: $? = 0
configure:9383: result: yes
configure:9391: checking if gcc -std=gnu99 supports -c -o file.o
configure:9438: result: yes
configure:9471: checking whether the gcc -std=gnu99 linker (/usr/bin/ld -m elf_x86_64) supports shared libraries
configure:10628: result: yes
configure:10665: checking whether -lc should be explicitly linked in
configure:10673: gcc -std=gnu99 -c -g -O2  conftest.c >&5
configure:10676: $? = 0
configure:10691: gcc -std=gnu99 -shared  -fPIC -DPIC conftest.o  -v -Wl,-soname -Wl,conftest -o conftest 2\>\&1 \| /bin/grep  -lc  \>/dev/null 2\>\&1
configure:10694: $? = 0
configure:10708: result: no
configure:10868: checking dynamic linker characteristics
configure:11368: gcc -std=gnu99 -o conftest -g -O2   -Wl,-rpath -Wl,/foo conftest.c  >&5
configure:11368: $? = 0
configure:11602: result: GNU/Linux ld.so
configure:11709: checking how to hardcode library paths into programs
configure:11734: result: immediate
configure:12274: checking whether stripping libraries is possible
configure:12279: result: yes
configure:12314: checking if libtool supports shared libraries
configure:12316: result: yes
configure:12319: checking whether to build shared libraries
configure:12340: result: yes
configure:12343: checking whether to build static libraries
configure:12347: result: yes
configure:12370: checking how to run the C++ preprocessor
configure:12397: g++ -E  conftest.cpp
configure:12397: $? = 0
configure:12411: g++ -E  conftest.cpp
conftest.cpp:27:28: fatal error: ac_nonexistent.h: No such file or directory
 #include <ac_nonexistent.h>
                            ^
compilation terminated.
configure:12411: $? = 1
configure: failed program was:
| /* confdefs.h */
| #define PACKAGE_NAME "gumbo"
| #define PACKAGE_TARNAME "gumbo"
| #define PACKAGE_VERSION "1.0"
| #define PACKAGE_STRING "gumbo 1.0"
| #define PACKAGE_BUGREPORT "jdtang@google.com"
| #define PACKAGE_URL ""
| #define STDC_HEADERS 1
| #define HAVE_SYS_TYPES_H 1
| #define HAVE_SYS_STAT_H 1
| #define HAVE_STDLIB_H 1
| #define HAVE_STRING_H 1
| #define HAVE_MEMORY_H 1
| #define HAVE_STRINGS_H 1
| #define HAVE_INTTYPES_H 1
| #define HAVE_STDINT_H 1
| #define HAVE_UNISTD_H 1
| #define HAVE_STDDEF_H 1
| #define HAVE_STDLIB_H 1
| #define HAVE_STRING_H 1
| #define HAVE_STRINGS_H 1
| #define PACKAGE "gumbo"
| #define VERSION "1.0"
| #define HAVE_DLFCN_H 1
| #define LT_OBJDIR ".libs/"
| /* end confdefs.h.  */
| #include <ac_nonexistent.h>
configure:12436: result: g++ -E
configure:12456: g++ -E  conftest.cpp
configure:12456: $? = 0
configure:12470: g++ -E  conftest.cpp
conftest.cpp:27:28: fatal error: ac_nonexistent.h: No such file or directory
 #include <ac_nonexistent.h>
                            ^
compilation terminated.
configure:12470: $? = 1
configure: failed program was:
| /* confdefs.h */
| #define PACKAGE_NAME "gumbo"
| #define PACKAGE_TARNAME "gumbo"
| #define PACKAGE_VERSION "1.0"
| #define PACKAGE_STRING "gumbo 1.0"
| #define PACKAGE_BUGREPORT "jdtang@google.com"
| #define PACKAGE_URL ""
| #define STDC_HEADERS 1
| #define HAVE_SYS_TYPES_H 1
| #define HAVE_SYS_STAT_H 1
| #define HAVE_STDLIB_H 1
| #define HAVE_STRING_H 1
| #define HAVE_MEMORY_H 1
| #define HAVE_STRINGS_H 1
| #define HAVE_INTTYPES_H 1
| #define HAVE_STDINT_H 1
| #define HAVE_UNISTD_H 1
| #define HAVE_STDDEF_H 1
| #define HAVE_STDLIB_H 1
| #define HAVE_STRING_H 1
| #define HAVE_STRINGS_H 1
| #define PACKAGE "gumbo"
| #define VERSION "1.0"
| #define HAVE_DLFCN_H 1
| #define LT_OBJDIR ".libs/"
| /* end confdefs.h.  */
| #include <ac_nonexistent.h>
configure:12639: checking for ld used by g++
configure:12706: result: /usr/bin/ld -m elf_x86_64
configure:12713: checking if the linker (/usr/bin/ld -m elf_x86_64) is GNU ld
configure:12728: result: yes
configure:12783: checking whether the g++ linker (/usr/bin/ld -m elf_x86_64) supports shared libraries
configure:13785: result: yes
configure:13821: g++ -c -g -O2  conftest.cpp >&5
configure:13824: $? = 0
configure:14344: checking for g++ option to produce PIC
configure:14351: result: -fPIC -DPIC
configure:14359: checking if g++ PIC flag -fPIC -DPIC works
configure:14377: g++ -c -g -O2  -fPIC -DPIC -DPIC conftest.cpp >&5
configure:14381: $? = 0
configure:14394: result: yes
configure:14417: checking if g++ static flag -static works
configure:14445: result: yes
configure:14457: checking if g++ supports -c -o file.o
configure:14478: g++ -c -g -O2  -o out/conftest2.o conftest.cpp >&5
configure:14482: $? = 0
configure:14504: result: yes
configure:14509: checking if g++ supports -c -o file.o
configure:14556: result: yes
configure:14586: checking whether the g++ linker (/usr/bin/ld -m elf_x86_64) supports shared libraries
configure:14625: result: yes
configure:14766: checking dynamic linker characteristics
configure:15434: result: GNU/Linux ld.so
configure:15487: checking how to hardcode library paths into programs
configure:15512: result: immediate
configure:15727: checking that generated files are newer than configure
configure:15733: result: done
configure:15760: creating ./config.status

## ---------------------- ##
## Running config.status. ##
## ---------------------- ##

This file was extended by gumbo config.status 1.0, which was
generated by GNU Autoconf 2.69.  Invocation command line was

  CONFIG_FILES    = 
  CONFIG_HEADERS  = 
  CONFIG_LINKS    = 
  CONFIG_COMMANDS = 
  $ ./config.status 

on jdtang-pangolin

config.status:1069: creating Makefile
config.status:1069: creating gumbo.pc
config.status:1241: executing depfiles commands
config.status:1241: executing libtool commands

## ---------------- ##
## Cache variables. ##
## ---------------- ##

ac_cv_build=x86_64-unknown-linux-gnu
ac_cv_c_compiler_gnu=yes
ac_cv_c_inline=inline
ac_cv_cxx_compiler_gnu=yes
ac_cv_env_CCC_set=
ac_cv_env_CCC_value=
ac_cv_env_CC_set=
ac_cv_env_CC_value=
ac_cv_env_CFLAGS_set=
ac_cv_env_CFLAGS_value=
ac_cv_env_CPPFLAGS_set=
ac_cv_env_CPPFLAGS_value=
ac_cv_env_CPP_set=
ac_cv_env_CPP_value=
ac_cv_env_CXXCPP_set=
ac_cv_env_CXXCPP_value=
ac_cv_env_CXXFLAGS_set=
ac_cv_env_CXXFLAGS_value=
ac_cv_env_CXX_set=
ac_cv_env_CXX_value=
ac_cv_env_LDFLAGS_set=
ac_cv_env_LDFLAGS_value=
ac_cv_env_LIBS_set=
ac_cv_env_LIBS_value=
ac_cv_env_build_alias_set=
ac_cv_env_build_alias_value=
ac_cv_env_host_alias_set=
ac_cv_env_host_alias_value=
ac_cv_env_target_alias_set=
ac_cv_env_target_alias_value=
ac_cv_header_dlfcn_h=yes
ac_cv_header_inttypes_h=yes
ac_cv_header_memory_h=yes
ac_cv_header_stdc=yes
ac_cv_header_stddef_h=yes
ac_cv_header_stdint_h=yes
ac_cv_header_stdlib_h=yes
ac_cv_header_string_h=yes
ac_cv_header_strings_h=yes
ac_cv_header_sys_stat_h=yes
ac_cv_header_sys_types_h=yes
ac_cv_header_unistd_h=yes
ac_cv_host=x86_64-unknown-linux-gnu
ac_cv_lib_gtest_main_main=no
ac_cv_objext=o
ac_cv_path_EGREP='/bin/grep -E'
ac_cv_path_FGREP='/bin/grep -F'
ac_cv_path_GREP=/bin/grep
ac_cv_path_SED=/bin/sed
ac_cv_path_install='/usr/bin/install -c'
ac_cv_path_mkdir=/bin/mkdir
ac_cv_prog_AWK=mawk
ac_cv_prog_CPP='gcc -std=gnu99 -E'
ac_cv_prog_CXXCPP='g++ -E'
ac_cv_prog_ac_ct_AR=ar
ac_cv_prog_ac_ct_CC=gcc
ac_cv_prog_ac_ct_CXX=g++
ac_cv_prog_ac_ct_MANIFEST_TOOL=mt
ac_cv_prog_ac_ct_OBJDUMP=objdump
ac_cv_prog_ac_ct_RANLIB=ranlib
ac_cv_prog_ac_ct_STRIP=strip
ac_cv_prog_cc_c89=
ac_cv_prog_cc_c99=-std=gnu99
ac_cv_prog_cc_g=yes
ac_cv_prog_cxx_g=yes
ac_cv_prog_make_make_set=yes
ac_cv_type_size_t=yes
am_cv_CC_dependencies_compiler_type=gcc3
am_cv_CXX_dependencies_compiler_type=gcc3
am_cv_make_support_nested_variables=yes
am_cv_prog_cc_c_o=yes
lt_cv_ar_at_file=@
lt_cv_archive_cmds_need_lc=no
lt_cv_deplibs_check_method=pass_all
lt_cv_file_magic_cmd='$MAGIC_CMD'
lt_cv_file_magic_test_file=
lt_cv_ld_reload_flag=-r
lt_cv_nm_interface='BSD nm'
lt_cv_objdir=.libs
lt_cv_path_LD=/usr/bin/ld
lt_cv_path_LDCXX='/usr/bin/ld -m elf_x86_64'
lt_cv_path_NM='/usr/bin/nm -B'
lt_cv_path_mainfest_tool=no
lt_cv_prog_compiler_c_o=yes
lt_cv_prog_compiler_c_o_CXX=yes
lt_cv_prog_compiler_pic='-fPIC -DPIC'
lt_cv_prog_compiler_pic_CXX='-fPIC -DPIC'
lt_cv_prog_compiler_pic_works=yes
lt_cv_prog_compiler_pic_works_CXX=yes
lt_cv_prog_compiler_rtti_exceptions=no
lt_cv_prog_compiler_static_works=yes
lt_cv_prog_compiler_static_works_CXX=yes
lt_cv_prog_gnu_ld=yes
lt_cv_prog_gnu_ldcxx=yes
lt_cv_sharedlib_from_linklib_cmd='printf %s\n'
lt_cv_shlibpath_overrides_runpath=no
lt_cv_sys_global_symbol_pipe='sed -n -e '\''s/^.*[	 ]\([ABCDGIRSTW][ABCDGIRSTW]*\)[	 ][	 ]*\([_A-Za-z][_A-Za-z0-9]*\)$/\1 \2 \2/p'\'' | sed '\''/ __gnu_lto/d'\'''
lt_cv_sys_global_symbol_to_c_name_address='sed -n -e '\''s/^: \([^ ]*\)[ ]*$/  {\"\1\", (void *) 0},/p'\'' -e '\''s/^[ABCDGIRSTW]* \([^ ]*\) \([^ ]*\)$/  {"\2", (void *) \&\2},/p'\'''
lt_cv_sys_global_symbol_to_c_name_address_lib_prefix='sed -n -e '\''s/^: \([^ ]*\)[ ]*$/  {\"\1\", (void *) 0},/p'\'' -e '\''s/^[ABCDGIRSTW]* \([^ ]*\) \(lib[^ ]*\)$/  {"\2", (void *) \&\2},/p'\'' -e '\''s/^[ABCDGIRSTW]* \([^ ]*\) \([^ ]*\)$/  {"lib\2", (void *) \&\2},/p'\'''
lt_cv_sys_global_symbol_to_cdecl='sed -n -e '\''s/^T .* \(.*\)$/extern int \1();/p'\'' -e '\''s/^[ABCDGIRSTW]* .* \(.*\)$/extern char \1;/p'\'''
lt_cv_sys_max_cmd_len=1572864
lt_cv_to_host_file_cmd=func_convert_file_noop
lt_cv_to_tool_file_cmd=func_convert_file_noop

## ----------------- ##
## Output variables. ##
## ----------------- ##

ACLOCAL='aclocal-1.14'
AMDEPBACKSLASH='\'
AMDEP_FALSE='#'
AMDEP_TRUE=''
AMTAR='$${TAR-tar}'
AM_BACKSLASH='\'
AM_DEFAULT_V='$(AM_DEFAULT_VERBOSITY)'
AM_DEFAULT_VERBOSITY='0'
AM_V='$(V)'
AR='ar'
AUTOCONF='autoconf'
AUTOHEADER='autoheader'
AUTOMAKE='automake-1.14'
AWK='mawk'
CC='gcc -std=gnu99'
CCDEPMODE='depmode=gcc3'
CFLAGS='-g -O2'
CPP='gcc -std=gnu99 -E'
CPPFLAGS=''
CXX='g++'
CXXCPP='g++ -E'
CXXDEPMODE='depmode=gcc3'
CXXFLAGS='-g -O2'
CYGPATH_W='echo'
DEFS='-DPACKAGE_NAME=\"gumbo\" -DPACKAGE_TARNAME=\"gumbo\" -DPACKAGE_VERSION=\"1.0\" -DPACKAGE_STRING=\"gumbo\ 1.0\" -DPACKAGE_BUGREPORT=\"jdtang@google.com\" -DPACKAGE_URL=\"\" -DSTDC_HEADERS=1 -DHAVE_SYS_TYPES_H=1 -DHAVE_SYS_STAT_H=1 -DHAVE_STDLIB_H=1 -DHAVE_STRING_H=1 -DHAVE_MEMORY_H=1 -DHAVE_STRINGS_H=1 -DHAVE_INTTYPES_H=1 -DHAVE_STDINT_H=1 -DHAVE_UNISTD_H=1 -DHAVE_STDDEF_H=1 -DHAVE_STDLIB_H=1 -DHAVE_STRING_H=1 -DHAVE_STRINGS_H=1 -DPACKAGE=\"gumbo\" -DVERSION=\"1.0\" -DHAVE_DLFCN_H=1 -DLT_OBJDIR=\".libs/\"'
DEPDIR='.deps'
DLLTOOL='false'
DSYMUTIL=''
DUMPBIN=''
ECHO_C=''
ECHO_N='-n'
ECHO_T=''
EGREP='/bin/grep -E'
EXEEXT=''
FGREP='/bin/grep -F'
GREP='/bin/grep'
HAVE_SHARED_LIBGTEST_FALSE=''
HAVE_SHARED_LIBGTEST_TRUE='#'
INSTALL_DATA='${INSTALL} -m 644'
INSTALL_PROGRAM='${INSTALL}'
INSTALL_SCRIPT='${INSTALL}'
INSTALL_STRIP_PROGRAM='$(install_sh) -c -s'
LD='/usr/bin/ld -m elf_x86_64'
LDFLAGS=''
LIBOBJS=''
LIBS=''
LIBTOOL='$(SHELL) $(top_builddir)/libtool'
LIPO=''
LN_S='ln -s'
LTLIBOBJS=''
MAKEINFO='makeinfo'
MANIFEST_TOOL=':'
MKDIR_P='/bin/mkdir -p'
NM='/usr/bin/nm -B'
NMEDIT=''
OBJDUMP='objdump'
OBJEXT='o'
OTOOL64=''
OTOOL=''
PACKAGE='gumbo'
PACKAGE_BUGREPORT='jdtang@google.com'
PACKAGE_NAME='gumbo'
PACKAGE_STRING='gumbo 1.0'
PACKAGE_TARNAME='gumbo'
PACKAGE_URL=''
PACKAGE_VERSION='1.0'
PATH_SEPARATOR=':'
RANLIB='ranlib'
SED='/bin/sed'
SET_MAKE=''
SHELL='/bin/bash'
STRIP='strip'
VERSION='1.0'
ac_ct_AR='ar'
ac_ct_CC='gcc'
ac_ct_CXX='g++'
ac_ct_DUMPBIN=''
am__EXEEXT_FALSE=''
am__EXEEXT_TRUE='#'
am__fastdepCC_FALSE='#'
am__fastdepCC_TRUE=''
am__fastdepCXX_FALSE='#'
am__fastdepCXX_TRUE=''
am__include='include'
am__isrc=''
am__leading_dot='.'
am__nodep='_no'
am__quote=''
am__tar='$${TAR-tar} chof - "$$tardir"'
am__untar='$${TAR-tar} xf -'
bindir='${exec_prefix}/bin'
build='x86_64-unknown-linux-gnu'
build_alias=''
build_cpu='x86_64'
build_os='linux-gnu'
build_vendor='unknown'
datadir='${datarootdir}'
datarootdir='${prefix}/share'
docdir='${datarootdir}/doc/${PACKAGE_TARNAME}'
dvidir='${docdir}'
exec_prefix='${prefix}'
host='x86_64-unknown-linux-gnu'
host_alias=''
host_cpu='x86_64'
host_os='linux-gnu'
host_vendor='unknown'
htmldir='${docdir}'
includedir='${prefix}/include'
infodir='${datarootdir}/info'
install_sh='${SHELL} /home/jdtang/install-sh'
libdir='${exec_prefix}/lib'
libexecdir='${exec_prefix}/libexec'
localedir='${datarootdir}/locale'
localstatedir='${prefix}/var'
mandir='${datarootdir}/man'
mkdir_p='$(MKDIR_P)'
oldincludedir='/usr/include'
pdfdir='${docdir}'
prefix='/usr/local'
program_transform_name='s,x,x,'
psdir='${docdir}'
sbindir='${exec_prefix}/sbin'
sharedstatedir='${prefix}/com'
sysconfdir='${prefix}/etc'
target_alias=''

## ----------- ##
## confdefs.h. ##
## ----------- ##

/* confdefs.h */
#define PACKAGE_NAME "gumbo"
#define PACKAGE_TARNAME "gumbo"
#define PACKAGE_VERSION "1.0"
#define PACKAGE_STRING "gumbo 1.0"
#define PACKAGE_BUGREPORT "jdtang@google.com"
#define PACKAGE_URL ""
#define STDC_HEADERS 1
#define HAVE_SYS_TYPES_H 1
#define HAVE_SYS_STAT_H 1
#define HAVE_STDLIB_H 1
#define HAVE_STRING_H 1
#define HAVE_MEMORY_H 1
#define HAVE_STRINGS_H 1
#define HAVE_INTTYPES_H 1
#define HAVE_STDINT_H 1
#define HAVE_UNISTD_H 1
#define HAVE_STDDEF_H 1
#define HAVE_STDLIB_H 1
#define HAVE_STRING_H 1
#define HAVE_STRINGS_H 1
#define PACKAGE "gumbo"
#define VERSION "1.0"
#define HAVE_DLFCN_H 1
#define LT_OBJDIR ".libs/"

configure: exit 0
