2014-09-19 15:25:31,120 saml2.mdstore:DEBUG service => [{'index': '1', 'binding': 'urn:oasis:names:tc:SAML:2.0:bindings:HTTP-Redirect', '__class__': 'urn:oasis:names:tc:SAML:2.0:metadata&AssertionConsumerService', 'location': 'https://localhost:8087/acs/redirect'}]
2014-09-19 15:25:31,129 saml2.ident:DEBUG local_policy: <saml2.assertion.Policy object at 0x10374e7d0>, name_id_policy: <?xml version='1.0' encoding='UTF-8'?>
<ns0:NameIDPolicy xmlns:ns0="urn:oasis:names:tc:SAML:2.0:protocol" AllowCreate="false" Format="urn:oasis:names:tc:SAML:2.0:nameid-format:persistent" />
2014-09-19 15:25:31,132 saml2.entity:INFO HTTP REDIRECT
2014-09-19 15:27:25,021 saml2.entity:INFO receiver addresses: ['http://localhost:8088/sso/redirect']
2014-09-19 15:27:25,021 saml2.entity:INFO Binding: urn:oasis:names:tc:SAML:2.0:bindings:HTTP-Redirect
2014-09-19 15:27:25,021 saml2.request:INFO xmlstr: <?xml version='1.0' encoding='UTF-8'?>
<ns0:AuthnRequest xmlns:ns0="urn:oasis:names:tc:SAML:2.0:protocol" xmlns:ns1="urn:oasis:names:tc:SAML:2.0:assertion" AssertionConsumerServiceURL="https://localhost:8087/acs/redirect" Destination="http://localhost:8088/sso/redirect" ForceAuthn="false" ID="id-7523356331b5664c6505485cf681a15f" IssueInstant="2014-09-19T13:27:25Z" ProtocolBinding="urn:oasis:names:tc:SAML:2.0:bindings:HTTP-Redirect" Version="2.0"><ns1:Issuer Format="urn:oasis:names:tc:SAML:2.0:nameid-format:entity">https://localhost:8087/sp.xml</ns1:Issuer><ns0:NameIDPolicy AllowCreate="false" Format="urn:oasis:names:tc:SAML:2.0:nameid-format:persistent" /></ns0:AuthnRequest>
2014-09-19 15:27:25,022 saml2.request:INFO request: <?xml version='1.0' encoding='UTF-8'?>
<ns0:AuthnRequest xmlns:ns0="urn:oasis:names:tc:SAML:2.0:protocol" xmlns:ns1="urn:oasis:names:tc:SAML:2.0:assertion" AssertionConsumerServiceURL="https://localhost:8087/acs/redirect" Destination="http://localhost:8088/sso/redirect" ForceAuthn="false" ID="id-7523356331b5664c6505485cf681a15f" IssueInstant="2014-09-19T13:27:25Z" ProtocolBinding="urn:oasis:names:tc:SAML:2.0:bindings:HTTP-Redirect" Version="2.0"><ns1:Issuer Format="urn:oasis:names:tc:SAML:2.0:nameid-format:entity">https://localhost:8087/sp.xml</ns1:Issuer><ns0:NameIDPolicy AllowCreate="false" Format="urn:oasis:names:tc:SAML:2.0:nameid-format:persistent" /></ns0:AuthnRequest>
2014-09-19 15:27:25,022 saml2.entity:DEBUG Loaded request
2014-09-19 15:27:25,022 saml2.entity:DEBUG Verified request
2014-09-19 15:28:09,432 saml2.entity:INFO receiver addresses: ['http://localhost:8088/sso/redirect']
2014-09-19 15:28:09,432 saml2.entity:INFO Binding: urn:oasis:names:tc:SAML:2.0:bindings:HTTP-Redirect
2014-09-19 15:28:09,432 saml2.request:INFO xmlstr: <?xml version='1.0' encoding='UTF-8'?>
<ns0:AuthnRequest xmlns:ns0="urn:oasis:names:tc:SAML:2.0:protocol" xmlns:ns1="urn:oasis:names:tc:SAML:2.0:assertion" AssertionConsumerServiceURL="https://localhost:8087/acs/redirect" Destination="http://localhost:8088/sso/redirect" ForceAuthn="false" ID="id-17e2e342f5ad4901479ef23759203d3f" IssueInstant="2014-09-19T13:28:09Z" ProtocolBinding="urn:oasis:names:tc:SAML:2.0:bindings:HTTP-Redirect" Version="2.0"><ns1:Issuer Format="urn:oasis:names:tc:SAML:2.0:nameid-format:entity">https://localhost:8087/sp.xml</ns1:Issuer><ns0:NameIDPolicy AllowCreate="false" Format="urn:oasis:names:tc:SAML:2.0:nameid-format:persistent" /></ns0:AuthnRequest>
2014-09-19 15:28:09,432 saml2.request:INFO request: <?xml version='1.0' encoding='UTF-8'?>
<ns0:AuthnRequest xmlns:ns0="urn:oasis:names:tc:SAML:2.0:protocol" xmlns:ns1="urn:oasis:names:tc:SAML:2.0:assertion" AssertionConsumerServiceURL="https://localhost:8087/acs/redirect" Destination="http://localhost:8088/sso/redirect" ForceAuthn="false" ID="id-17e2e342f5ad4901479ef23759203d3f" IssueInstant="2014-09-19T13:28:09Z" ProtocolBinding="urn:oasis:names:tc:SAML:2.0:bindings:HTTP-Redirect" Version="2.0"><ns1:Issuer Format="urn:oasis:names:tc:SAML:2.0:nameid-format:entity">https://localhost:8087/sp.xml</ns1:Issuer><ns0:NameIDPolicy AllowCreate="false" Format="urn:oasis:names:tc:SAML:2.0:nameid-format:persistent" /></ns0:AuthnRequest>
2014-09-19 15:28:09,433 saml2.entity:DEBUG Loaded request
2014-09-19 15:28:09,433 saml2.entity:DEBUG Verified request
2014-09-19 15:30:09,721 saml2:INFO Logging started
2014-09-19 15:31:16,049 saml2.entity:INFO receiver addresses: ['http://localhost:8088/sso/redirect']
2014-09-19 15:31:16,049 saml2.entity:INFO Binding: urn:oasis:names:tc:SAML:2.0:bindings:HTTP-Redirect
2014-09-19 15:31:16,050 saml2.request:INFO xmlstr: <?xml version='1.0' encoding='UTF-8'?>
<ns0:AuthnRequest xmlns:ns0="urn:oasis:names:tc:SAML:2.0:protocol" xmlns:ns1="urn:oasis:names:tc:SAML:2.0:assertion" AssertionConsumerServiceURL="https://localhost:8087/acs/redirect" Destination="http://localhost:8088/sso/redirect" ForceAuthn="false" ID="id-27002620241fbe67d959fe8bb02cd6b6" IssueInstant="2014-09-19T13:31:11Z" ProtocolBinding="urn:oasis:names:tc:SAML:2.0:bindings:HTTP-Redirect" Version="2.0"><ns1:Issuer Format="urn:oasis:names:tc:SAML:2.0:nameid-format:entity">https://localhost:8087/sp.xml</ns1:Issuer><ns0:NameIDPolicy AllowCreate="false" Format="urn:oasis:names:tc:SAML:2.0:nameid-format:persistent" /></ns0:AuthnRequest>
2014-09-19 15:31:16,054 saml2.request:INFO request: <?xml version='1.0' encoding='UTF-8'?>
<ns0:AuthnRequest xmlns:ns0="urn:oasis:names:tc:SAML:2.0:protocol" xmlns:ns1="urn:oasis:names:tc:SAML:2.0:assertion" AssertionConsumerServiceURL="https://localhost:8087/acs/redirect" Destination="http://localhost:8088/sso/redirect" ForceAuthn="false" ID="id-27002620241fbe67d959fe8bb02cd6b6" IssueInstant="2014-09-19T13:31:11Z" ProtocolBinding="urn:oasis:names:tc:SAML:2.0:bindings:HTTP-Redirect" Version="2.0"><ns1:Issuer Format="urn:oasis:names:tc:SAML:2.0:nameid-format:entity">https://localhost:8087/sp.xml</ns1:Issuer><ns0:NameIDPolicy AllowCreate="false" Format="urn:oasis:names:tc:SAML:2.0:nameid-format:persistent" /></ns0:AuthnRequest>
2014-09-19 15:31:16,076 saml2.entity:DEBUG Loaded request
2014-09-19 15:31:16,077 saml2.entity:DEBUG Verified request
2014-09-19 15:32:44,020 saml2.mdstore:DEBUG service(https://localhost:8087/sp.xml, spsso_descriptor, assertion_consumer_service, urn:oasis:names:tc:SAML:2.0:bindings:HTTP-Redirect)
2014-09-19 15:32:44,021 saml2.mdstore:DEBUG service => [{'index': '1', 'binding': 'urn:oasis:names:tc:SAML:2.0:bindings:HTTP-Redirect', '__class__': 'urn:oasis:names:tc:SAML:2.0:metadata&AssertionConsumerService', 'location': 'https://localhost:8087/acs/redirect'}]
2014-09-19 15:32:59,600 saml2.mdstore:DEBUG service(https://localhost:8087/sp.xml, spsso_descriptor, assertion_consumer_service, urn:oasis:names:tc:SAML:2.0:bindings:HTTP-Redirect)
2014-09-19 15:32:59,601 saml2.mdstore:DEBUG service => [{'index': '1', 'binding': 'urn:oasis:names:tc:SAML:2.0:bindings:HTTP-Redirect', '__class__': 'urn:oasis:names:tc:SAML:2.0:metadata&AssertionConsumerService', 'location': 'https://localhost:8087/acs/redirect'}]
2014-09-19 15:33:19,140 saml2.entity:INFO HTTP REDIRECT
2014-09-19 16:12:48,540 saml2.entity:INFO receiver addresses: ['http://localhost:8088/sso/redirect']
2014-09-19 16:12:48,540 saml2.entity:INFO Binding: urn:oasis:names:tc:SAML:2.0:bindings:HTTP-Redirect
2014-09-19 16:12:48,541 saml2.request:INFO xmlstr: <?xml version='1.0' encoding='UTF-8'?>
<ns0:AuthnRequest xmlns:ns0="urn:oasis:names:tc:SAML:2.0:protocol" xmlns:ns1="urn:oasis:names:tc:SAML:2.0:assertion" AssertionConsumerServiceURL="https://localhost:8087/acs/redirect" Destination="http://localhost:8088/sso/redirect" ForceAuthn="false" ID="id-e80096d5cb73338967ac266a5839216d" IssueInstant="2014-09-19T14:12:44Z" ProtocolBinding="urn:oasis:names:tc:SAML:2.0:bindings:HTTP-Redirect" Version="2.0"><ns1:Issuer Format="urn:oasis:names:tc:SAML:2.0:nameid-format:entity">https://localhost:8087/sp.xml</ns1:Issuer><ns0:NameIDPolicy AllowCreate="false" Format="urn:oasis:names:tc:SAML:2.0:nameid-format:persistent" /></ns0:AuthnRequest>
2014-09-19 16:12:48,544 saml2.request:INFO request: <?xml version='1.0' encoding='UTF-8'?>
<ns0:AuthnRequest xmlns:ns0="urn:oasis:names:tc:SAML:2.0:protocol" xmlns:ns1="urn:oasis:names:tc:SAML:2.0:assertion" AssertionConsumerServiceURL="https://localhost:8087/acs/redirect" Destination="http://localhost:8088/sso/redirect" ForceAuthn="false" ID="id-e80096d5cb73338967ac266a5839216d" IssueInstant="2014-09-19T14:12:44Z" ProtocolBinding="urn:oasis:names:tc:SAML:2.0:bindings:HTTP-Redirect" Version="2.0"><ns1:Issuer Format="urn:oasis:names:tc:SAML:2.0:nameid-format:entity">https://localhost:8087/sp.xml</ns1:Issuer><ns0:NameIDPolicy AllowCreate="false" Format="urn:oasis:names:tc:SAML:2.0:nameid-format:persistent" /></ns0:AuthnRequest>
2014-09-19 16:12:48,546 saml2.entity:DEBUG Loaded request
2014-09-19 16:12:48,547 saml2.entity:DEBUG Verified request
2014-09-19 16:13:10,349 saml2.mdstore:DEBUG service(https://localhost:8087/sp.xml, spsso_descriptor, assertion_consumer_service, urn:oasis:names:tc:SAML:2.0:bindings:HTTP-Redirect)
2014-09-19 16:13:10,350 saml2.mdstore:DEBUG service => [{'index': '1', 'binding': 'urn:oasis:names:tc:SAML:2.0:bindings:HTTP-Redirect', '__class__': 'urn:oasis:names:tc:SAML:2.0:metadata&AssertionConsumerService', 'location': 'https://localhost:8087/acs/redirect'}]
2014-09-19 16:13:10,351 saml2.mdstore:DEBUG service(https://localhost:8087/sp.xml, spsso_descriptor, assertion_consumer_service, urn:oasis:names:tc:SAML:2.0:bindings:HTTP-Redirect)
2014-09-19 16:13:10,352 saml2.mdstore:DEBUG service => [{'index': '1', 'binding': 'urn:oasis:names:tc:SAML:2.0:bindings:HTTP-Redirect', '__class__': 'urn:oasis:names:tc:SAML:2.0:metadata&AssertionConsumerService', 'location': 'https://localhost:8087/acs/redirect'}]
2014-09-19 16:13:14,149 saml2.entity:INFO HTTP REDIRECT
2014-09-19 16:14:07,936 saml2:INFO Logging started
2014-09-19 16:15:23,034 saml2.entity:INFO receiver addresses: ['http://localhost:8088/sso/redirect']
2014-09-19 16:15:23,034 saml2.entity:INFO Binding: urn:oasis:names:tc:SAML:2.0:bindings:HTTP-Redirect
2014-09-19 16:15:23,034 saml2.request:INFO xmlstr: <?xml version='1.0' encoding='UTF-8'?>
<ns0:AuthnRequest xmlns:ns0="urn:oasis:names:tc:SAML:2.0:protocol" xmlns:ns1="urn:oasis:names:tc:SAML:2.0:assertion" AssertionConsumerServiceURL="https://localhost:8087/acs/redirect" Destination="http://localhost:8088/sso/redirect" ForceAuthn="false" ID="id-5cd7447d477020b05470abfebf3a768e" IssueInstant="2014-09-19T14:15:23Z" ProtocolBinding="urn:oasis:names:tc:SAML:2.0:bindings:HTTP-Redirect" Version="2.0"><ns1:Issuer Format="urn:oasis:names:tc:SAML:2.0:nameid-format:entity">https://localhost:8087/sp.xml</ns1:Issuer><ns0:NameIDPolicy AllowCreate="false" Format="urn:oasis:names:tc:SAML:2.0:nameid-format:persistent" /></ns0:AuthnRequest>
2014-09-19 16:15:23,035 saml2.request:INFO request: <?xml version='1.0' encoding='UTF-8'?>
<ns0:AuthnRequest xmlns:ns0="urn:oasis:names:tc:SAML:2.0:protocol" xmlns:ns1="urn:oasis:names:tc:SAML:2.0:assertion" AssertionConsumerServiceURL="https://localhost:8087/acs/redirect" Destination="http://localhost:8088/sso/redirect" ForceAuthn="false" ID="id-5cd7447d477020b05470abfebf3a768e" IssueInstant="2014-09-19T14:15:23Z" ProtocolBinding="urn:oasis:names:tc:SAML:2.0:bindings:HTTP-Redirect" Version="2.0"><ns1:Issuer Format="urn:oasis:names:tc:SAML:2.0:nameid-format:entity">https://localhost:8087/sp.xml</ns1:Issuer><ns0:NameIDPolicy AllowCreate="false" Format="urn:oasis:names:tc:SAML:2.0:nameid-format:persistent" /></ns0:AuthnRequest>
2014-09-19 16:15:23,038 saml2.entity:DEBUG Loaded request
2014-09-19 16:15:23,039 saml2.entity:DEBUG Verified request
2014-09-19 16:15:35,438 saml2.mdstore:DEBUG service(https://localhost:8087/sp.xml, spsso_descriptor, assertion_consumer_service, urn:oasis:names:tc:SAML:2.0:bindings:HTTP-Redirect)
2014-09-19 16:15:35,438 saml2.mdstore:DEBUG service => [{'index': '1', 'binding': 'urn:oasis:names:tc:SAML:2.0:bindings:HTTP-Redirect', '__class__': 'urn:oasis:names:tc:SAML:2.0:metadata&AssertionConsumerService', 'location': 'https://localhost:8087/acs/redirect'}]
2014-09-19 16:15:35,438 saml2.mdstore:DEBUG service(https://localhost:8087/sp.xml, spsso_descriptor, assertion_consumer_service, urn:oasis:names:tc:SAML:2.0:bindings:HTTP-Redirect)
2014-09-19 16:15:35,438 saml2.mdstore:DEBUG service => [{'index': '1', 'binding': 'urn:oasis:names:tc:SAML:2.0:bindings:HTTP-Redirect', '__class__': 'urn:oasis:names:tc:SAML:2.0:metadata&AssertionConsumerService', 'location': 'https://localhost:8087/acs/redirect'}]
2014-09-19 16:15:35,441 saml2.entity:INFO HTTP REDIRECT
2014-09-19 16:21:40,486 saml2.entity:INFO receiver addresses: ['http://localhost:8088/sso/redirect']
2014-09-19 16:21:40,486 saml2.entity:INFO Binding: urn:oasis:names:tc:SAML:2.0:bindings:HTTP-Redirect
2014-09-19 16:21:40,486 saml2.request:INFO xmlstr: <?xml version='1.0' encoding='UTF-8'?>
<ns0:AuthnRequest xmlns:ns0="urn:oasis:names:tc:SAML:2.0:protocol" xmlns:ns1="urn:oasis:names:tc:SAML:2.0:assertion" AssertionConsumerServiceURL="https://localhost:8087/acs/redirect" Destination="http://localhost:8088/sso/redirect" ForceAuthn="false" ID="id-8ef884ce3637ccb1ff5f4e3fb1673348" IssueInstant="2014-09-19T14:21:40Z" ProtocolBinding="urn:oasis:names:tc:SAML:2.0:bindings:HTTP-Redirect" Version="2.0"><ns1:Issuer Format="urn:oasis:names:tc:SAML:2.0:nameid-format:entity">https://localhost:8087/sp.xml</ns1:Issuer><ns0:NameIDPolicy AllowCreate="false" Format="urn:oasis:names:tc:SAML:2.0:nameid-format:persistent" /></ns0:AuthnRequest>
2014-09-19 16:21:40,487 saml2.request:INFO request: <?xml version='1.0' encoding='UTF-8'?>
<ns0:AuthnRequest xmlns:ns0="urn:oasis:names:tc:SAML:2.0:protocol" xmlns:ns1="urn:oasis:names:tc:SAML:2.0:assertion" AssertionConsumerServiceURL="https://localhost:8087/acs/redirect" Destination="http://localhost:8088/sso/redirect" ForceAuthn="false" ID="id-8ef884ce3637ccb1ff5f4e3fb1673348" IssueInstant="2014-09-19T14:21:40Z" ProtocolBinding="urn:oasis:names:tc:SAML:2.0:bindings:HTTP-Redirect" Version="2.0"><ns1:Issuer Format="urn:oasis:names:tc:SAML:2.0:nameid-format:entity">https://localhost:8087/sp.xml</ns1:Issuer><ns0:NameIDPolicy AllowCreate="false" Format="urn:oasis:names:tc:SAML:2.0:nameid-format:persistent" /></ns0:AuthnRequest>
2014-09-19 16:21:40,487 saml2.entity:DEBUG Loaded request
2014-09-19 16:21:40,487 saml2.entity:DEBUG Verified request
2014-09-19 16:21:47,009 saml2.mdstore:DEBUG service(https://localhost:8087/sp.xml, spsso_descriptor, assertion_consumer_service, urn:oasis:names:tc:SAML:2.0:bindings:HTTP-Redirect)
2014-09-19 16:21:47,009 saml2.mdstore:DEBUG service => [{'index': '1', 'binding': 'urn:oasis:names:tc:SAML:2.0:bindings:HTTP-Redirect', '__class__': 'urn:oasis:names:tc:SAML:2.0:metadata&AssertionConsumerService', 'location': 'https://localhost:8087/acs/redirect'}]
2014-09-19 16:21:47,009 saml2.mdstore:DEBUG service(https://localhost:8087/sp.xml, spsso_descriptor, assertion_consumer_service, urn:oasis:names:tc:SAML:2.0:bindings:HTTP-Redirect)
2014-09-19 16:21:47,009 saml2.mdstore:DEBUG service => [{'index': '1', 'binding': 'urn:oasis:names:tc:SAML:2.0:bindings:HTTP-Redirect', '__class__': 'urn:oasis:names:tc:SAML:2.0:metadata&AssertionConsumerService', 'location': 'https://localhost:8087/acs/redirect'}]
2014-09-19 16:21:47,013 saml2.entity:INFO HTTP REDIRECT
2014-09-19 16:23:06,006 saml2.entity:INFO receiver addresses: ['http://localhost:8088/sso/redirect']
2014-09-19 16:23:06,006 saml2.entity:INFO Binding: urn:oasis:names:tc:SAML:2.0:bindings:HTTP-Redirect
2014-09-19 16:23:06,006 saml2.request:INFO xmlstr: <?xml version='1.0' encoding='UTF-8'?>
<ns0:AuthnRequest xmlns:ns0="urn:oasis:names:tc:SAML:2.0:protocol" xmlns:ns1="urn:oasis:names:tc:SAML:2.0:assertion" AssertionConsumerServiceURL="https://localhost:8087/acs/redirect" Destination="http://localhost:8088/sso/redirect" ForceAuthn="false" ID="id-fa53eabb00ef860ee24f28e49c339b33" IssueInstant="2014-09-19T14:23:05Z" ProtocolBinding="urn:oasis:names:tc:SAML:2.0:bindings:HTTP-Redirect" Version="2.0"><ns1:Issuer Format="urn:oasis:names:tc:SAML:2.0:nameid-format:entity">https://localhost:8087/sp.xml</ns1:Issuer><ns0:NameIDPolicy AllowCreate="false" Format="urn:oasis:names:tc:SAML:2.0:nameid-format:persistent" /></ns0:AuthnRequest>
2014-09-19 16:23:06,007 saml2.request:INFO request: <?xml version='1.0' encoding='UTF-8'?>
<ns0:AuthnRequest xmlns:ns0="urn:oasis:names:tc:SAML:2.0:protocol" xmlns:ns1="urn:oasis:names:tc:SAML:2.0:assertion" AssertionConsumerServiceURL="https://localhost:8087/acs/redirect" Destination="http://localhost:8088/sso/redirect" ForceAuthn="false" ID="id-fa53eabb00ef860ee24f28e49c339b33" IssueInstant="2014-09-19T14:23:05Z" ProtocolBinding="urn:oasis:names:tc:SAML:2.0:bindings:HTTP-Redirect" Version="2.0"><ns1:Issuer Format="urn:oasis:names:tc:SAML:2.0:nameid-format:entity">https://localhost:8087/sp.xml</ns1:Issuer><ns0:NameIDPolicy AllowCreate="false" Format="urn:oasis:names:tc:SAML:2.0:nameid-format:persistent" /></ns0:AuthnRequest>
2014-09-19 16:23:06,007 saml2.entity:DEBUG Loaded request
2014-09-19 16:23:06,007 saml2.entity:DEBUG Verified request
2014-09-19 16:23:27,136 saml2:INFO Logging started
2014-09-19 16:23:39,877 saml2.entity:INFO receiver addresses: ['http://localhost:8088/sso/redirect']
2014-09-19 16:23:39,877 saml2.entity:INFO Binding: urn:oasis:names:tc:SAML:2.0:bindings:HTTP-Redirect
2014-09-19 16:23:39,877 saml2.request:INFO xmlstr: <?xml version='1.0' encoding='UTF-8'?>
<ns0:AuthnRequest xmlns:ns0="urn:oasis:names:tc:SAML:2.0:protocol" xmlns:ns1="urn:oasis:names:tc:SAML:2.0:assertion" AssertionConsumerServiceURL="https://localhost:8087/acs/redirect" Destination="http://localhost:8088/sso/redirect" ForceAuthn="false" ID="id-ba6f62849858eee4eb1aac13212d6ff5" IssueInstant="2014-09-19T14:23:39Z" ProtocolBinding="urn:oasis:names:tc:SAML:2.0:bindings:HTTP-Redirect" Version="2.0"><ns1:Issuer Format="urn:oasis:names:tc:SAML:2.0:nameid-format:entity">https://localhost:8087/sp.xml</ns1:Issuer><ns0:NameIDPolicy AllowCreate="false" Format="urn:oasis:names:tc:SAML:2.0:nameid-format:persistent" /></ns0:AuthnRequest>
2014-09-19 16:23:39,877 saml2.request:INFO request: <?xml version='1.0' encoding='UTF-8'?>
<ns0:AuthnRequest xmlns:ns0="urn:oasis:names:tc:SAML:2.0:protocol" xmlns:ns1="urn:oasis:names:tc:SAML:2.0:assertion" AssertionConsumerServiceURL="https://localhost:8087/acs/redirect" Destination="http://localhost:8088/sso/redirect" ForceAuthn="false" ID="id-ba6f62849858eee4eb1aac13212d6ff5" IssueInstant="2014-09-19T14:23:39Z" ProtocolBinding="urn:oasis:names:tc:SAML:2.0:bindings:HTTP-Redirect" Version="2.0"><ns1:Issuer Format="urn:oasis:names:tc:SAML:2.0:nameid-format:entity">https://localhost:8087/sp.xml</ns1:Issuer><ns0:NameIDPolicy AllowCreate="false" Format="urn:oasis:names:tc:SAML:2.0:nameid-format:persistent" /></ns0:AuthnRequest>
2014-09-19 16:23:39,881 saml2.entity:DEBUG Loaded request
2014-09-19 16:23:39,881 saml2.entity:DEBUG Verified request
2014-09-19 16:23:46,836 saml2.mdstore:DEBUG service(https://localhost:8087/sp.xml, spsso_descriptor, assertion_consumer_service, urn:oasis:names:tc:SAML:2.0:bindings:HTTP-Redirect)
2014-09-19 16:23:46,836 saml2.mdstore:DEBUG service => [{'index': '1', 'binding': 'urn:oasis:names:tc:SAML:2.0:bindings:HTTP-Redirect', '__class__': 'urn:oasis:names:tc:SAML:2.0:metadata&AssertionConsumerService', 'location': 'https://localhost:8087/acs/redirect'}]
2014-09-19 16:23:46,836 saml2.mdstore:DEBUG service(https://localhost:8087/sp.xml, spsso_descriptor, assertion_consumer_service, urn:oasis:names:tc:SAML:2.0:bindings:HTTP-Redirect)
2014-09-19 16:23:46,836 saml2.mdstore:DEBUG service => [{'index': '1', 'binding': 'urn:oasis:names:tc:SAML:2.0:bindings:HTTP-Redirect', '__class__': 'urn:oasis:names:tc:SAML:2.0:metadata&AssertionConsumerService', 'location': 'https://localhost:8087/acs/redirect'}]
2014-09-19 16:23:46,840 saml2.entity:INFO HTTP REDIRECT
2014-09-19 16:26:17,791 saml2.entity:INFO receiver addresses: ['http://localhost:8088/sso/redirect']
2014-09-19 16:26:17,791 saml2.entity:INFO Binding: urn:oasis:names:tc:SAML:2.0:bindings:HTTP-Redirect
2014-09-19 16:26:17,791 saml2.request:INFO xmlstr: <?xml version='1.0' encoding='UTF-8'?>
<ns0:AuthnRequest xmlns:ns0="urn:oasis:names:tc:SAML:2.0:protocol" xmlns:ns1="urn:oasis:names:tc:SAML:2.0:assertion" AssertionConsumerServiceURL="https://localhost:8087/acs/redirect" Destination="http://localhost:8088/sso/redirect" ForceAuthn="false" ID="id-bda2531c9b5064732996d21680022ec3" IssueInstant="2014-09-19T14:26:17Z" ProtocolBinding="urn:oasis:names:tc:SAML:2.0:bindings:HTTP-Redirect" Version="2.0"><ns1:Issuer Format="urn:oasis:names:tc:SAML:2.0:nameid-format:entity">https://localhost:8087/sp.xml</ns1:Issuer><ns0:NameIDPolicy AllowCreate="false" Format="urn:oasis:names:tc:SAML:2.0:nameid-format:persistent" /></ns0:AuthnRequest>
2014-09-19 16:26:17,792 saml2.request:INFO request: <?xml version='1.0' encoding='UTF-8'?>
<ns0:AuthnRequest xmlns:ns0="urn:oasis:names:tc:SAML:2.0:protocol" xmlns:ns1="urn:oasis:names:tc:SAML:2.0:assertion" AssertionConsumerServiceURL="https://localhost:8087/acs/redirect" Destination="http://localhost:8088/sso/redirect" ForceAuthn="false" ID="id-bda2531c9b5064732996d21680022ec3" IssueInstant="2014-09-19T14:26:17Z" ProtocolBinding="urn:oasis:names:tc:SAML:2.0:bindings:HTTP-Redirect" Version="2.0"><ns1:Issuer Format="urn:oasis:names:tc:SAML:2.0:nameid-format:entity">https://localhost:8087/sp.xml</ns1:Issuer><ns0:NameIDPolicy AllowCreate="false" Format="urn:oasis:names:tc:SAML:2.0:nameid-format:persistent" /></ns0:AuthnRequest>
2014-09-19 16:26:17,792 saml2.entity:DEBUG Loaded request
2014-09-19 16:26:17,792 saml2.entity:DEBUG Verified request
2014-09-19 16:26:34,299 saml2:INFO Logging started
2014-09-19 16:26:49,175 saml2.entity:INFO receiver addresses: ['http://localhost:8088/sso/redirect']
2014-09-19 16:26:49,175 saml2.entity:INFO Binding: urn:oasis:names:tc:SAML:2.0:bindings:HTTP-Redirect
2014-09-19 16:26:49,176 saml2.request:INFO xmlstr: <?xml version='1.0' encoding='UTF-8'?>
<ns0:AuthnRequest xmlns:ns0="urn:oasis:names:tc:SAML:2.0:protocol" xmlns:ns1="urn:oasis:names:tc:SAML:2.0:assertion" AssertionConsumerServiceURL="https://localhost:8087/acs/redirect" Destination="http://localhost:8088/sso/redirect" ForceAuthn="false" ID="id-316ff408f0cdc4bd2c3fe80b130a98b9" IssueInstant="2014-09-19T14:26:49Z" ProtocolBinding="urn:oasis:names:tc:SAML:2.0:bindings:HTTP-Redirect" Version="2.0"><ns1:Issuer Format="urn:oasis:names:tc:SAML:2.0:nameid-format:entity">https://localhost:8087/sp.xml</ns1:Issuer><ns0:NameIDPolicy AllowCreate="false" Format="urn:oasis:names:tc:SAML:2.0:nameid-format:persistent" /></ns0:AuthnRequest>
2014-09-19 16:26:49,176 saml2.request:INFO request: <?xml version='1.0' encoding='UTF-8'?>
<ns0:AuthnRequest xmlns:ns0="urn:oasis:names:tc:SAML:2.0:protocol" xmlns:ns1="urn:oasis:names:tc:SAML:2.0:assertion" AssertionConsumerServiceURL="https://localhost:8087/acs/redirect" Destination="http://localhost:8088/sso/redirect" ForceAuthn="false" ID="id-316ff408f0cdc4bd2c3fe80b130a98b9" IssueInstant="2014-09-19T14:26:49Z" ProtocolBinding="urn:oasis:names:tc:SAML:2.0:bindings:HTTP-Redirect" Version="2.0"><ns1:Issuer Format="urn:oasis:names:tc:SAML:2.0:nameid-format:entity">https://localhost:8087/sp.xml</ns1:Issuer><ns0:NameIDPolicy AllowCreate="false" Format="urn:oasis:names:tc:SAML:2.0:nameid-format:persistent" /></ns0:AuthnRequest>
2014-09-19 16:26:49,180 saml2.entity:DEBUG Loaded request
2014-09-19 16:26:49,180 saml2.entity:DEBUG Verified request
2014-09-19 16:26:56,130 saml2.mdstore:DEBUG service(https://localhost:8087/sp.xml, spsso_descriptor, assertion_consumer_service, urn:oasis:names:tc:SAML:2.0:bindings:HTTP-Redirect)
2014-09-19 16:26:56,130 saml2.mdstore:DEBUG service => [{'index': '1', 'binding': 'urn:oasis:names:tc:SAML:2.0:bindings:HTTP-Redirect', '__class__': 'urn:oasis:names:tc:SAML:2.0:metadata&AssertionConsumerService', 'location': 'https://localhost:8087/acs/redirect'}]
2014-09-19 16:26:56,130 saml2.mdstore:DEBUG service(https://localhost:8087/sp.xml, spsso_descriptor, assertion_consumer_service, urn:oasis:names:tc:SAML:2.0:bindings:HTTP-Redirect)
2014-09-19 16:26:56,130 saml2.mdstore:DEBUG service => [{'index': '1', 'binding': 'urn:oasis:names:tc:SAML:2.0:bindings:HTTP-Redirect', '__class__': 'urn:oasis:names:tc:SAML:2.0:metadata&AssertionConsumerService', 'location': 'https://localhost:8087/acs/redirect'}]
2014-09-19 16:26:56,134 saml2.entity:INFO HTTP REDIRECT
2014-09-19 16:33:05,984 saml2:INFO Logging started
2014-09-19 16:33:29,387 saml2.entity:INFO receiver addresses: ['http://localhost:8088/sso/redirect']
2014-09-19 16:33:29,387 saml2.entity:INFO Binding: urn:oasis:names:tc:SAML:2.0:bindings:HTTP-Redirect
2014-09-19 16:33:29,387 saml2.request:INFO xmlstr: <?xml version='1.0' encoding='UTF-8'?>
<ns0:AuthnRequest xmlns:ns0="urn:oasis:names:tc:SAML:2.0:protocol" xmlns:ns1="urn:oasis:names:tc:SAML:2.0:assertion" AssertionConsumerServiceURL="https://localhost:8087/acs/redirect" Destination="http://localhost:8088/sso/redirect" ForceAuthn="false" ID="id-c4df48da9bb0536e676397220919a407" IssueInstant="2014-09-19T14:33:29Z" ProtocolBinding="urn:oasis:names:tc:SAML:2.0:bindings:HTTP-Redirect" Version="2.0"><ns1:Issuer Format="urn:oasis:names:tc:SAML:2.0:nameid-format:entity">https://localhost:8087/sp.xml</ns1:Issuer><ns0:NameIDPolicy AllowCreate="false" Format="urn:oasis:names:tc:SAML:2.0:nameid-format:persistent" /></ns0:AuthnRequest>
2014-09-19 16:33:29,388 saml2.request:INFO request: <?xml version='1.0' encoding='UTF-8'?>
<ns0:AuthnRequest xmlns:ns0="urn:oasis:names:tc:SAML:2.0:protocol" xmlns:ns1="urn:oasis:names:tc:SAML:2.0:assertion" AssertionConsumerServiceURL="https://localhost:8087/acs/redirect" Destination="http://localhost:8088/sso/redirect" ForceAuthn="false" ID="id-c4df48da9bb0536e676397220919a407" IssueInstant="2014-09-19T14:33:29Z" ProtocolBinding="urn:oasis:names:tc:SAML:2.0:bindings:HTTP-Redirect" Version="2.0"><ns1:Issuer Format="urn:oasis:names:tc:SAML:2.0:nameid-format:entity">https://localhost:8087/sp.xml</ns1:Issuer><ns0:NameIDPolicy AllowCreate="false" Format="urn:oasis:names:tc:SAML:2.0:nameid-format:persistent" /></ns0:AuthnRequest>
2014-09-19 16:33:29,393 saml2.entity:DEBUG Loaded request
2014-09-19 16:33:29,393 saml2.entity:DEBUG Verified request
2014-09-19 16:33:36,323 saml2.mdstore:DEBUG service(https://localhost:8087/sp.xml, spsso_descriptor, assertion_consumer_service, urn:oasis:names:tc:SAML:2.0:bindings:HTTP-Redirect)
2014-09-19 16:33:36,323 saml2.mdstore:DEBUG service => [{'index': '1', 'binding': 'urn:oasis:names:tc:SAML:2.0:bindings:HTTP-Redirect', '__class__': 'urn:oasis:names:tc:SAML:2.0:metadata&AssertionConsumerService', 'location': 'https://localhost:8087/acs/redirect'}]
2014-09-19 16:33:36,323 saml2.mdstore:DEBUG service(https://localhost:8087/sp.xml, spsso_descriptor, assertion_consumer_service, urn:oasis:names:tc:SAML:2.0:bindings:HTTP-Redirect)
2014-09-19 16:33:36,323 saml2.mdstore:DEBUG service => [{'index': '1', 'binding': 'urn:oasis:names:tc:SAML:2.0:bindings:HTTP-Redirect', '__class__': 'urn:oasis:names:tc:SAML:2.0:metadata&AssertionConsumerService', 'location': 'https://localhost:8087/acs/redirect'}]
2014-09-19 16:33:36,326 saml2.entity:INFO HTTP REDIRECT
2014-09-19 16:35:04,730 saml2.entity:INFO receiver addresses: ['http://localhost:8088/sso/redirect']
2014-09-19 16:35:04,730 saml2.entity:INFO Binding: urn:oasis:names:tc:SAML:2.0:bindings:HTTP-Redirect
2014-09-19 16:35:04,730 saml2.request:INFO xmlstr: <?xml version='1.0' encoding='UTF-8'?>
<ns0:AuthnRequest xmlns:ns0="urn:oasis:names:tc:SAML:2.0:protocol" xmlns:ns1="urn:oasis:names:tc:SAML:2.0:assertion" AssertionConsumerServiceURL="https://localhost:8087/acs/redirect" Destination="http://localhost:8088/sso/redirect" ForceAuthn="false" ID="id-4174323cee4fb623129b503acafcc25b" IssueInstant="2014-09-19T14:35:04Z" ProtocolBinding="urn:oasis:names:tc:SAML:2.0:bindings:HTTP-Redirect" Version="2.0"><ns1:Issuer Format="urn:oasis:names:tc:SAML:2.0:nameid-format:entity">https://localhost:8087/sp.xml</ns1:Issuer><ns0:NameIDPolicy AllowCreate="false" Format="urn:oasis:names:tc:SAML:2.0:nameid-format:persistent" /></ns0:AuthnRequest>
2014-09-19 16:35:04,731 saml2.request:INFO request: <?xml version='1.0' encoding='UTF-8'?>
<ns0:AuthnRequest xmlns:ns0="urn:oasis:names:tc:SAML:2.0:protocol" xmlns:ns1="urn:oasis:names:tc:SAML:2.0:assertion" AssertionConsumerServiceURL="https://localhost:8087/acs/redirect" Destination="http://localhost:8088/sso/redirect" ForceAuthn="false" ID="id-4174323cee4fb623129b503acafcc25b" IssueInstant="2014-09-19T14:35:04Z" ProtocolBinding="urn:oasis:names:tc:SAML:2.0:bindings:HTTP-Redirect" Version="2.0"><ns1:Issuer Format="urn:oasis:names:tc:SAML:2.0:nameid-format:entity">https://localhost:8087/sp.xml</ns1:Issuer><ns0:NameIDPolicy AllowCreate="false" Format="urn:oasis:names:tc:SAML:2.0:nameid-format:persistent" /></ns0:AuthnRequest>
2014-09-19 16:35:04,731 saml2.entity:DEBUG Loaded request
2014-09-19 16:35:04,731 saml2.entity:DEBUG Verified request
2014-09-19 16:35:18,770 saml2:INFO Logging started
2014-09-19 16:35:47,646 saml2.entity:INFO receiver addresses: ['http://localhost:8088/sso/redirect']
2014-09-19 16:35:47,647 saml2.entity:INFO Binding: urn:oasis:names:tc:SAML:2.0:bindings:HTTP-Redirect
2014-09-19 16:35:47,647 saml2.request:INFO xmlstr: <?xml version='1.0' encoding='UTF-8'?>
<ns0:AuthnRequest xmlns:ns0="urn:oasis:names:tc:SAML:2.0:protocol" xmlns:ns1="urn:oasis:names:tc:SAML:2.0:assertion" AssertionConsumerServiceURL="https://localhost:8087/acs/redirect" Destination="http://localhost:8088/sso/redirect" ForceAuthn="false" ID="id-fe688222db78757ef7250477c4ac1c69" IssueInstant="2014-09-19T14:35:47Z" ProtocolBinding="urn:oasis:names:tc:SAML:2.0:bindings:HTTP-Redirect" Version="2.0"><ns1:Issuer Format="urn:oasis:names:tc:SAML:2.0:nameid-format:entity">https://localhost:8087/sp.xml</ns1:Issuer><ns0:NameIDPolicy AllowCreate="false" Format="urn:oasis:names:tc:SAML:2.0:nameid-format:persistent" /></ns0:AuthnRequest>
2014-09-19 16:35:47,647 saml2.request:INFO request: <?xml version='1.0' encoding='UTF-8'?>
<ns0:AuthnRequest xmlns:ns0="urn:oasis:names:tc:SAML:2.0:protocol" xmlns:ns1="urn:oasis:names:tc:SAML:2.0:assertion" AssertionConsumerServiceURL="https://localhost:8087/acs/redirect" Destination="http://localhost:8088/sso/redirect" ForceAuthn="false" ID="id-fe688222db78757ef7250477c4ac1c69" IssueInstant="2014-09-19T14:35:47Z" ProtocolBinding="urn:oasis:names:tc:SAML:2.0:bindings:HTTP-Redirect" Version="2.0"><ns1:Issuer Format="urn:oasis:names:tc:SAML:2.0:nameid-format:entity">https://localhost:8087/sp.xml</ns1:Issuer><ns0:NameIDPolicy AllowCreate="false" Format="urn:oasis:names:tc:SAML:2.0:nameid-format:persistent" /></ns0:AuthnRequest>
2014-09-19 16:35:47,651 saml2.entity:DEBUG Loaded request
2014-09-19 16:35:47,651 saml2.entity:DEBUG Verified request
2014-09-19 16:35:55,607 saml2.mdstore:DEBUG service(https://localhost:8087/sp.xml, spsso_descriptor, assertion_consumer_service, urn:oasis:names:tc:SAML:2.0:bindings:HTTP-Redirect)
2014-09-19 16:35:55,607 saml2.mdstore:DEBUG service => [{'index': '1', 'binding': 'urn:oasis:names:tc:SAML:2.0:bindings:HTTP-Redirect', '__class__': 'urn:oasis:names:tc:SAML:2.0:metadata&AssertionConsumerService', 'location': 'https://localhost:8087/acs/redirect'}]
2014-09-19 16:35:55,607 saml2.mdstore:DEBUG service(https://localhost:8087/sp.xml, spsso_descriptor, assertion_consumer_service, urn:oasis:names:tc:SAML:2.0:bindings:HTTP-Redirect)
2014-09-19 16:35:55,607 saml2.mdstore:DEBUG service => [{'index': '1', 'binding': 'urn:oasis:names:tc:SAML:2.0:bindings:HTTP-Redirect', '__class__': 'urn:oasis:names:tc:SAML:2.0:metadata&AssertionConsumerService', 'location': 'https://localhost:8087/acs/redirect'}]
2014-09-19 16:35:55,611 saml2.entity:INFO HTTP REDIRECT
2014-09-19 16:38:55,401 saml2:INFO Logging started
2014-09-19 16:39:30,359 saml2.entity:INFO receiver addresses: ['http://localhost:8088/sso/redirect']
2014-09-19 16:39:30,360 saml2.entity:INFO Binding: urn:oasis:names:tc:SAML:2.0:bindings:HTTP-Redirect
2014-09-19 16:39:30,360 saml2.request:INFO xmlstr: <?xml version='1.0' encoding='UTF-8'?>
<ns0:AuthnRequest xmlns:ns0="urn:oasis:names:tc:SAML:2.0:protocol" xmlns:ns1="urn:oasis:names:tc:SAML:2.0:assertion" AssertionConsumerServiceURL="https://localhost:8087/acs/redirect" Destination="http://localhost:8088/sso/redirect" ForceAuthn="false" ID="id-9650dde9d99b653e3afbf922d2eec552" IssueInstant="2014-09-19T14:39:30Z" ProtocolBinding="urn:oasis:names:tc:SAML:2.0:bindings:HTTP-Redirect" Version="2.0"><ns1:Issuer Format="urn:oasis:names:tc:SAML:2.0:nameid-format:entity">https://localhost:8087/sp.xml</ns1:Issuer><ns0:NameIDPolicy AllowCreate="false" Format="urn:oasis:names:tc:SAML:2.0:nameid-format:persistent" /></ns0:AuthnRequest>
2014-09-19 16:39:30,360 saml2.request:INFO request: <?xml version='1.0' encoding='UTF-8'?>
<ns0:AuthnRequest xmlns:ns0="urn:oasis:names:tc:SAML:2.0:protocol" xmlns:ns1="urn:oasis:names:tc:SAML:2.0:assertion" AssertionConsumerServiceURL="https://localhost:8087/acs/redirect" Destination="http://localhost:8088/sso/redirect" ForceAuthn="false" ID="id-9650dde9d99b653e3afbf922d2eec552" IssueInstant="2014-09-19T14:39:30Z" ProtocolBinding="urn:oasis:names:tc:SAML:2.0:bindings:HTTP-Redirect" Version="2.0"><ns1:Issuer Format="urn:oasis:names:tc:SAML:2.0:nameid-format:entity">https://localhost:8087/sp.xml</ns1:Issuer><ns0:NameIDPolicy AllowCreate="false" Format="urn:oasis:names:tc:SAML:2.0:nameid-format:persistent" /></ns0:AuthnRequest>
2014-09-19 16:39:30,364 saml2.entity:DEBUG Loaded request
2014-09-19 16:39:30,364 saml2.entity:DEBUG Verified request
2014-09-19 16:39:36,739 saml2.mdstore:DEBUG service(https://localhost:8087/sp.xml, spsso_descriptor, assertion_consumer_service, urn:oasis:names:tc:SAML:2.0:bindings:HTTP-Redirect)
2014-09-19 16:39:36,739 saml2.mdstore:DEBUG service => [{'index': '1', 'binding': 'urn:oasis:names:tc:SAML:2.0:bindings:HTTP-Redirect', '__class__': 'urn:oasis:names:tc:SAML:2.0:metadata&AssertionConsumerService', 'location': 'https://localhost:8087/acs/redirect'}]
2014-09-19 16:39:36,739 saml2.mdstore:DEBUG service(https://localhost:8087/sp.xml, spsso_descriptor, assertion_consumer_service, urn:oasis:names:tc:SAML:2.0:bindings:HTTP-Redirect)
2014-09-19 16:39:36,739 saml2.mdstore:DEBUG service => [{'index': '1', 'binding': 'urn:oasis:names:tc:SAML:2.0:bindings:HTTP-Redirect', '__class__': 'urn:oasis:names:tc:SAML:2.0:metadata&AssertionConsumerService', 'location': 'https://localhost:8087/acs/redirect'}]
2014-09-19 16:39:36,742 saml2.entity:INFO HTTP REDIRECT
2014-09-19 16:57:07,548 saml2:INFO Logging started
2014-09-19 16:58:13,540 saml2.entity:INFO receiver addresses: ['http://localhost:8088/sso/redirect']
2014-09-19 16:58:13,540 saml2.entity:INFO Binding: urn:oasis:names:tc:SAML:2.0:bindings:HTTP-Redirect
2014-09-19 16:58:13,541 saml2.request:INFO xmlstr: <?xml version='1.0' encoding='UTF-8'?>
<ns0:AuthnRequest xmlns:ns0="urn:oasis:names:tc:SAML:2.0:protocol" xmlns:ns1="urn:oasis:names:tc:SAML:2.0:assertion" AssertionConsumerServiceURL="https://localhost:8087/acs/redirect" Destination="http://localhost:8088/sso/redirect" ForceAuthn="false" ID="id-1afb0e340a039aa35320b4497e2ef472" IssueInstant="2014-09-19T14:58:13Z" ProtocolBinding="urn:oasis:names:tc:SAML:2.0:bindings:HTTP-Redirect" Version="2.0"><ns1:Issuer Format="urn:oasis:names:tc:SAML:2.0:nameid-format:entity">https://localhost:8087/sp.xml</ns1:Issuer><ns0:NameIDPolicy AllowCreate="false" Format="urn:oasis:names:tc:SAML:2.0:nameid-format:persistent" /></ns0:AuthnRequest>
2014-09-19 16:58:13,541 saml2.request:INFO request: <?xml version='1.0' encoding='UTF-8'?>
<ns0:AuthnRequest xmlns:ns0="urn:oasis:names:tc:SAML:2.0:protocol" xmlns:ns1="urn:oasis:names:tc:SAML:2.0:assertion" AssertionConsumerServiceURL="https://localhost:8087/acs/redirect" Destination="http://localhost:8088/sso/redirect" ForceAuthn="false" ID="id-1afb0e340a039aa35320b4497e2ef472" IssueInstant="2014-09-19T14:58:13Z" ProtocolBinding="urn:oasis:names:tc:SAML:2.0:bindings:HTTP-Redirect" Version="2.0"><ns1:Issuer Format="urn:oasis:names:tc:SAML:2.0:nameid-format:entity">https://localhost:8087/sp.xml</ns1:Issuer><ns0:NameIDPolicy AllowCreate="false" Format="urn:oasis:names:tc:SAML:2.0:nameid-format:persistent" /></ns0:AuthnRequest>
2014-09-19 16:58:13,545 saml2.entity:DEBUG Loaded request
2014-09-19 16:58:13,545 saml2.entity:DEBUG Verified request
2014-09-19 16:58:20,621 saml2.mdstore:DEBUG service(https://localhost:8087/sp.xml, spsso_descriptor, assertion_consumer_service, urn:oasis:names:tc:SAML:2.0:bindings:HTTP-Redirect)
2014-09-19 16:58:20,621 saml2.mdstore:DEBUG service => [{'index': '1', 'binding': 'urn:oasis:names:tc:SAML:2.0:bindings:HTTP-Redirect', '__class__': 'urn:oasis:names:tc:SAML:2.0:metadata&AssertionConsumerService', 'location': 'https://localhost:8087/acs/redirect'}]
2014-09-19 16:58:20,621 saml2.mdstore:DEBUG service(https://localhost:8087/sp.xml, spsso_descriptor, assertion_consumer_service, urn:oasis:names:tc:SAML:2.0:bindings:HTTP-Redirect)
2014-09-19 16:58:20,622 saml2.mdstore:DEBUG service => [{'index': '1', 'binding': 'urn:oasis:names:tc:SAML:2.0:bindings:HTTP-Redirect', '__class__': 'urn:oasis:names:tc:SAML:2.0:metadata&AssertionConsumerService', 'location': 'https://localhost:8087/acs/redirect'}]
2014-09-19 16:58:20,625 saml2.entity:INFO HTTP REDIRECT
2014-09-19 17:02:49,930 saml2:INFO Logging started
2014-09-19 17:02:58,373 saml2.entity:INFO receiver addresses: ['http://localhost:8088/sso/redirect']
2014-09-19 17:02:58,374 saml2.entity:INFO Binding: urn:oasis:names:tc:SAML:2.0:bindings:HTTP-Redirect
2014-09-19 17:02:58,374 saml2.request:INFO xmlstr: <?xml version='1.0' encoding='UTF-8'?>
<ns0:AuthnRequest xmlns:ns0="urn:oasis:names:tc:SAML:2.0:protocol" xmlns:ns1="urn:oasis:names:tc:SAML:2.0:assertion" AssertionConsumerServiceURL="https://localhost:8087/acs/redirect" Destination="http://localhost:8088/sso/redirect" ForceAuthn="false" ID="id-76c072a82253b7d5f83b63e3ad515c69" IssueInstant="2014-09-19T15:02:58Z" ProtocolBinding="urn:oasis:names:tc:SAML:2.0:bindings:HTTP-Redirect" Version="2.0"><ns1:Issuer Format="urn:oasis:names:tc:SAML:2.0:nameid-format:entity">https://localhost:8087/sp.xml</ns1:Issuer><ns0:NameIDPolicy AllowCreate="false" Format="urn:oasis:names:tc:SAML:2.0:nameid-format:persistent" /></ns0:AuthnRequest>
2014-09-19 17:02:58,374 saml2.request:INFO request: <?xml version='1.0' encoding='UTF-8'?>
<ns0:AuthnRequest xmlns:ns0="urn:oasis:names:tc:SAML:2.0:protocol" xmlns:ns1="urn:oasis:names:tc:SAML:2.0:assertion" AssertionConsumerServiceURL="https://localhost:8087/acs/redirect" Destination="http://localhost:8088/sso/redirect" ForceAuthn="false" ID="id-76c072a82253b7d5f83b63e3ad515c69" IssueInstant="2014-09-19T15:02:58Z" ProtocolBinding="urn:oasis:names:tc:SAML:2.0:bindings:HTTP-Redirect" Version="2.0"><ns1:Issuer Format="urn:oasis:names:tc:SAML:2.0:nameid-format:entity">https://localhost:8087/sp.xml</ns1:Issuer><ns0:NameIDPolicy AllowCreate="false" Format="urn:oasis:names:tc:SAML:2.0:nameid-format:persistent" /></ns0:AuthnRequest>
2014-09-19 17:02:58,378 saml2.entity:DEBUG Loaded request
2014-09-19 17:02:58,378 saml2.entity:DEBUG Verified request
2014-09-19 17:03:06,911 saml2.mdstore:DEBUG service(https://localhost:8087/sp.xml, spsso_descriptor, assertion_consumer_service, urn:oasis:names:tc:SAML:2.0:bindings:HTTP-Redirect)
2014-09-19 17:03:06,911 saml2.mdstore:DEBUG service => [{'index': '1', 'binding': 'urn:oasis:names:tc:SAML:2.0:bindings:HTTP-Redirect', '__class__': 'urn:oasis:names:tc:SAML:2.0:metadata&AssertionConsumerService', 'location': 'https://localhost:8087/acs/redirect'}]
2014-09-19 17:03:06,911 saml2.mdstore:DEBUG service(https://localhost:8087/sp.xml, spsso_descriptor, assertion_consumer_service, urn:oasis:names:tc:SAML:2.0:bindings:HTTP-Redirect)
2014-09-19 17:03:06,911 saml2.mdstore:DEBUG service => [{'index': '1', 'binding': 'urn:oasis:names:tc:SAML:2.0:bindings:HTTP-Redirect', '__class__': 'urn:oasis:names:tc:SAML:2.0:metadata&AssertionConsumerService', 'location': 'https://localhost:8087/acs/redirect'}]
2014-09-19 17:03:06,914 saml2.entity:INFO HTTP REDIRECT
2014-09-19 17:14:56,406 saml2:INFO Logging started
2014-09-19 17:15:21,978 saml2.entity:INFO receiver addresses: ['http://localhost:8088/sso/redirect']
2014-09-19 17:15:21,978 saml2.entity:INFO Binding: urn:oasis:names:tc:SAML:2.0:bindings:HTTP-Redirect
2014-09-19 17:15:21,978 saml2.request:INFO xmlstr: <?xml version='1.0' encoding='UTF-8'?>
<ns0:AuthnRequest xmlns:ns0="urn:oasis:names:tc:SAML:2.0:protocol" xmlns:ns1="urn:oasis:names:tc:SAML:2.0:assertion" AssertionConsumerServiceURL="https://localhost:8087/acs/redirect" Destination="http://localhost:8088/sso/redirect" ForceAuthn="false" ID="id-5bd14b1225b0a15d9823811279856f0a" IssueInstant="2014-09-19T15:15:21Z" ProtocolBinding="urn:oasis:names:tc:SAML:2.0:bindings:HTTP-Redirect" Version="2.0"><ns1:Issuer Format="urn:oasis:names:tc:SAML:2.0:nameid-format:entity">https://localhost:8087/sp.xml</ns1:Issuer><ns0:NameIDPolicy AllowCreate="false" Format="urn:oasis:names:tc:SAML:2.0:nameid-format:persistent" /></ns0:AuthnRequest>
2014-09-19 17:15:21,979 saml2.request:INFO request: <?xml version='1.0' encoding='UTF-8'?>
<ns0:AuthnRequest xmlns:ns0="urn:oasis:names:tc:SAML:2.0:protocol" xmlns:ns1="urn:oasis:names:tc:SAML:2.0:assertion" AssertionConsumerServiceURL="https://localhost:8087/acs/redirect" Destination="http://localhost:8088/sso/redirect" ForceAuthn="false" ID="id-5bd14b1225b0a15d9823811279856f0a" IssueInstant="2014-09-19T15:15:21Z" ProtocolBinding="urn:oasis:names:tc:SAML:2.0:bindings:HTTP-Redirect" Version="2.0"><ns1:Issuer Format="urn:oasis:names:tc:SAML:2.0:nameid-format:entity">https://localhost:8087/sp.xml</ns1:Issuer><ns0:NameIDPolicy AllowCreate="false" Format="urn:oasis:names:tc:SAML:2.0:nameid-format:persistent" /></ns0:AuthnRequest>
2014-09-19 17:15:21,984 saml2.entity:DEBUG Loaded request
2014-09-19 17:15:21,984 saml2.entity:DEBUG Verified request
2014-09-19 17:15:29,698 saml2.mdstore:DEBUG service(https://localhost:8087/sp.xml, spsso_descriptor, assertion_consumer_service, urn:oasis:names:tc:SAML:2.0:bindings:HTTP-Redirect)
2014-09-19 17:15:29,698 saml2.mdstore:DEBUG service => [{'index': '1', 'binding': 'urn:oasis:names:tc:SAML:2.0:bindings:HTTP-Redirect', '__class__': 'urn:oasis:names:tc:SAML:2.0:metadata&AssertionConsumerService', 'location': 'https://localhost:8087/acs/redirect'}]
2014-09-19 17:15:29,698 saml2.mdstore:DEBUG service(https://localhost:8087/sp.xml, spsso_descriptor, assertion_consumer_service, urn:oasis:names:tc:SAML:2.0:bindings:HTTP-Redirect)
2014-09-19 17:15:29,699 saml2.mdstore:DEBUG service => [{'index': '1', 'binding': 'urn:oasis:names:tc:SAML:2.0:bindings:HTTP-Redirect', '__class__': 'urn:oasis:names:tc:SAML:2.0:metadata&AssertionConsumerService', 'location': 'https://localhost:8087/acs/redirect'}]
2014-09-19 17:15:29,701 saml2.entity:INFO HTTP REDIRECT
2014-09-19 17:27:19,804 saml2:INFO Logging started
2014-09-19 17:27:44,496 saml2.entity:INFO receiver addresses: ['http://localhost:8088/sso/redirect']
2014-09-19 17:27:44,496 saml2.entity:INFO Binding: urn:oasis:names:tc:SAML:2.0:bindings:HTTP-Redirect
2014-09-19 17:27:44,496 saml2.request:INFO xmlstr: <?xml version='1.0' encoding='UTF-8'?>
<ns0:AuthnRequest xmlns:ns0="urn:oasis:names:tc:SAML:2.0:protocol" xmlns:ns1="urn:oasis:names:tc:SAML:2.0:assertion" AssertionConsumerServiceURL="https://localhost:8087/acs/redirect" Destination="http://localhost:8088/sso/redirect" ForceAuthn="false" ID="id-21e1cb79c05725a3e646108a66f8fe44" IssueInstant="2014-09-19T15:27:44Z" ProtocolBinding="urn:oasis:names:tc:SAML:2.0:bindings:HTTP-Redirect" Version="2.0"><ns1:Issuer Format="urn:oasis:names:tc:SAML:2.0:nameid-format:entity">https://localhost:8087/sp.xml</ns1:Issuer><ns0:NameIDPolicy AllowCreate="false" Format="urn:oasis:names:tc:SAML:2.0:nameid-format:persistent" /></ns0:AuthnRequest>
2014-09-19 17:27:44,497 saml2.request:INFO request: <?xml version='1.0' encoding='UTF-8'?>
<ns0:AuthnRequest xmlns:ns0="urn:oasis:names:tc:SAML:2.0:protocol" xmlns:ns1="urn:oasis:names:tc:SAML:2.0:assertion" AssertionConsumerServiceURL="https://localhost:8087/acs/redirect" Destination="http://localhost:8088/sso/redirect" ForceAuthn="false" ID="id-21e1cb79c05725a3e646108a66f8fe44" IssueInstant="2014-09-19T15:27:44Z" ProtocolBinding="urn:oasis:names:tc:SAML:2.0:bindings:HTTP-Redirect" Version="2.0"><ns1:Issuer Format="urn:oasis:names:tc:SAML:2.0:nameid-format:entity">https://localhost:8087/sp.xml</ns1:Issuer><ns0:NameIDPolicy AllowCreate="false" Format="urn:oasis:names:tc:SAML:2.0:nameid-format:persistent" /></ns0:AuthnRequest>
2014-09-19 17:27:44,501 saml2.entity:DEBUG Loaded request
2014-09-19 17:27:44,501 saml2.entity:DEBUG Verified request
2014-09-19 17:27:53,386 saml2.mdstore:DEBUG service(https://localhost:8087/sp.xml, spsso_descriptor, assertion_consumer_service, urn:oasis:names:tc:SAML:2.0:bindings:HTTP-Redirect)
2014-09-19 17:27:53,386 saml2.mdstore:DEBUG service => [{'index': '1', 'binding': 'urn:oasis:names:tc:SAML:2.0:bindings:HTTP-Redirect', '__class__': 'urn:oasis:names:tc:SAML:2.0:metadata&AssertionConsumerService', 'location': 'https://localhost:8087/acs/redirect'}]
2014-09-19 17:27:53,387 saml2.mdstore:DEBUG service(https://localhost:8087/sp.xml, spsso_descriptor, assertion_consumer_service, urn:oasis:names:tc:SAML:2.0:bindings:HTTP-Redirect)
2014-09-19 17:27:53,387 saml2.mdstore:DEBUG service => [{'index': '1', 'binding': 'urn:oasis:names:tc:SAML:2.0:bindings:HTTP-Redirect', '__class__': 'urn:oasis:names:tc:SAML:2.0:metadata&AssertionConsumerService', 'location': 'https://localhost:8087/acs/redirect'}]
2014-09-19 17:27:53,389 saml2.entity:INFO HTTP REDIRECT
2014-09-19 17:28:50,315 saml2:INFO Logging started
2014-09-19 17:29:02,663 saml2.entity:INFO receiver addresses: ['http://localhost:8088/sso/redirect']
2014-09-19 17:29:02,663 saml2.entity:INFO Binding: urn:oasis:names:tc:SAML:2.0:bindings:HTTP-Redirect
2014-09-19 17:29:02,663 saml2.request:INFO xmlstr: <?xml version='1.0' encoding='UTF-8'?>
<ns0:AuthnRequest xmlns:ns0="urn:oasis:names:tc:SAML:2.0:protocol" xmlns:ns1="urn:oasis:names:tc:SAML:2.0:assertion" AssertionConsumerServiceURL="https://localhost:8087/acs/redirect" Destination="http://localhost:8088/sso/redirect" ForceAuthn="false" ID="id-d382e70d931caad19f6d02508808b5fd" IssueInstant="2014-09-19T15:29:02Z" ProtocolBinding="urn:oasis:names:tc:SAML:2.0:bindings:HTTP-Redirect" Version="2.0"><ns1:Issuer Format="urn:oasis:names:tc:SAML:2.0:nameid-format:entity">https://localhost:8087/sp.xml</ns1:Issuer><ns0:NameIDPolicy AllowCreate="false" Format="urn:oasis:names:tc:SAML:2.0:nameid-format:persistent" /></ns0:AuthnRequest>
2014-09-19 17:29:02,663 saml2.request:INFO request: <?xml version='1.0' encoding='UTF-8'?>
<ns0:AuthnRequest xmlns:ns0="urn:oasis:names:tc:SAML:2.0:protocol" xmlns:ns1="urn:oasis:names:tc:SAML:2.0:assertion" AssertionConsumerServiceURL="https://localhost:8087/acs/redirect" Destination="http://localhost:8088/sso/redirect" ForceAuthn="false" ID="id-d382e70d931caad19f6d02508808b5fd" IssueInstant="2014-09-19T15:29:02Z" ProtocolBinding="urn:oasis:names:tc:SAML:2.0:bindings:HTTP-Redirect" Version="2.0"><ns1:Issuer Format="urn:oasis:names:tc:SAML:2.0:nameid-format:entity">https://localhost:8087/sp.xml</ns1:Issuer><ns0:NameIDPolicy AllowCreate="false" Format="urn:oasis:names:tc:SAML:2.0:nameid-format:persistent" /></ns0:AuthnRequest>
2014-09-19 17:29:02,667 saml2.entity:DEBUG Loaded request
2014-09-19 17:29:02,668 saml2.entity:DEBUG Verified request
2014-09-19 17:29:09,076 saml2.mdstore:DEBUG service(https://localhost:8087/sp.xml, spsso_descriptor, assertion_consumer_service, urn:oasis:names:tc:SAML:2.0:bindings:HTTP-Redirect)
2014-09-19 17:29:09,077 saml2.mdstore:DEBUG service => [{'index': '1', 'binding': 'urn:oasis:names:tc:SAML:2.0:bindings:HTTP-Redirect', '__class__': 'urn:oasis:names:tc:SAML:2.0:metadata&AssertionConsumerService', 'location': 'https://localhost:8087/acs/redirect'}]
2014-09-19 17:29:09,077 saml2.mdstore:DEBUG service(https://localhost:8087/sp.xml, spsso_descriptor, assertion_consumer_service, urn:oasis:names:tc:SAML:2.0:bindings:HTTP-Redirect)
2014-09-19 17:29:09,077 saml2.mdstore:DEBUG service => [{'index': '1', 'binding': 'urn:oasis:names:tc:SAML:2.0:bindings:HTTP-Redirect', '__class__': 'urn:oasis:names:tc:SAML:2.0:metadata&AssertionConsumerService', 'location': 'https://localhost:8087/acs/redirect'}]
2014-09-19 17:29:09,081 saml2.entity:INFO HTTP REDIRECT
2014-09-19 17:32:28,558 saml2.entity:INFO receiver addresses: ['http://localhost:8088/sso/redirect']
2014-09-19 17:32:28,558 saml2.entity:INFO Binding: urn:oasis:names:tc:SAML:2.0:bindings:HTTP-Redirect
2014-09-19 17:32:28,558 saml2.request:INFO xmlstr: <?xml version='1.0' encoding='UTF-8'?>
<ns0:AuthnRequest xmlns:ns0="urn:oasis:names:tc:SAML:2.0:protocol" xmlns:ns1="urn:oasis:names:tc:SAML:2.0:assertion" AssertionConsumerServiceURL="https://localhost:8087/acs/redirect" Destination="http://localhost:8088/sso/redirect" ForceAuthn="false" ID="id-2d1e5ee1043c28252ddf7243c4e4a5b3" IssueInstant="2014-09-19T15:32:28Z" ProtocolBinding="urn:oasis:names:tc:SAML:2.0:bindings:HTTP-Redirect" Version="2.0"><ns1:Issuer Format="urn:oasis:names:tc:SAML:2.0:nameid-format:entity">https://localhost:8087/sp.xml</ns1:Issuer><ns0:NameIDPolicy AllowCreate="false" Format="urn:oasis:names:tc:SAML:2.0:nameid-format:persistent" /></ns0:AuthnRequest>
2014-09-19 17:32:28,558 saml2.request:INFO request: <?xml version='1.0' encoding='UTF-8'?>
<ns0:AuthnRequest xmlns:ns0="urn:oasis:names:tc:SAML:2.0:protocol" xmlns:ns1="urn:oasis:names:tc:SAML:2.0:assertion" AssertionConsumerServiceURL="https://localhost:8087/acs/redirect" Destination="http://localhost:8088/sso/redirect" ForceAuthn="false" ID="id-2d1e5ee1043c28252ddf7243c4e4a5b3" IssueInstant="2014-09-19T15:32:28Z" ProtocolBinding="urn:oasis:names:tc:SAML:2.0:bindings:HTTP-Redirect" Version="2.0"><ns1:Issuer Format="urn:oasis:names:tc:SAML:2.0:nameid-format:entity">https://localhost:8087/sp.xml</ns1:Issuer><ns0:NameIDPolicy AllowCreate="false" Format="urn:oasis:names:tc:SAML:2.0:nameid-format:persistent" /></ns0:AuthnRequest>
2014-09-19 17:32:28,559 saml2.entity:DEBUG Loaded request
2014-09-19 17:32:28,559 saml2.entity:DEBUG Verified request
2014-09-19 17:32:43,230 saml2:INFO Logging started
2014-09-19 17:32:56,007 saml2.entity:INFO receiver addresses: ['http://localhost:8088/sso/redirect']
2014-09-19 17:32:56,007 saml2.entity:INFO Binding: urn:oasis:names:tc:SAML:2.0:bindings:HTTP-Redirect
2014-09-19 17:32:56,007 saml2.request:INFO xmlstr: <?xml version='1.0' encoding='UTF-8'?>
<ns0:AuthnRequest xmlns:ns0="urn:oasis:names:tc:SAML:2.0:protocol" xmlns:ns1="urn:oasis:names:tc:SAML:2.0:assertion" AssertionConsumerServiceURL="https://localhost:8087/acs/redirect" Destination="http://localhost:8088/sso/redirect" ForceAuthn="false" ID="id-ba8ceec30599974597fb7ee30ca97380" IssueInstant="2014-09-19T15:32:55Z" ProtocolBinding="urn:oasis:names:tc:SAML:2.0:bindings:HTTP-Redirect" Version="2.0"><ns1:Issuer Format="urn:oasis:names:tc:SAML:2.0:nameid-format:entity">https://localhost:8087/sp.xml</ns1:Issuer><ns0:NameIDPolicy AllowCreate="false" Format="urn:oasis:names:tc:SAML:2.0:nameid-format:persistent" /></ns0:AuthnRequest>
2014-09-19 17:32:56,008 saml2.request:INFO request: <?xml version='1.0' encoding='UTF-8'?>
<ns0:AuthnRequest xmlns:ns0="urn:oasis:names:tc:SAML:2.0:protocol" xmlns:ns1="urn:oasis:names:tc:SAML:2.0:assertion" AssertionConsumerServiceURL="https://localhost:8087/acs/redirect" Destination="http://localhost:8088/sso/redirect" ForceAuthn="false" ID="id-ba8ceec30599974597fb7ee30ca97380" IssueInstant="2014-09-19T15:32:55Z" ProtocolBinding="urn:oasis:names:tc:SAML:2.0:bindings:HTTP-Redirect" Version="2.0"><ns1:Issuer Format="urn:oasis:names:tc:SAML:2.0:nameid-format:entity">https://localhost:8087/sp.xml</ns1:Issuer><ns0:NameIDPolicy AllowCreate="false" Format="urn:oasis:names:tc:SAML:2.0:nameid-format:persistent" /></ns0:AuthnRequest>
2014-09-19 17:32:56,012 saml2.entity:DEBUG Loaded request
2014-09-19 17:32:56,012 saml2.entity:DEBUG Verified request
2014-09-19 17:33:02,462 saml2.mdstore:DEBUG service(https://localhost:8087/sp.xml, spsso_descriptor, assertion_consumer_service, urn:oasis:names:tc:SAML:2.0:bindings:HTTP-Redirect)
2014-09-19 17:33:02,462 saml2.mdstore:DEBUG service => [{'index': '1', 'binding': 'urn:oasis:names:tc:SAML:2.0:bindings:HTTP-Redirect', '__class__': 'urn:oasis:names:tc:SAML:2.0:metadata&AssertionConsumerService', 'location': 'https://localhost:8087/acs/redirect'}]
2014-09-19 17:33:02,462 saml2.mdstore:DEBUG service(https://localhost:8087/sp.xml, spsso_descriptor, assertion_consumer_service, urn:oasis:names:tc:SAML:2.0:bindings:HTTP-Redirect)
2014-09-19 17:33:02,463 saml2.mdstore:DEBUG service => [{'index': '1', 'binding': 'urn:oasis:names:tc:SAML:2.0:bindings:HTTP-Redirect', '__class__': 'urn:oasis:names:tc:SAML:2.0:metadata&AssertionConsumerService', 'location': 'https://localhost:8087/acs/redirect'}]
2014-09-19 17:33:02,465 saml2.entity:INFO HTTP REDIRECT
2014-09-19 17:34:18,271 saml2:INFO Logging started
2014-09-19 17:34:39,172 saml2.entity:INFO receiver addresses: ['http://localhost:8088/sso/redirect']
2014-09-19 17:34:39,172 saml2.entity:INFO Binding: urn:oasis:names:tc:SAML:2.0:bindings:HTTP-Redirect
2014-09-19 17:34:39,172 saml2.request:INFO xmlstr: <?xml version='1.0' encoding='UTF-8'?>
<ns0:AuthnRequest xmlns:ns0="urn:oasis:names:tc:SAML:2.0:protocol" xmlns:ns1="urn:oasis:names:tc:SAML:2.0:assertion" AssertionConsumerServiceURL="https://localhost:8087/acs/redirect" Destination="http://localhost:8088/sso/redirect" ForceAuthn="false" ID="id-84f835851e87941ed47262f9c9959839" IssueInstant="2014-09-19T15:34:39Z" ProtocolBinding="urn:oasis:names:tc:SAML:2.0:bindings:HTTP-Redirect" Version="2.0"><ns1:Issuer Format="urn:oasis:names:tc:SAML:2.0:nameid-format:entity">https://localhost:8087/sp.xml</ns1:Issuer><ns0:NameIDPolicy AllowCreate="false" Format="urn:oasis:names:tc:SAML:2.0:nameid-format:persistent" /></ns0:AuthnRequest>
2014-09-19 17:34:39,173 saml2.request:INFO request: <?xml version='1.0' encoding='UTF-8'?>
<ns0:AuthnRequest xmlns:ns0="urn:oasis:names:tc:SAML:2.0:protocol" xmlns:ns1="urn:oasis:names:tc:SAML:2.0:assertion" AssertionConsumerServiceURL="https://localhost:8087/acs/redirect" Destination="http://localhost:8088/sso/redirect" ForceAuthn="false" ID="id-84f835851e87941ed47262f9c9959839" IssueInstant="2014-09-19T15:34:39Z" ProtocolBinding="urn:oasis:names:tc:SAML:2.0:bindings:HTTP-Redirect" Version="2.0"><ns1:Issuer Format="urn:oasis:names:tc:SAML:2.0:nameid-format:entity">https://localhost:8087/sp.xml</ns1:Issuer><ns0:NameIDPolicy AllowCreate="false" Format="urn:oasis:names:tc:SAML:2.0:nameid-format:persistent" /></ns0:AuthnRequest>
2014-09-19 17:34:39,176 saml2.entity:DEBUG Loaded request
2014-09-19 17:34:39,177 saml2.entity:DEBUG Verified request
2014-09-19 17:34:46,345 saml2.mdstore:DEBUG service(https://localhost:8087/sp.xml, spsso_descriptor, assertion_consumer_service, urn:oasis:names:tc:SAML:2.0:bindings:HTTP-Redirect)
2014-09-19 17:34:46,345 saml2.mdstore:DEBUG service => [{'index': '1', 'binding': 'urn:oasis:names:tc:SAML:2.0:bindings:HTTP-Redirect', '__class__': 'urn:oasis:names:tc:SAML:2.0:metadata&AssertionConsumerService', 'location': 'https://localhost:8087/acs/redirect'}]
2014-09-19 17:34:46,345 saml2.mdstore:DEBUG service(https://localhost:8087/sp.xml, spsso_descriptor, assertion_consumer_service, urn:oasis:names:tc:SAML:2.0:bindings:HTTP-Redirect)
2014-09-19 17:34:46,345 saml2.mdstore:DEBUG service => [{'index': '1', 'binding': 'urn:oasis:names:tc:SAML:2.0:bindings:HTTP-Redirect', '__class__': 'urn:oasis:names:tc:SAML:2.0:metadata&AssertionConsumerService', 'location': 'https://localhost:8087/acs/redirect'}]
2014-09-19 17:34:46,348 saml2.entity:INFO HTTP REDIRECT
2014-09-19 17:35:21,321 saml2:INFO Logging started
2014-09-19 17:35:33,180 saml2.entity:INFO receiver addresses: ['http://localhost:8088/sso/redirect']
2014-09-19 17:35:33,180 saml2.entity:INFO Binding: urn:oasis:names:tc:SAML:2.0:bindings:HTTP-Redirect
2014-09-19 17:35:33,180 saml2.request:INFO xmlstr: <?xml version='1.0' encoding='UTF-8'?>
<ns0:AuthnRequest xmlns:ns0="urn:oasis:names:tc:SAML:2.0:protocol" xmlns:ns1="urn:oasis:names:tc:SAML:2.0:assertion" AssertionConsumerServiceURL="https://localhost:8087/acs/redirect" Destination="http://localhost:8088/sso/redirect" ForceAuthn="false" ID="id-7a80ebadee1dc4c9b029ed0b00b14263" IssueInstant="2014-09-19T15:35:33Z" ProtocolBinding="urn:oasis:names:tc:SAML:2.0:bindings:HTTP-Redirect" Version="2.0"><ns1:Issuer Format="urn:oasis:names:tc:SAML:2.0:nameid-format:entity">https://localhost:8087/sp.xml</ns1:Issuer><ns0:NameIDPolicy AllowCreate="false" Format="urn:oasis:names:tc:SAML:2.0:nameid-format:persistent" /></ns0:AuthnRequest>
2014-09-19 17:35:33,181 saml2.request:INFO request: <?xml version='1.0' encoding='UTF-8'?>
<ns0:AuthnRequest xmlns:ns0="urn:oasis:names:tc:SAML:2.0:protocol" xmlns:ns1="urn:oasis:names:tc:SAML:2.0:assertion" AssertionConsumerServiceURL="https://localhost:8087/acs/redirect" Destination="http://localhost:8088/sso/redirect" ForceAuthn="false" ID="id-7a80ebadee1dc4c9b029ed0b00b14263" IssueInstant="2014-09-19T15:35:33Z" ProtocolBinding="urn:oasis:names:tc:SAML:2.0:bindings:HTTP-Redirect" Version="2.0"><ns1:Issuer Format="urn:oasis:names:tc:SAML:2.0:nameid-format:entity">https://localhost:8087/sp.xml</ns1:Issuer><ns0:NameIDPolicy AllowCreate="false" Format="urn:oasis:names:tc:SAML:2.0:nameid-format:persistent" /></ns0:AuthnRequest>
2014-09-19 17:35:33,185 saml2.entity:DEBUG Loaded request
2014-09-19 17:35:33,185 saml2.entity:DEBUG Verified request
2014-09-19 17:35:44,432 saml2.mdstore:DEBUG service(https://localhost:8087/sp.xml, spsso_descriptor, assertion_consumer_service, urn:oasis:names:tc:SAML:2.0:bindings:HTTP-Redirect)
2014-09-19 17:35:44,432 saml2.mdstore:DEBUG service => [{'index': '1', 'binding': 'urn:oasis:names:tc:SAML:2.0:bindings:HTTP-Redirect', '__class__': 'urn:oasis:names:tc:SAML:2.0:metadata&AssertionConsumerService', 'location': 'https://localhost:8087/acs/redirect'}]
2014-09-19 17:35:44,433 saml2.mdstore:DEBUG service(https://localhost:8087/sp.xml, spsso_descriptor, assertion_consumer_service, urn:oasis:names:tc:SAML:2.0:bindings:HTTP-Redirect)
2014-09-19 17:35:44,433 saml2.mdstore:DEBUG service => [{'index': '1', 'binding': 'urn:oasis:names:tc:SAML:2.0:bindings:HTTP-Redirect', '__class__': 'urn:oasis:names:tc:SAML:2.0:metadata&AssertionConsumerService', 'location': 'https://localhost:8087/acs/redirect'}]
2014-09-19 17:35:44,436 saml2.entity:INFO HTTP REDIRECT
2014-09-19 17:36:51,908 saml2:INFO Logging started
2014-09-19 17:37:04,702 saml2.entity:INFO receiver addresses: ['http://localhost:8088/sso/redirect']
2014-09-19 17:37:04,702 saml2.entity:INFO Binding: urn:oasis:names:tc:SAML:2.0:bindings:HTTP-Redirect
2014-09-19 17:37:04,702 saml2.request:INFO xmlstr: <?xml version='1.0' encoding='UTF-8'?>
<ns0:AuthnRequest xmlns:ns0="urn:oasis:names:tc:SAML:2.0:protocol" xmlns:ns1="urn:oasis:names:tc:SAML:2.0:assertion" AssertionConsumerServiceURL="https://localhost:8087/acs/redirect" Destination="http://localhost:8088/sso/redirect" ForceAuthn="false" ID="id-3a097694fa7304a40f3db135c44c9c95" IssueInstant="2014-09-19T15:37:04Z" ProtocolBinding="urn:oasis:names:tc:SAML:2.0:bindings:HTTP-Redirect" Version="2.0"><ns1:Issuer Format="urn:oasis:names:tc:SAML:2.0:nameid-format:entity">https://localhost:8087/sp.xml</ns1:Issuer><ns0:NameIDPolicy AllowCreate="false" Format="urn:oasis:names:tc:SAML:2.0:nameid-format:persistent" /></ns0:AuthnRequest>
2014-09-19 17:37:04,703 saml2.request:INFO request: <?xml version='1.0' encoding='UTF-8'?>
<ns0:AuthnRequest xmlns:ns0="urn:oasis:names:tc:SAML:2.0:protocol" xmlns:ns1="urn:oasis:names:tc:SAML:2.0:assertion" AssertionConsumerServiceURL="https://localhost:8087/acs/redirect" Destination="http://localhost:8088/sso/redirect" ForceAuthn="false" ID="id-3a097694fa7304a40f3db135c44c9c95" IssueInstant="2014-09-19T15:37:04Z" ProtocolBinding="urn:oasis:names:tc:SAML:2.0:bindings:HTTP-Redirect" Version="2.0"><ns1:Issuer Format="urn:oasis:names:tc:SAML:2.0:nameid-format:entity">https://localhost:8087/sp.xml</ns1:Issuer><ns0:NameIDPolicy AllowCreate="false" Format="urn:oasis:names:tc:SAML:2.0:nameid-format:persistent" /></ns0:AuthnRequest>
2014-09-19 17:37:04,707 saml2.entity:DEBUG Loaded request
2014-09-19 17:37:04,707 saml2.entity:DEBUG Verified request
2014-09-19 17:37:11,798 saml2.mdstore:DEBUG service(https://localhost:8087/sp.xml, spsso_descriptor, assertion_consumer_service, urn:oasis:names:tc:SAML:2.0:bindings:HTTP-Redirect)
2014-09-19 17:37:11,798 saml2.mdstore:DEBUG service => [{'index': '1', 'binding': 'urn:oasis:names:tc:SAML:2.0:bindings:HTTP-Redirect', '__class__': 'urn:oasis:names:tc:SAML:2.0:metadata&AssertionConsumerService', 'location': 'https://localhost:8087/acs/redirect'}]
2014-09-19 17:37:11,798 saml2.mdstore:DEBUG service(https://localhost:8087/sp.xml, spsso_descriptor, assertion_consumer_service, urn:oasis:names:tc:SAML:2.0:bindings:HTTP-Redirect)
2014-09-19 17:37:11,798 saml2.mdstore:DEBUG service => [{'index': '1', 'binding': 'urn:oasis:names:tc:SAML:2.0:bindings:HTTP-Redirect', '__class__': 'urn:oasis:names:tc:SAML:2.0:metadata&AssertionConsumerService', 'location': 'https://localhost:8087/acs/redirect'}]
2014-09-19 17:37:11,801 saml2.entity:INFO HTTP REDIRECT
