This file contains any messages produced by compilers while
running configure, to aid debugging if configure makes a mistake.

It was created by mpdecimal configure 2.3, which was
generated by GNU Autoconf 2.68.  Invocation command line was

  $ ./configure MACHINE=universal

## --------- ##
## Platform. ##
## --------- ##

hostname = prefer-2.local
uname -m = x86_64
uname -r = 13.3.0
uname -s = Darwin
uname -v = Darwin Kernel Version 13.3.0: Tue Jun  3 21:27:35 PDT 2014; root:xnu-2422.110.17~1/RELEASE_X86_64

/usr/bin/uname -p = i386
/bin/uname -X     = unknown

/bin/arch              = unknown
/usr/bin/arch -k       = unknown
/usr/convex/getsysinfo = unknown
/usr/bin/hostinfo      = Mach kernel version:
	 Darwin Kernel Version 13.3.0: Tue Jun  3 21:27:35 PDT 2014; root:xnu-2422.110.17~1/RELEASE_X86_64
Kernel configured for up to 8 processors.
4 processors are physically available.
8 processors are logically available.
Processor type: i486 (Intel 80486)
Processors active: 0 1 2 3 4 5 6 7
Primary memory available: 8.00 gigabytes
Default processor set: 222 tasks, 1425 threads, 8 processors
Load average: 2.54, Mach factor: 5.45
/bin/machine           = unknown
/usr/bin/oslevel       = unknown
/bin/universe          = unknown

PATH: /Users/prefer/bin/Sencha/Cmd/5.0.1.231
PATH: /usr/bin
PATH: /bin
PATH: /usr/sbin
PATH: /sbin
PATH: /usr/local/bin
PATH: /opt/X11/bin


## ----------- ##
## Core tests. ##
## ----------- ##

configure:2447: checking for gcc
configure:2463: found /usr/bin/gcc
configure:2474: result: gcc
configure:2703: checking for C compiler version
configure:2712: gcc --version >&5
Apple LLVM version 5.1 (clang-503.0.40) (based on LLVM 3.4svn)
Target: x86_64-apple-darwin13.3.0
Thread model: posix
Configured with: --prefix=/Library/Developer/CommandLineTools/usr --with-gxx-include-dir=/usr/include/c++/4.2.1
configure:2723: $? = 0
configure:2712: gcc -v >&5
Configured with: --prefix=/Library/Developer/CommandLineTools/usr --with-gxx-include-dir=/usr/include/c++/4.2.1
Apple LLVM version 5.1 (clang-503.0.40) (based on LLVM 3.4svn)
Target: x86_64-apple-darwin13.3.0
Thread model: posix
configure:2723: $? = 0
configure:2712: gcc -V >&5
clang: error: argument to '-V' is missing (expected 1 value)
clang: error: no input files
configure:2723: $? = 1
configure:2712: gcc -qversion >&5
clang: error: unknown argument: '-qversion' [-Wunused-command-line-argument-hard-error-in-future]
clang: note: this will be a hard error (cannot be downgraded to a warning) in the future
clang: error: no input files
configure:2723: $? = 1
configure:2743: checking whether the C compiler works
configure:2765: gcc    conftest.c  >&5
configure:2769: $? = 0
configure:2817: result: yes
configure:2820: checking for C compiler default output file name
configure:2822: result: a.out
configure:2828: checking for suffix of executables
configure:2835: gcc -o conftest    conftest.c  >&5
configure:2839: $? = 0
configure:2861: result: 
configure:2883: checking whether we are cross compiling
configure:2891: gcc -o conftest    conftest.c  >&5
configure:2895: $? = 0
configure:2902: ./conftest
configure:2906: $? = 0
configure:2921: result: no
configure:2926: checking for suffix of object files
configure:2948: gcc -c   conftest.c >&5
configure:2952: $? = 0
configure:2973: result: o
configure:2977: checking whether we are using the GNU C compiler
configure:2996: gcc -c   conftest.c >&5
configure:2996: $? = 0
configure:3005: result: yes
configure:3014: checking whether gcc accepts -g
configure:3034: gcc -c -g  conftest.c >&5
configure:3034: $? = 0
configure:3075: result: yes
configure:3092: checking for gcc option to accept ISO C89
configure:3156: gcc  -c -g -O2  conftest.c >&5
configure:3156: $? = 0
configure:3169: result: none needed
configure:3192: checking system as reported by uname -s
configure:3195: result: Darwin
configure:3198: checking machine type as reported by uname -m
configure:3201: result: x86_64
configure:3211: checking how to run the C preprocessor
configure:3242: gcc -E  conftest.c
configure:3242: $? = 0
configure:3256: gcc -E  conftest.c
conftest.c:9:10: fatal error: 'ac_nonexistent.h' file not found
#include <ac_nonexistent.h>
         ^
1 error generated.
configure:3256: $? = 1
configure: failed program was:
| /* confdefs.h */
| #define PACKAGE_NAME "mpdecimal"
| #define PACKAGE_TARNAME "mpdecimal"
| #define PACKAGE_VERSION "2.3"
| #define PACKAGE_STRING "mpdecimal 2.3"
| #define PACKAGE_BUGREPORT "mpdecimal-bugs@bytereef.org"
| #define PACKAGE_URL "http://www.bytereef.org/mpdecimal/index.html"
| /* end confdefs.h.  */
| #include <ac_nonexistent.h>
configure:3281: result: gcc -E
configure:3301: gcc -E  conftest.c
configure:3301: $? = 0
configure:3315: gcc -E  conftest.c
conftest.c:9:10: fatal error: 'ac_nonexistent.h' file not found
#include <ac_nonexistent.h>
         ^
1 error generated.
configure:3315: $? = 1
configure: failed program was:
| /* confdefs.h */
| #define PACKAGE_NAME "mpdecimal"
| #define PACKAGE_TARNAME "mpdecimal"
| #define PACKAGE_VERSION "2.3"
| #define PACKAGE_STRING "mpdecimal 2.3"
| #define PACKAGE_BUGREPORT "mpdecimal-bugs@bytereef.org"
| #define PACKAGE_URL "http://www.bytereef.org/mpdecimal/index.html"
| /* end confdefs.h.  */
| #include <ac_nonexistent.h>
configure:3344: checking for grep that handles long lines and -e
configure:3402: result: /usr/bin/grep
configure:3407: checking for egrep
configure:3469: result: /usr/bin/grep -E
configure:3474: checking for ANSI C header files
configure:3494: gcc -c   conftest.c >&5
configure:3494: $? = 0
configure:3567: gcc -o conftest    conftest.c  >&5
configure:3567: $? = 0
configure:3567: ./conftest
configure:3567: $? = 0
configure:3578: result: yes
configure:3591: checking for sys/types.h
configure:3591: gcc -c   conftest.c >&5
configure:3591: $? = 0
configure:3591: result: yes
configure:3591: checking for sys/stat.h
configure:3591: gcc -c   conftest.c >&5
configure:3591: $? = 0
configure:3591: result: yes
configure:3591: checking for stdlib.h
configure:3591: gcc -c   conftest.c >&5
configure:3591: $? = 0
configure:3591: result: yes
configure:3591: checking for string.h
configure:3591: gcc -c   conftest.c >&5
configure:3591: $? = 0
configure:3591: result: yes
configure:3591: checking for memory.h
configure:3591: gcc -c   conftest.c >&5
configure:3591: $? = 0
configure:3591: result: yes
configure:3591: checking for strings.h
configure:3591: gcc -c   conftest.c >&5
configure:3591: $? = 0
configure:3591: result: yes
configure:3591: checking for inttypes.h
configure:3591: gcc -c   conftest.c >&5
configure:3591: $? = 0
configure:3591: result: yes
configure:3591: checking for stdint.h
configure:3591: gcc -c   conftest.c >&5
configure:3591: $? = 0
configure:3591: result: yes
configure:3591: checking for unistd.h
configure:3591: gcc -c   conftest.c >&5
configure:3591: $? = 0
configure:3591: result: yes
configure:3606: checking for inttypes.h
configure:3606: result: yes
configure:3606: checking for stdint.h
configure:3606: result: yes
configure:3618: checking for size_t
configure:3618: gcc -c   conftest.c >&5
configure:3618: $? = 0
configure:3618: gcc -c   conftest.c >&5
conftest.c:57:21: error: expected expression
if (sizeof ((size_t)))
                    ^
1 error generated.
configure:3618: $? = 1
configure: failed program was:
| /* confdefs.h */
| #define PACKAGE_NAME "mpdecimal"
| #define PACKAGE_TARNAME "mpdecimal"
| #define PACKAGE_VERSION "2.3"
| #define PACKAGE_STRING "mpdecimal 2.3"
| #define PACKAGE_BUGREPORT "mpdecimal-bugs@bytereef.org"
| #define PACKAGE_URL "http://www.bytereef.org/mpdecimal/index.html"
| #define STDC_HEADERS 1
| #define HAVE_SYS_TYPES_H 1
| #define HAVE_SYS_STAT_H 1
| #define HAVE_STDLIB_H 1
| #define HAVE_STRING_H 1
| #define HAVE_MEMORY_H 1
| #define HAVE_STRINGS_H 1
| #define HAVE_INTTYPES_H 1
| #define HAVE_STDINT_H 1
| #define HAVE_UNISTD_H 1
| #define HAVE_INTTYPES_H 1
| #define HAVE_STDINT_H 1
| /* end confdefs.h.  */
| #include <stdio.h>
| #ifdef HAVE_SYS_TYPES_H
| # include <sys/types.h>
| #endif
| #ifdef HAVE_SYS_STAT_H
| # include <sys/stat.h>
| #endif
| #ifdef STDC_HEADERS
| # include <stdlib.h>
| # include <stddef.h>
| #else
| # ifdef HAVE_STDLIB_H
| #  include <stdlib.h>
| # endif
| #endif
| #ifdef HAVE_STRING_H
| # if !defined STDC_HEADERS && defined HAVE_MEMORY_H
| #  include <memory.h>
| # endif
| # include <string.h>
| #endif
| #ifdef HAVE_STRINGS_H
| # include <strings.h>
| #endif
| #ifdef HAVE_INTTYPES_H
| # include <inttypes.h>
| #endif
| #ifdef HAVE_STDINT_H
| # include <stdint.h>
| #endif
| #ifdef HAVE_UNISTD_H
| # include <unistd.h>
| #endif
| int
| main ()
| {
| if (sizeof ((size_t)))
| 	    return 0;
|   ;
|   return 0;
| }
configure:3618: result: yes
configure:3629: checking for int32_t
configure:3629: gcc -c   conftest.c >&5
configure:3629: $? = 0
configure:3629: gcc -c   conftest.c >&5
conftest.c:58:24: error: 'test_array' declared as an array with a negative size
static int test_array [1 - 2 * !((int32_t) (((((int32_t) 1 << N) << N) - 1) * 2 + 1)
                       ^~~~~~~~~~~~~~~~~~~~~~~~~~~~~~~~~~~~~~~~~~~~~~~~~~~~~~~~~~~~~
1 error generated.
configure:3629: $? = 1
configure: failed program was:
| /* confdefs.h */
| #define PACKAGE_NAME "mpdecimal"
| #define PACKAGE_TARNAME "mpdecimal"
| #define PACKAGE_VERSION "2.3"
| #define PACKAGE_STRING "mpdecimal 2.3"
| #define PACKAGE_BUGREPORT "mpdecimal-bugs@bytereef.org"
| #define PACKAGE_URL "http://www.bytereef.org/mpdecimal/index.html"
| #define STDC_HEADERS 1
| #define HAVE_SYS_TYPES_H 1
| #define HAVE_SYS_STAT_H 1
| #define HAVE_STDLIB_H 1
| #define HAVE_STRING_H 1
| #define HAVE_MEMORY_H 1
| #define HAVE_STRINGS_H 1
| #define HAVE_INTTYPES_H 1
| #define HAVE_STDINT_H 1
| #define HAVE_UNISTD_H 1
| #define HAVE_INTTYPES_H 1
| #define HAVE_STDINT_H 1
| /* end confdefs.h.  */
| #include <stdio.h>
| #ifdef HAVE_SYS_TYPES_H
| # include <sys/types.h>
| #endif
| #ifdef HAVE_SYS_STAT_H
| # include <sys/stat.h>
| #endif
| #ifdef STDC_HEADERS
| # include <stdlib.h>
| # include <stddef.h>
| #else
| # ifdef HAVE_STDLIB_H
| #  include <stdlib.h>
| # endif
| #endif
| #ifdef HAVE_STRING_H
| # if !defined STDC_HEADERS && defined HAVE_MEMORY_H
| #  include <memory.h>
| # endif
| # include <string.h>
| #endif
| #ifdef HAVE_STRINGS_H
| # include <strings.h>
| #endif
| #ifdef HAVE_INTTYPES_H
| # include <inttypes.h>
| #endif
| #ifdef HAVE_STDINT_H
| # include <stdint.h>
| #endif
| #ifdef HAVE_UNISTD_H
| # include <unistd.h>
| #endif
| 	        enum { N = 32 / 2 - 1 };
| int
| main ()
| {
| static int test_array [1 - 2 * !((int32_t) (((((int32_t) 1 << N) << N) - 1) * 2 + 1)
| 		 < (int32_t) (((((int32_t) 1 << N) << N) - 1) * 2 + 2))];
| test_array [0] = 0
| 
|   ;
|   return 0;
| }
configure:3629: result: yes
configure:3640: checking for int64_t
configure:3640: gcc -c   conftest.c >&5
configure:3640: $? = 0
configure:3640: gcc -c   conftest.c >&5
conftest.c:58:24: error: 'test_array' declared as an array with a negative size
static int test_array [1 - 2 * !((int64_t) (((((int64_t) 1 << N) << N) - 1) * 2 + 1)
                       ^~~~~~~~~~~~~~~~~~~~~~~~~~~~~~~~~~~~~~~~~~~~~~~~~~~~~~~~~~~~~
1 error generated.
configure:3640: $? = 1
configure: failed program was:
| /* confdefs.h */
| #define PACKAGE_NAME "mpdecimal"
| #define PACKAGE_TARNAME "mpdecimal"
| #define PACKAGE_VERSION "2.3"
| #define PACKAGE_STRING "mpdecimal 2.3"
| #define PACKAGE_BUGREPORT "mpdecimal-bugs@bytereef.org"
| #define PACKAGE_URL "http://www.bytereef.org/mpdecimal/index.html"
| #define STDC_HEADERS 1
| #define HAVE_SYS_TYPES_H 1
| #define HAVE_SYS_STAT_H 1
| #define HAVE_STDLIB_H 1
| #define HAVE_STRING_H 1
| #define HAVE_MEMORY_H 1
| #define HAVE_STRINGS_H 1
| #define HAVE_INTTYPES_H 1
| #define HAVE_STDINT_H 1
| #define HAVE_UNISTD_H 1
| #define HAVE_INTTYPES_H 1
| #define HAVE_STDINT_H 1
| /* end confdefs.h.  */
| #include <stdio.h>
| #ifdef HAVE_SYS_TYPES_H
| # include <sys/types.h>
| #endif
| #ifdef HAVE_SYS_STAT_H
| # include <sys/stat.h>
| #endif
| #ifdef STDC_HEADERS
| # include <stdlib.h>
| # include <stddef.h>
| #else
| # ifdef HAVE_STDLIB_H
| #  include <stdlib.h>
| # endif
| #endif
| #ifdef HAVE_STRING_H
| # if !defined STDC_HEADERS && defined HAVE_MEMORY_H
| #  include <memory.h>
| # endif
| # include <string.h>
| #endif
| #ifdef HAVE_STRINGS_H
| # include <strings.h>
| #endif
| #ifdef HAVE_INTTYPES_H
| # include <inttypes.h>
| #endif
| #ifdef HAVE_STDINT_H
| # include <stdint.h>
| #endif
| #ifdef HAVE_UNISTD_H
| # include <unistd.h>
| #endif
| 	        enum { N = 64 / 2 - 1 };
| int
| main ()
| {
| static int test_array [1 - 2 * !((int64_t) (((((int64_t) 1 << N) << N) - 1) * 2 + 1)
| 		 < (int64_t) (((((int64_t) 1 << N) << N) - 1) * 2 + 2))];
| test_array [0] = 0
| 
|   ;
|   return 0;
| }
configure:3640: result: yes
configure:3651: checking for uint32_t
configure:3651: gcc -c   conftest.c >&5
configure:3651: $? = 0
configure:3651: result: yes
configure:3665: checking for uint64_t
configure:3665: gcc -c   conftest.c >&5
configure:3665: $? = 0
configure:3665: result: yes
configure:3679: checking for __uint128_t
configure:3679: gcc -c   conftest.c >&5
configure:3679: $? = 0
configure:3679: gcc -c   conftest.c >&5
conftest.c:57:26: error: expected expression
if (sizeof ((__uint128_t)))
                         ^
1 error generated.
configure:3679: $? = 1
configure: failed program was:
| /* confdefs.h */
| #define PACKAGE_NAME "mpdecimal"
| #define PACKAGE_TARNAME "mpdecimal"
| #define PACKAGE_VERSION "2.3"
| #define PACKAGE_STRING "mpdecimal 2.3"
| #define PACKAGE_BUGREPORT "mpdecimal-bugs@bytereef.org"
| #define PACKAGE_URL "http://www.bytereef.org/mpdecimal/index.html"
| #define STDC_HEADERS 1
| #define HAVE_SYS_TYPES_H 1
| #define HAVE_SYS_STAT_H 1
| #define HAVE_STDLIB_H 1
| #define HAVE_STRING_H 1
| #define HAVE_MEMORY_H 1
| #define HAVE_STRINGS_H 1
| #define HAVE_INTTYPES_H 1
| #define HAVE_STDINT_H 1
| #define HAVE_UNISTD_H 1
| #define HAVE_INTTYPES_H 1
| #define HAVE_STDINT_H 1
| /* end confdefs.h.  */
| #include <stdio.h>
| #ifdef HAVE_SYS_TYPES_H
| # include <sys/types.h>
| #endif
| #ifdef HAVE_SYS_STAT_H
| # include <sys/stat.h>
| #endif
| #ifdef STDC_HEADERS
| # include <stdlib.h>
| # include <stddef.h>
| #else
| # ifdef HAVE_STDLIB_H
| #  include <stdlib.h>
| # endif
| #endif
| #ifdef HAVE_STRING_H
| # if !defined STDC_HEADERS && defined HAVE_MEMORY_H
| #  include <memory.h>
| # endif
| # include <string.h>
| #endif
| #ifdef HAVE_STRINGS_H
| # include <strings.h>
| #endif
| #ifdef HAVE_INTTYPES_H
| # include <inttypes.h>
| #endif
| #ifdef HAVE_STDINT_H
| # include <stdint.h>
| #endif
| #ifdef HAVE_UNISTD_H
| # include <unistd.h>
| #endif
| int
| main ()
| {
| if (sizeof ((__uint128_t)))
| 	    return 0;
|   ;
|   return 0;
| }
configure:3679: result: yes
configure:3692: checking size of size_t
configure:3697: gcc -o conftest    conftest.c  >&5
configure:3697: $? = 0
configure:3697: ./conftest
configure:3697: $? = 0
configure:3711: result: 8
configure:3725: checking size of __uint128_t
configure:3730: gcc -o conftest    conftest.c  >&5
configure:3730: $? = 0
configure:3730: ./conftest
configure:3730: $? = 0
configure:3744: result: 16
configure:3756: checking for x64 gcc inline assembler
configure:3771: gcc -c   conftest.c >&5
configure:3771: $? = 0
configure:3777: result: yes
configure:3786: checking for x87 gcc inline assembler
configure:3803: gcc -c   conftest.c >&5
configure:3803: $? = 0
configure:3809: result: yes
configure:3823: checking for gmp
configure:3841: gcc -o conftest   -lgmp conftest.c  >&5
conftest.c:27:10: fatal error: 'gmp.h' file not found
#include <gmp.h>
         ^
1 error generated.
configure:3841: $? = 1
configure: failed program was:
| /* confdefs.h */
| #define PACKAGE_NAME "mpdecimal"
| #define PACKAGE_TARNAME "mpdecimal"
| #define PACKAGE_VERSION "2.3"
| #define PACKAGE_STRING "mpdecimal 2.3"
| #define PACKAGE_BUGREPORT "mpdecimal-bugs@bytereef.org"
| #define PACKAGE_URL "http://www.bytereef.org/mpdecimal/index.html"
| #define STDC_HEADERS 1
| #define HAVE_SYS_TYPES_H 1
| #define HAVE_SYS_STAT_H 1
| #define HAVE_STDLIB_H 1
| #define HAVE_STRING_H 1
| #define HAVE_MEMORY_H 1
| #define HAVE_STRINGS_H 1
| #define HAVE_INTTYPES_H 1
| #define HAVE_STDINT_H 1
| #define HAVE_UNISTD_H 1
| #define HAVE_INTTYPES_H 1
| #define HAVE_STDINT_H 1
| #define HAVE_UINT128_T 1
| #define SIZEOF_SIZE_T 8
| #define SIZEOF___UINT128_T 16
| #define HAVE_GCC_ASM_FOR_X64 1
| #define HAVE_GCC_ASM_FOR_X87 1
| /* end confdefs.h.  */
| 
| #include <gmp.h>
| 
| int
| main ()
| {
| 
|    mpz_t x;
|    mpz_init(x);
| 
|   ;
|   return 0;
| }
configure:3867: gcc -o conftest -I/usr/local/include  -L/usr/local/lib -lgmp conftest.c  >&5
conftest.c:27:14: fatal error: 'gmp.h' file not found
    #include <gmp.h>
             ^
1 error generated.
configure:3867: $? = 1
configure: failed program was:
| /* confdefs.h */
| #define PACKAGE_NAME "mpdecimal"
| #define PACKAGE_TARNAME "mpdecimal"
| #define PACKAGE_VERSION "2.3"
| #define PACKAGE_STRING "mpdecimal 2.3"
| #define PACKAGE_BUGREPORT "mpdecimal-bugs@bytereef.org"
| #define PACKAGE_URL "http://www.bytereef.org/mpdecimal/index.html"
| #define STDC_HEADERS 1
| #define HAVE_SYS_TYPES_H 1
| #define HAVE_SYS_STAT_H 1
| #define HAVE_STDLIB_H 1
| #define HAVE_STRING_H 1
| #define HAVE_MEMORY_H 1
| #define HAVE_STRINGS_H 1
| #define HAVE_INTTYPES_H 1
| #define HAVE_STDINT_H 1
| #define HAVE_UNISTD_H 1
| #define HAVE_INTTYPES_H 1
| #define HAVE_STDINT_H 1
| #define HAVE_UINT128_T 1
| #define SIZEOF_SIZE_T 8
| #define SIZEOF___UINT128_T 16
| #define HAVE_GCC_ASM_FOR_X64 1
| #define HAVE_GCC_ASM_FOR_X87 1
| /* end confdefs.h.  */
| 
|     #include <gmp.h>
| 
| int
| main ()
| {
| 
|        mpz_t x;
|        mpz_init(x);
| 
|   ;
|   return 0;
| }
configure:3878: result: no
configure:3890: checking for -O2
configure:3906: gcc -c -O2  conftest.c >&5
configure:3906: $? = 0
configure:3912: result: yes
configure:3918: checking for glibc _FORTIFY_SOURCE/memmove bug
configure:3947: gcc -o conftest -O2 -D_FORTIFY_SOURCE=2   conftest.c  >&5
configure:3947: $? = 0
configure:3947: ./conftest
configure:3947: $? = 0
configure:3957: result: no
configure:4380: creating ./config.status

## ---------------------- ##
## Running config.status. ##
## ---------------------- ##

This file was extended by mpdecimal config.status 2.3, which was
generated by GNU Autoconf 2.68.  Invocation command line was

  CONFIG_FILES    = 
  CONFIG_HEADERS  = 
  CONFIG_LINKS    = 
  CONFIG_COMMANDS = 
  $ ./config.status 

on prefer-2.local

config.status:858: creating Makefile
config.status:858: creating tests/Makefile
config.status:858: creating mpdecimal.h
config.status:858: creating config.h
config.status:1028: config.h is unchanged

## ---------------- ##
## Cache variables. ##
## ---------------- ##

ac_cv_c_compiler_gnu=yes
ac_cv_c_int32_t=yes
ac_cv_c_int64_t=yes
ac_cv_c_uint32_t=yes
ac_cv_c_uint64_t=yes
ac_cv_env_CC_set=
ac_cv_env_CC_value=
ac_cv_env_CFLAGS_set=
ac_cv_env_CFLAGS_value=
ac_cv_env_CPPFLAGS_set=
ac_cv_env_CPPFLAGS_value=
ac_cv_env_CPP_set=
ac_cv_env_CPP_value=
ac_cv_env_LDFLAGS_set=
ac_cv_env_LDFLAGS_value=
ac_cv_env_LIBS_set=
ac_cv_env_LIBS_value=
ac_cv_env_MACHINE_set=set
ac_cv_env_MACHINE_value=universal
ac_cv_env_build_alias_set=
ac_cv_env_build_alias_value=
ac_cv_env_host_alias_set=
ac_cv_env_host_alias_value=
ac_cv_env_target_alias_set=
ac_cv_env_target_alias_value=
ac_cv_header_inttypes_h=yes
ac_cv_header_memory_h=yes
ac_cv_header_stdc=yes
ac_cv_header_stdint_h=yes
ac_cv_header_stdlib_h=yes
ac_cv_header_string_h=yes
ac_cv_header_strings_h=yes
ac_cv_header_sys_stat_h=yes
ac_cv_header_sys_types_h=yes
ac_cv_header_unistd_h=yes
ac_cv_objext=o
ac_cv_path_EGREP='/usr/bin/grep -E'
ac_cv_path_GREP=/usr/bin/grep
ac_cv_prog_CPP='gcc -E'
ac_cv_prog_ac_ct_CC=gcc
ac_cv_prog_cc_c89=
ac_cv_prog_cc_g=yes
ac_cv_sizeof___uint128_t=16
ac_cv_sizeof_size_t=8
ac_cv_type___uint128_t=yes
ac_cv_type_size_t=yes

## ----------------- ##
## Output variables. ##
## ----------------- ##


  #define ANSI
  #define ANSI
  #define ANSI
  #define ASM
  #define CONFIG_32
  #define CONFIG_32
  #define CONFIG_64
  #define CONFIG_64
  #error "cannot use CONFIG_64 or CONFIG_32 with universal header."
  #error "unknown architecture for universal build."
#elif defined(__i386__)
#elif defined(__ppc64__)
#elif defined(__x86_64__)
#else
#endif
#endif'
#if defined(CONFIG_64) || defined(CONFIG_32)
#if defined(__ppc__)
/* Mac OS X: support for building universal binaries */
AR='ar'
CC='gcc'
CFLAGS=''
CONFIGURE_CFLAGS='-Wall -W -Wno-unknown-pragmas -DUNIVERSAL -O2 -fpic -s'
CONFIGURE_LDFLAGS=''
CPP='gcc -E'
CPPFLAGS=''
DEFS='-DHAVE_CONFIG_H'
ECHO_C='\c'
ECHO_N=''
ECHO_T=''
EGREP='/usr/bin/grep -E'
EXEEXT=''
GMPDEPS=''
GMPPATH=''
GREP='/usr/bin/grep'
LD='gcc'
LDFLAGS=''
LIBOBJS=''
LIBS=''
LIBSHARED='libmpdec.so.2.3'
LTLIBOBJS=''
MACHINE='universal'
MPD_CCOV='-O0 -g -fno-inline -fprofile-arcs -ftest-coverage -fpic'
MPD_CONFIG='-DUNIVERSAL'
MPD_DPREC='18'
MPD_HEADER=''
MPD_HEADER_CONFIG='
MPD_LDCOV='-fprofile-arcs'
MPD_OPT='-O2 -fpic -s'
MPD_PGEN='-fprofile-generate -fprofile-values'
MPD_PREC='9'
MPD_PUSE='-fprofile-use -freorder-blocks'
MPD_WARN='-Wall -W -Wno-unknown-pragmas'
OBJEXT='o'
PACKAGE_BUGREPORT='mpdecimal-bugs@bytereef.org'
PACKAGE_NAME='mpdecimal'
PACKAGE_STRING='mpdecimal 2.3'
PACKAGE_TARNAME='mpdecimal'
PACKAGE_URL='http://www.bytereef.org/mpdecimal/index.html'
PACKAGE_VERSION='2.3'
PATH_SEPARATOR=':'
SHELL='/bin/sh'
ac_ct_CC='gcc'
bindir='${exec_prefix}/bin'
build_alias=''
datadir='${datarootdir}'
datarootdir='${prefix}/share'
docdir='${datarootdir}/doc/${PACKAGE_TARNAME}'
dvidir='${docdir}'
exec_prefix='${prefix}'
host_alias=''
htmldir='${docdir}'
includedir='${prefix}/include'
infodir='${datarootdir}/info'
libdir='${exec_prefix}/lib'
libexecdir='${exec_prefix}/libexec'
localedir='${datarootdir}/locale'
localstatedir='${prefix}/var'
mandir='${datarootdir}/man'
oldincludedir='/usr/include'
pdfdir='${docdir}'
prefix='/usr/local'
program_transform_name='s,x,x,'
psdir='${docdir}'
sbindir='${exec_prefix}/sbin'
sharedstatedir='${prefix}/com'
sysconfdir='${prefix}/etc'
target_alias=''

## ----------- ##
## confdefs.h. ##
## ----------- ##

/* confdefs.h */
#define PACKAGE_NAME "mpdecimal"
#define PACKAGE_TARNAME "mpdecimal"
#define PACKAGE_VERSION "2.3"
#define PACKAGE_STRING "mpdecimal 2.3"
#define PACKAGE_BUGREPORT "mpdecimal-bugs@bytereef.org"
#define PACKAGE_URL "http://www.bytereef.org/mpdecimal/index.html"
#define STDC_HEADERS 1
#define HAVE_SYS_TYPES_H 1
#define HAVE_SYS_STAT_H 1
#define HAVE_STDLIB_H 1
#define HAVE_STRING_H 1
#define HAVE_MEMORY_H 1
#define HAVE_STRINGS_H 1
#define HAVE_INTTYPES_H 1
#define HAVE_STDINT_H 1
#define HAVE_UNISTD_H 1
#define HAVE_INTTYPES_H 1
#define HAVE_STDINT_H 1
#define HAVE_UINT128_T 1
#define SIZEOF_SIZE_T 8
#define SIZEOF___UINT128_T 16
#define HAVE_GCC_ASM_FOR_X64 1
#define HAVE_GCC_ASM_FOR_X87 1

configure: exit 0
